#
# There is insufficient memory for the Java Runtime Environment to continue.
# Native memory allocation (malloc) failed to allocate 754896 bytes for Chunk::new
# Possible reasons:
#   The system is out of physical RAM or swap space
#   The process is running with CompressedOops enabled, and the Java Heap may be blocking the growth of the native heap
# Possible solutions:
#   Reduce memory load on the system
#   Increase physical memory or swap space
#   Check if swap backing store is full
#   Decrease Java heap size (-Xmx/-Xms)
#   Decrease number of Java threads
#   Decrease Java thread stack sizes (-Xss)
#   Set larger code cache with -XX:ReservedCodeCacheSize=
#   JVM is running with Zero Based Compressed Oops mode in which the Java heap is
#     placed in the first 32GB address space. The Java Heap base address is the
#     maximum limit for the native heap growth. Please use -XX:HeapBaseMinAddress
#     to set the Java Heap base and to place the Java Heap above 32GB virtual address.
# This output file may be truncated or incomplete.
#
#  Out of Memory Error (arena.cpp:189), pid=36044, tid=25220
#
# JRE version: Java(TM) SE Runtime Environment (17.0.2+8) (build 17.0.2+8-LTS-86)
# Java VM: Java HotSpot(TM) 64-Bit Server VM (17.0.2+8-LTS-86, mixed mode, sharing, tiered, compressed oops, compressed class ptrs, g1 gc, windows-amd64)
# No core dump will be written. Minidumps are not enabled by default on client versions of Windows
#

---------------  S U M M A R Y ------------

Command Line: -Dcom.sun.management.jmxremote -Dcom.sun.management.jmxremote.port=27816 -Dcom.sun.management.jmxremote.authenticate=false -Dcom.sun.management.jmxremote.ssl=false -Dspring.jmx.enabled=true -Djava.rmi.server.hostname=localhost -Dspring.application.admin.enabled=true -Dspring.boot.project.name=discovery-register-server -XX:+ShowCodeDetailsInExceptionMessages -Dmanagement.endpoints.jmx.exposure.include=* com.discovery.DiscoveryRegisterServerApplication

Host: Intel(R) Core(TM) i5-8265U CPU @ 1.60GHz, 8 cores, 23G,  Windows 11 , 64 bit Build 22621 (10.0.22621.3958)
Time: Sun Oct 13 15:55:36 2024 Paris, Madrid (heure duild 22621 (10.0.22621.3958) elapsed time: 42.178465 seconds (0d 0h 0m 42s)

---------------  T H R E A D  ---------------

Current thread (0x00000291ada18f20):  JavaThread "C2 CompilerThread0" daemon [_thread_in_native, id=25220, stack(0x000000a411100000,0x000000a411200000)]


Current CompileTask:
C2:  42178 4316       4       org.springframework.core.ResolvableType::resolveClass (74 bytes)

Stack: [0x000000a411100000,0x000000a411200000]
Native frames: (J=compiled Java code, j=interpreted, Vv=VM code, C=native code)
V  [jvm.dll+0x670baa]
V  [jvm.dll+0x7cfcb4]
V  [jvm.dll+0x7d145e]
V  [jvm.dll+0x7d1ac3]
V  [jvm.dll+0x242bc5]
V  [jvm.dll+0xaa57b]
V  [jvm.dll+0xaab0c]
V  [jvm.dll+0x2a991f]
V  [jvm.dll+0x5792d9]
V  [jvm.dll+0x21de3d]
V  [jvm.dll+0x21734f]
V  [jvm.dll+0x214fab]
V  [jvm.dll+0x1a1bbd]
V  [jvm.dll+0x224908]
V  [jvm.dll+0x222a6c]
V  [jvm.dll+0x7859bb]
V  [jvm.dll+0x77ff7a]
V  [jvm.dll+0x66fa35]
C  [ucrtbase.dll+0x29333]
C  [KERNEL32.DLL+0x1257d]
C  [ntdll.dll+0x5af08]


---------------  P R O C E S S  ---------------

Threads class SMR info:
_java_thread_list=0x00000291b18c3c40, length=22, elements={
0x00000291861b9820, 0x00000291ad9fd340, 0x00000291ad9ffe10, 0x00000291ada138d0,
0x00000291ada14190, 0x00000291ada15a60, 0x00000291ada16320, 0x00000291ada18f20,
0x00000291ae4300d0, 0x00000291ada4ab80, 0x00000291ae605c30, 0x00000291ae652140,
0x00000291aeef1a40, 0x00000291aee92810, 0x00000291aedfe1c0, 0x00000291aedbcc00,
0x00000291af34a340, 0x00000291af360c90, 0x00000291aee894a0, 0x00000291af8b9e30,
0x00000291af8b77b0, 0x00000291af8b72e0
}

Java Threads: ( => current thread )
  0x00000291861b9820 JavaThread "main" [_thread_blocked, id=10920, stack(0x000000a410400000,0x000000a410500000)]
  0x00000291ad9fd340 JavaThread "Reference Handler" daemon [_thread_blocked, id=23064, stack(0x000000a410b00000,0x000000a410c00000)]
  0x00000291ad9ffe10 JavaThread "Finalizer" daemon [_thread_blocked, id=21016, stack(0x000000a410c00000,0x000000a410d00000)]
  0x00000291ada138d0 JavaThread "Signal Dispatcher" daemon [_thread_blocked, id=35692, stack(0x000000a410d00000,0x000000a410e00000)]
  0x00000291ada14190 JavaThread "Attach Listener" daemon [_thread_blocked, id=35908, stack(0x000000a410e00000,0x000000a410f00000)]
  0x00000291ada15a60 JavaThread "Service Thread" daemon [_thread_blocked, id=13444, stack(0x000000a410f00000,0x000000a411000000)]
  0x00000291ada16320 JavaThread "Monitor Deflation Thread" daemon [_thread_blocked, id=36856, stack(0x000000a411000000,0x000000a411100000)]
=>0x00000291ada18f20 JavaThread "C2 CompilerThread0" daemon [_thread_in_native, id=25220, stack(0x000000a411100000,0x000000a411200000)]
  0x00000291ae4300d0 JavaThread "C1 CompilerThread0" daemon [_thread_blocked, id=16932, stack(0x000000a411200000,0x000000a411300000)]
  0x00000291ada4ab80 JavaThread "Sweeper thread" daemon [_thread_blocked, id=14064, stack(0x000000a411300000,0x000000a411400000)]
  0x00000291ae605c30 JavaThread "Common-Cleaner" daemon [_thread_blocked, id=20428, stack(0x000000a411400000,0x000000a411500000)]
  0x00000291ae652140 JavaThread "Notification Thread" daemon [_thread_blocked, id=24484, stack(0x000000a411500000,0x000000a411600000)]
  0x00000291aeef1a40 JavaThread "RMI TCP Accept-0" daemon [_thread_in_native, id=32428, stack(0x000000a411700000,0x000000a411800000)]
  0x00000291aee92810 JavaThread "RMI TCP Accept-27816" daemon [_thread_in_native, id=25016, stack(0x000000a411800000,0x000000a411900000)]
  0x00000291aedfe1c0 JavaThread "RMI TCP Connection(idle)" daemon [_thread_blocked, id=37600, stack(0x000000a411900000,0x000000a411a00000)]
  0x00000291aedbcc00 JavaThread "RMI TCP Accept-0" daemon [_thread_in_native, id=34888, stack(0x000000a411a00000,0x000000a411b00000)]
  0x00000291af34a340 JavaThread "RMI Scheduler(0)" daemon [_thread_blocked, id=17756, stack(0x000000a411c00000,0x000000a411d00000)]
  0x00000291af360c90 JavaThread "RMI TCP Connection(2)-127.0.0.1" daemon [_thread_in_native, id=28092, stack(0x000000a411d00000,0x000000a411e00000)]
  0x00000291aee894a0 JavaThread "JMX server connection timeout 22" daemon [_thread_blocked, id=7560, stack(0x000000a411e00000,0x000000a411f00000)]
  0x00000291af8b9e30 JavaThread "Thread-0" [_thread_blocked, id=14184, stack(0x000000a412800000,0x000000a412900000)]
  0x00000291af8b77b0 JavaThread "restartedMain" [_thread_in_Java, id=4368, stack(0x000000a412900000,0x000000a412a00000)]
  0x00000291af8b72e0 JavaThread "RMI TCP Connection(3)-127.0.0.1" daemon [_thread_in_native, id=22992, stack(0x000000a411600000,0x000000a411700000)]

Other Threads:
  0x00000291ad9f71f0 VMThread "VM Thread" [stack: 0x000000a410a00000,0x000000a410b00000] [id=38604]
  0x00000291aedc5250 WatcherThread [stack: 0x000000a411b00000,0x000000a411c00000] [id=36332]
  0x0000029186225890 GCTaskThread "GC Thread#0" [stack: 0x000000a410500000,0x000000a410600000] [id=35020]
  0x00000291aef69470 GCTaskThread "GC Thread#1" [stack: 0x000000a411f00000,0x000000a412000000] [id=37884]
  0x00000291aef69720 GCTaskThread "GC Thread#2" [stack: 0x000000a412000000,0x000000a412100000] [id=38332]
  0x00000291aef699d0 GCTaskThread "GC Thread#3" [stack: 0x000000a412100000,0x000000a412200000] [id=39784]
  0x00000291aef69c80 GCTaskThread "GC Thread#4" [stack: 0x000000a412200000,0x000000a412300000] [id=6004]
  0x00000291aef69f30 GCTaskThread "GC Thread#5" [stack: 0x000000a412300000,0x000000a412400000] [id=9312]
  0x00000291aef6a1e0 GCTaskThread "GC Thread#6" [stack: 0x000000a412400000,0x000000a412500000] [id=33672]
  0x00000291aef6a490 GCTaskThread "GC Thread#7" [stack: 0x000000a412500000,0x000000a412600000] [id=33960]
  0x0000029186232450 ConcurrentGCThread "G1 Main Marker" [stack: 0x000000a410600000,0x000000a410700000] [id=20196]
  0x0000029186232c10 ConcurrentGCThread "G1 Conc#0" [stack: 0x000000a410700000,0x000000a410800000] [id=26264]
  0x00000291ae5eaac0 ConcurrentGCThread "G1 Conc#1" [stack: 0x000000a412b00000,0x000000a412c00000] [id=25724]
  0x00000291ad8b60e0 ConcurrentGCThread "G1 Refine#0" [stack: 0x000000a410800000,0x000000a410900000] [id=35288]
  0x00000291af4fd9c0 ConcurrentGCThread "G1 Refine#1" [stack: 0x000000a412600000,0x000000a412700000] [id=26812]
  0x00000291ad8b68b0 ConcurrentGCThread "G1 Service" [stack: 0x000000a410900000,0x000000a410a00000] [id=25436]

Threads with active compile tasks:
C2 CompilerThread0    42270 4316       4       org.springframework.core.ResolvableType::resolveClass (74 bytes)

VM state: not at safepoint (normal execution)

VM Mutex/Monitor currently owned by a thread: None

Heap address: 0x0000000682400000, size: 6108 MB, Compressed Oops mode: Zero based, Oop shift amount: 3

CDS archive(s) mapped at: [0x0000000800000000-0x0000000800bc0000-0x0000000800bc0000), size 12320768, SharedBaseAddress: 0x0000000800000000, ArchiveRelocationMode: 0.
Compressed class space mapped at: 0x0000000800c00000-0x0000000840c00000, reserved size: 1073741824
Narrow klass base: 0x0000000800000000, Narrow klass shift: 0, Narrow klass range: 0x100000000

GC Precious Log:
 CPUs: 8 total, 8 available
 Memory: 24420M
 Large Page Support: Disabled
 NUMA Support: Disabled
 Compressed Oops: Enabled (Zero based)
 Heap Region Size: 4M
 Heap Min Capacity: 8M
 Heap Initial Capacity: 384M
 Heap Max Capacity: 6108M
 Pre-touch: Disabled
 Parallel Workers: 8
 Concurrent Workers: 2
 Concurrent Refinement Workers: 8
 Periodic GC: Disabled

Heap:
 garbage-first heap   total 81920K, used 22767K [0x0000000682400000, 0x0000000800000000)
  region size 4096K, 4 young (16384K), 2 survivors (8192K)
 Metaspace       used 27972K, committed 28352K, reserved 1081344K
  class space    used 3436K, committed 3648K, reserved 1048576K

Heap Regions: E=young(eden), S=young(survivor), O=old, HS=humongous(starts), HC=humongous(continues), CS=collection set, F=free, OA=open archive, CA=closed archive, TAMS=top-at-mark-start (previous, next)
|   0|0x0000000682400000, 0x0000000682800000, 0x0000000682800000|100%| O|  |TAMS 0x0000000682800000, 0x0000000682400000| Untracked 
|   1|0x0000000682800000, 0x0000000682baa600, 0x0000000682c00000| 91%| O|  |TAMS 0x0000000682baa600, 0x0000000682800000| Untracked 
|   2|0x0000000682c00000, 0x0000000682c00000, 0x0000000683000000|  0%| F|  |TAMS 0x0000000682c00000, 0x0000000682c00000| Untracked 
|   3|0x0000000683000000, 0x0000000683000000, 0x0000000683400000|  0%| F|  |TAMS 0x0000000683000000, 0x0000000683000000| Untracked 
|   4|0x0000000683400000, 0x0000000683400000, 0x0000000683800000|  0%| F|  |TAMS 0x0000000683400000, 0x0000000683400000| Untracked 
|   5|0x0000000683800000, 0x0000000683c00000, 0x0000000683c00000|100%| O|  |TAMS 0x0000000683800000, 0x0000000683800000| Untracked 
|   6|0x0000000683c00000, 0x0000000683cb5a00, 0x0000000684000000| 17%| O|  |TAMS 0x0000000683c00000, 0x0000000683c00000| Untracked 
|   7|0x0000000684000000, 0x0000000684000000, 0x0000000684400000|  0%| F|  |TAMS 0x0000000684000000, 0x0000000684000000| Untracked 
|   8|0x0000000684400000, 0x0000000684400000, 0x0000000684800000|  0%| F|  |TAMS 0x0000000684400000, 0x0000000684400000| Untracked 
|   9|0x0000000684800000, 0x00000006849dbe50, 0x0000000684c00000| 46%| S|CS|TAMS 0x0000000684800000, 0x0000000684800000| Complete 
|  10|0x0000000684c00000, 0x0000000685000000, 0x0000000685000000|100%| S|CS|TAMS 0x0000000684c00000, 0x0000000684c00000| Complete 
|  11|0x0000000685000000, 0x0000000685000000, 0x0000000685400000|  0%| F|  |TAMS 0x0000000685000000, 0x0000000685000000| Untracked 
|  12|0x0000000685400000, 0x0000000685400000, 0x0000000685800000|  0%| F|  |TAMS 0x0000000685400000, 0x0000000685400000| Untracked 
|  13|0x0000000685800000, 0x0000000685800000, 0x0000000685c00000|  0%| F|  |TAMS 0x0000000685800000, 0x0000000685800000| Untracked 
|  14|0x0000000685c00000, 0x0000000685c00000, 0x0000000686000000|  0%| F|  |TAMS 0x0000000685c00000, 0x0000000685c00000| Untracked 
|  15|0x0000000686000000, 0x0000000686000000, 0x0000000686400000|  0%| F|  |TAMS 0x0000000686000000, 0x0000000686000000| Untracked 
|  82|0x0000000696c00000, 0x0000000696c00000, 0x0000000697000000|  0%| F|  |TAMS 0x0000000696c00000, 0x0000000696c00000| Untracked 
|  83|0x0000000697000000, 0x0000000697000000, 0x0000000697400000|  0%| F|  |TAMS 0x0000000697000000, 0x0000000697000000| Untracked 
|  94|0x0000000699c00000, 0x0000000699e6b010, 0x000000069a000000| 60%| E|  |TAMS 0x0000000699c00000, 0x0000000699c00000| Complete 
|  95|0x000000069a000000, 0x000000069a400000, 0x000000069a400000|100%| E|CS|TAMS 0x000000069a000000, 0x000000069a000000| Complete 

Card table byte_map: [0x000002919d900000,0x000002919e4f0000] _byte_map_base: 0x000002919a4ee000

Marking Bits (Prev, Next): (CMBitMap*) 0x0000029186225c50, (CMBitMap*) 0x0000029186225c90
 Prev Bits: [0x000002919f0e0000, 0x00000291a5050000)
 Next Bits: [0x00000291a5050000, 0x00000291aafc0000)

Polling page: 0x0000029185960000

Metaspace:

Usage:
  Non-class:     23.96 MB used.
      Class:      3.36 MB used.
       Both:     27.32 MB used.

Virtual space:
  Non-class space:       32.00 MB reserved,      24.12 MB ( 75%) committed,  4 nodes.
      Class space:        1.00 GB reserved,       3.56 MB ( <1%) committed,  1 nodes.
             Both:        1.03 GB reserved,      27.69 MB (  3%) committed. 

Chunk freelists:
   Non-Class:  3.70 MB
       Class:  304.00 KB
        Both:  4.00 MB

MaxMetaspaceSize: unlimited
CompressedClassSpaceSize: 1.00 GB
Initial GC threshold: 21.00 MB
Current GC threshold: 39.81 MB
CDS: on
MetaspaceReclaimPolicy: balanced
 - commit_granule_bytes: 65536.
 - commit_granule_words: 8192.
 - virtual_space_node_default_size: 1048576.
 - enlarge_chunks_in_place: 1.
 - new_chunks_are_fully_committed: 0.
 - uncommit_free_chunks: 1.
 - use_allocation_guard: 0.
 - handle_deallocations: 1.


Internal statistics:

num_allocs_failed_limit: 6.
num_arena_births: 420.
num_arena_deaths: 4.
num_vsnodes_births: 5.
num_vsnodes_deaths: 0.
num_space_committed: 443.
num_space_uncommitted: 0.
num_chunks_returned_to_freelist: 11.
num_chunks_taken_from_freelist: 1407.
num_chunk_merges: 6.
num_chunk_splits: 905.
num_chunks_enlarged: 624.
num_purges: 2.
num_inconsistent_stats: 0.

CodeHeap 'non-profiled nmethods': size=120000Kb used=2549Kb max_used=2549Kb free=117450Kb
 bounds [0x00000291954b0000, 0x0000029195730000, 0x000002919c9e0000]
CodeHeap 'profiled nmethods': size=120000Kb used=9475Kb max_used=9475Kb free=110524Kb
 bounds [0x000002918df80000, 0x000002918e8d0000, 0x00000291954b0000]
CodeHeap 'non-nmethods': size=5760Kb used=1223Kb max_used=1310Kb free=4536Kb
 bounds [0x000002918d9e0000, 0x000002918dc50000, 0x000002918df80000]
 total_blobs=4820 nmethods=4292 adapters=439
 compilation: enabled
              stopped_count=0, restarted_count=0
 full_count=0

Compilation events (20 events):
Event: 41.447 Thread 0x00000291ae4300d0 nmethod 4307 0x000002919572c690 code [0x000002919572c820, 0x000002919572c8f8]
Event: 41.453 Thread 0x00000291ae4300d0 4308       3       java.io.Bits::getLong (105 bytes)
Event: 41.453 Thread 0x00000291ae4300d0 nmethod 4308 0x000002918e8be190 code [0x000002918e8be340, 0x000002918e8be5f8]
Event: 41.456 Thread 0x00000291ae4300d0 4309       3       java.io.ObjectStreamField::isPrimitive (23 bytes)
Event: 41.457 Thread 0x00000291ada18f20 4310       4       java.io.ObjectOutputStream$HandleTable::lookup (56 bytes)
Event: 41.457 Thread 0x00000291ae4300d0 nmethod 4309 0x000002918e8be790 code [0x000002918e8be980, 0x000002918e8bef08]
Event: 41.461 Thread 0x00000291ae4300d0 4311   !   3       jdk.internal.reflect.GeneratedMethodAccessor1::invoke (66 bytes)
Event: 41.462 Thread 0x00000291ae4300d0 nmethod 4311 0x000002918e8bf110 code [0x000002918e8bf340, 0x000002918e8bfa98]
Event: 41.465 Thread 0x00000291ada18f20 nmethod 4310 0x000002919572c990 code [0x000002919572cb20, 0x000002919572cd48]
Event: 41.619 Thread 0x00000291ae4300d0 4312       3       org.springframework.core.type.classreading.SimpleMetadataReaderFactory::getMetadataReader (18 bytes)
Event: 41.619 Thread 0x00000291ae4300d0 nmethod 4312 0x000002918e8bfe10 code [0x000002918e8bffc0, 0x000002918e8c0238]
Event: 41.712 Thread 0x00000291ae4300d0 4313       3       java.util.Collections$UnmodifiableRandomAccessList::<init> (6 bytes)
Event: 41.712 Thread 0x00000291ae4300d0 nmethod 4313 0x000002918e8c0390 code [0x000002918e8c0560, 0x000002918e8c0968]
Event: 41.830 Thread 0x00000291ada18f20 4314       4       sun.reflect.annotation.AnnotationType::invocationHandlerReturnType (82 bytes)
Event: 41.832 Thread 0x00000291ada18f20 nmethod 4314 0x000002919572cf10 code [0x000002919572d0a0, 0x000002919572d218]
Event: 41.895 Thread 0x00000291ada18f20 4315       4       java.util.LinkedHashMap$LinkedKeySet::size (8 bytes)
Event: 41.896 Thread 0x00000291ada18f20 nmethod 4315 0x000002919572d390 code [0x000002919572d500, 0x000002919572d598]
Event: 41.906 Thread 0x00000291ada18f20 4316       4       org.springframework.core.ResolvableType::resolveClass (74 bytes)
Event: 41.995 Thread 0x00000291ae4300d0 4318       3       java.lang.Boolean::hashCode (8 bytes)
Event: 41.995 Thread 0x00000291ae4300d0 nmethod 4318 0x000002918e8c0a90 code [0x000002918e8c0c40, 0x000002918e8c0e38]

GC Heap History (12 events):
Event: 4.273 GC heap before
{Heap before GC invocations=0 (full 0):
 garbage-first heap   total 393216K, used 16384K [0x0000000682400000, 0x0000000800000000)
  region size 4096K, 5 young (20480K), 0 survivors (0K)
 Metaspace       used 6124K, committed 6336K, reserved 1056768K
  class space    used 676K, committed 768K, reserved 1048576K
}
Event: 4.334 GC heap after
{Heap after GC invocations=1 (full 0):
 garbage-first heap   total 393216K, used 7802K [0x0000000682400000, 0x0000000800000000)
  region size 4096K, 1 young (4096K), 1 survivors (4096K)
 Metaspace       used 6124K, committed 6336K, reserved 1056768K
  class space    used 676K, committed 768K, reserved 1048576K
}
Event: 5.576 GC heap before
{Heap before GC invocations=1 (full 0):
 garbage-first heap   total 393216K, used 15994K [0x0000000682400000, 0x0000000800000000)
  region size 4096K, 4 young (16384K), 1 survivors (4096K)
 Metaspace       used 8727K, committed 9024K, reserved 1064960K
  class space    used 1015K, committed 1152K, reserved 1048576K
}
Event: 5.589 GC heap after
{Heap after GC invocations=2 (full 0):
 garbage-first heap   total 393216K, used 9835K [0x0000000682400000, 0x0000000800000000)
  region size 4096K, 1 young (4096K), 1 survivors (4096K)
 Metaspace       used 8727K, committed 9024K, reserved 1064960K
  class space    used 1015K, committed 1152K, reserved 1048576K
}
Event: 16.437 GC heap before
{Heap before GC invocations=2 (full 0):
 garbage-first heap   total 393216K, used 42603K [0x0000000682400000, 0x0000000800000000)
  region size 4096K, 9 young (36864K), 1 survivors (4096K)
 Metaspace       used 13155K, committed 13440K, reserved 1064960K
  class space    used 1609K, committed 1728K, reserved 1048576K
}
Event: 16.450 GC heap after
{Heap after GC invocations=3 (full 0):
 garbage-first heap   total 393216K, used 10558K [0x0000000682400000, 0x0000000800000000)
  region size 4096K, 1 young (4096K), 1 survivors (4096K)
 Metaspace       used 13155K, committed 13440K, reserved 1064960K
  class space    used 1609K, committed 1728K, reserved 1048576K
}
Event: 22.062 GC heap before
{Heap before GC invocations=3 (full 0):
 garbage-first heap   total 393216K, used 51518K [0x0000000682400000, 0x0000000800000000)
  region size 4096K, 12 young (49152K), 1 survivors (4096K)
 Metaspace       used 21224K, committed 21504K, reserved 1073152K
  class space    used 2602K, committed 2752K, reserved 1048576K
}
Event: 22.083 GC heap after
{Heap after GC invocations=4 (full 0):
 garbage-first heap   total 393216K, used 13498K [0x0000000682400000, 0x0000000800000000)
  region size 4096K, 2 young (8192K), 2 survivors (8192K)
 Metaspace       used 21224K, committed 21504K, reserved 1073152K
  class space    used 2602K, committed 2752K, reserved 1048576K
}
Event: 31.709 GC heap before
{Heap before GC invocations=5 (full 0):
 garbage-first heap   total 81920K, used 62650K [0x0000000682400000, 0x0000000800000000)
  region size 4096K, 15 young (61440K), 2 survivors (8192K)
 Metaspace       used 24031K, committed 24384K, reserved 1073152K
  class space    used 2889K, committed 3072K, reserved 1048576K
}
Event: 31.727 GC heap after
{Heap after GC invocations=6 (full 0):
 garbage-first heap   total 81920K, used 16172K [0x0000000682400000, 0x0000000800000000)
  region size 4096K, 3 young (12288K), 3 survivors (12288K)
 Metaspace       used 24031K, committed 24384K, reserved 1073152K
  class space    used 2889K, committed 3072K, reserved 1048576K
}
Event: 39.947 GC heap before
{Heap before GC invocations=7 (full 0):
 garbage-first heap   total 81920K, used 53036K [0x0000000682400000, 0x0000000800000000)
  region size 4096K, 12 young (49152K), 3 survivors (12288K)
 Metaspace       used 27657K, committed 28032K, reserved 1081344K
  class space    used 3379K, committed 3584K, reserved 1048576K
}
Event: 39.966 GC heap after
{Heap after GC invocations=8 (full 0):
 garbage-first heap   total 81920K, used 18671K [0x0000000682400000, 0x0000000800000000)
  region size 4096K, 2 young (8192K), 2 survivors (8192K)
 Metaspace       used 27657K, committed 28032K, reserved 1081344K
  class space    used 3379K, committed 3584K, reserved 1048576K
}

Deoptimization events (20 events):
Event: 39.705 Thread 0x00000291af8b77b0 Uncommon trap: trap_request=0xffffff45 fr.pc=0x0000029195702658 relative=0x0000000000002bb8
Event: 39.706 Thread 0x00000291af8b77b0 Uncommon trap: reason=unstable_if action=reinterpret pc=0x0000029195702658 method=org.springframework.beans.factory.support.DefaultListableBeanFactory.doGetBeanNamesForType(Lorg/springframework/core/ResolvableType;ZZ)[Ljava/lang/String; @ 148 c2
Event: 39.706 Thread 0x00000291af8b77b0 DEOPT PACKING pc=0x0000029195702658 sp=0x000000a4129fd930
Event: 39.706 Thread 0x00000291af8b77b0 DEOPT UNPACKING pc=0x000002918da323a3 sp=0x000000a4129fd8e8 mode 2
Event: 39.977 Thread 0x00000291af8b77b0 Uncommon trap: trap_request=0xffffff45 fr.pc=0x00000291956f57e0 relative=0x0000000000000240
Event: 39.977 Thread 0x00000291af8b77b0 Uncommon trap: reason=unstable_if action=reinterpret pc=0x00000291956f57e0 method=org.springframework.core.annotation.TypeMappedAnnotation.adaptForAttribute(Ljava/lang/reflect/Method;Ljava/lang/Object;)Ljava/lang/Object; @ 78 c2
Event: 39.977 Thread 0x00000291af8b77b0 DEOPT PACKING pc=0x00000291956f57e0 sp=0x000000a4129fdf80
Event: 39.977 Thread 0x00000291af8b77b0 DEOPT UNPACKING pc=0x000002918da323a3 sp=0x000000a4129fdec8 mode 2
Event: 39.977 Thread 0x00000291af8b77b0 Uncommon trap: trap_request=0xffffff45 fr.pc=0x00000291956fa400 relative=0x00000000000000c0
Event: 39.977 Thread 0x00000291af8b77b0 Uncommon trap: reason=unstable_if action=reinterpret pc=0x00000291956fa400 method=org.springframework.core.annotation.TypeMappedAnnotation.getAdaptType(Ljava/lang/reflect/Method;Ljava/lang/Class;)Ljava/lang/Class; @ 37 c2
Event: 39.977 Thread 0x00000291af8b77b0 DEOPT PACKING pc=0x00000291956fa400 sp=0x000000a4129fdf20
Event: 39.977 Thread 0x00000291af8b77b0 DEOPT UNPACKING pc=0x000002918da323a3 sp=0x000000a4129fdec8 mode 2
Event: 39.978 Thread 0x00000291af8b77b0 Uncommon trap: trap_request=0xffffff45 fr.pc=0x00000291956e1140 relative=0x0000000000000120
Event: 39.978 Thread 0x00000291af8b77b0 Uncommon trap: reason=unstable_if action=reinterpret pc=0x00000291956e1140 method=org.springframework.core.annotation.TypeMappedAnnotation.adaptValueForMapOptions(Ljava/lang/reflect/Method;Ljava/lang/Object;Ljava/lang/Class;Ljava/util/function/Function;[L
Event: 39.978 Thread 0x00000291af8b77b0 DEOPT PACKING pc=0x00000291956e1140 sp=0x000000a4129fe040
Event: 39.978 Thread 0x00000291af8b77b0 DEOPT UNPACKING pc=0x000002918da323a3 sp=0x000000a4129fdfa8 mode 2
Event: 40.210 Thread 0x00000291af8b77b0 Uncommon trap: trap_request=0xffffff45 fr.pc=0x00000291956fb984 relative=0x0000000000000204
Event: 40.210 Thread 0x00000291af8b77b0 Uncommon trap: reason=unstable_if action=reinterpret pc=0x00000291956fb984 method=org.springframework.core.annotation.TypeMappedAnnotation.adaptForAttribute(Ljava/lang/reflect/Method;Ljava/lang/Object;)Ljava/lang/Object; @ 78 c2
Event: 40.210 Thread 0x00000291af8b77b0 DEOPT PACKING pc=0x00000291956fb984 sp=0x000000a4129fdd30
Event: 40.210 Thread 0x00000291af8b77b0 DEOPT UNPACKING pc=0x000002918da323a3 sp=0x000000a4129fdcd8 mode 2

Classes unloaded (2 events):
Event: 22.298 Thread 0x00000291ad9f71f0 Unloading class 0x0000000800c82800 'java/lang/invoke/LambdaForm$MH+0x0000000800c82800'
Event: 22.298 Thread 0x00000291ad9f71f0 Unloading class 0x0000000800c81c00 'java/lang/invoke/LambdaForm$MH+0x0000000800c81c00'

Classes redefined (0 events):
No events

Internal exceptions (20 events):
Event: 41.427 Thread 0x00000291af8b72e0 Exception <a 'java/lang/ClassNotFoundException'{0x000000069a32ff40}: org/springframework/context/support/LiveBeansView> (0x000000069a32ff40) 
thrown [t:\workspace\open\src\hotspot\share\classfile\systemDictionary.cpp, line 256]
Event: 41.427 Thread 0x00000291af8b72e0 Exception <a 'java/lang/ClassNotFoundException'{0x000000069a3302f0}: org/springframework/context/support/LiveBeansView> (0x000000069a3302f0) 
thrown [t:\workspace\open\src\hotspot\share\classfile\systemDictionary.cpp, line 256]
Event: 41.427 Thread 0x00000291af8b72e0 Exception <a 'java/lang/ClassNotFoundException'{0x000000069a330698}: org/springframework/context/support/LiveBeansView> (0x000000069a330698) 
thrown [t:\workspace\open\src\hotspot\share\classfile\systemDictionary.cpp, line 256]
Event: 41.427 Thread 0x00000291af8b72e0 Exception <a 'java/lang/ClassNotFoundException'{0x000000069a330a58}: org/springframework/context/support/LiveBeansView> (0x000000069a330a58) 
thrown [t:\workspace\open\src\hotspot\share\classfile\systemDictionary.cpp, line 256]
Event: 41.427 Thread 0x00000291af8b72e0 Exception <a 'java/lang/ClassNotFoundException'{0x000000069a330e00}: org/springframework/context/support/LiveBeansView> (0x000000069a330e00) 
thrown [t:\workspace\open\src\hotspot\share\classfile\systemDictionary.cpp, line 256]
Event: 41.427 Thread 0x00000291af8b72e0 Exception <a 'java/lang/ClassNotFoundException'{0x000000069a3311c0}: org/springframework/context/support/LiveBeansView> (0x000000069a3311c0) 
thrown [t:\workspace\open\src\hotspot\share\classfile\systemDictionary.cpp, line 256]
Event: 41.427 Thread 0x00000291af8b72e0 Exception <a 'java/lang/ClassNotFoundException'{0x000000069a331578}: org/springframework/context/support/LiveBeansView> (0x000000069a331578) 
thrown [t:\workspace\open\src\hotspot\share\classfile\systemDictionary.cpp, line 256]
Event: 41.427 Thread 0x00000291af8b72e0 Exception <a 'java/lang/ClassNotFoundException'{0x000000069a331928}: org/springframework/context/support/LiveBeansView> (0x000000069a331928) 
thrown [t:\workspace\open\src\hotspot\share\classfile\systemDictionary.cpp, line 256]
Event: 41.427 Thread 0x00000291af8b72e0 Exception <a 'java/lang/ClassNotFoundException'{0x000000069a331cf0}: org/springframework/context/support/LiveBeansView> (0x000000069a331cf0) 
thrown [t:\workspace\open\src\hotspot\share\classfile\systemDictionary.cpp, line 256]
Event: 41.427 Thread 0x00000291af8b72e0 Exception <a 'java/lang/ClassNotFoundException'{0x000000069a3320b0}: org/springframework/context/support/LiveBeansView> (0x000000069a3320b0) 
thrown [t:\workspace\open\src\hotspot\share\classfile\systemDictionary.cpp, line 256]
Event: 41.427 Thread 0x00000291af8b72e0 Exception <a 'java/lang/ClassNotFoundException'{0x000000069a332470}: org/springframework/context/support/LiveBeansView> (0x000000069a332470) 
thrown [t:\workspace\open\src\hotspot\share\classfile\systemDictionary.cpp, line 256]
Event: 41.427 Thread 0x00000291af8b72e0 Exception <a 'java/lang/ClassNotFoundException'{0x000000069a332830}: org/springframework/context/support/LiveBeansView> (0x000000069a332830) 
thrown [t:\workspace\open\src\hotspot\share\classfile\systemDictionary.cpp, line 256]
Event: 41.427 Thread 0x00000291af8b72e0 Exception <a 'java/lang/ClassNotFoundException'{0x000000069a332bd0}: org/springframework/context/support/LiveBeansView> (0x000000069a332bd0) 
thrown [t:\workspace\open\src\hotspot\share\classfile\systemDictionary.cpp, line 256]
Event: 41.427 Thread 0x00000291af8b72e0 Exception <a 'java/lang/ClassNotFoundException'{0x000000069a332f88}: org/springframework/context/support/LiveBeansView> (0x000000069a332f88) 
thrown [t:\workspace\open\src\hotspot\share\classfile\systemDictionary.cpp, line 256]
Event: 41.427 Thread 0x00000291af8b72e0 Exception <a 'java/lang/ClassNotFoundException'{0x000000069a333330}: org/springframework/context/support/LiveBeansView> (0x000000069a333330) 
thrown [t:\workspace\open\src\hotspot\share\classfile\systemDictionary.cpp, line 256]
Event: 41.446 Thread 0x00000291af8b72e0 Exception <a 'java/lang/ClassNotFoundException'{0x000000069a37ca10}: org/springframework/context/support/LiveBeansView> (0x000000069a37ca10) 
thrown [t:\workspace\open\src\hotspot\share\classfile\systemDictionary.cpp, line 256]
Event: 41.446 Thread 0x00000291af8b72e0 Exception <a 'java/lang/ClassNotFoundException'{0x000000069a37cdd8}: org/springframework/context/support/LiveBeansView> (0x000000069a37cdd8) 
thrown [t:\workspace\open\src\hotspot\share\classfile\systemDictionary.cpp, line 256]
Event: 41.446 Thread 0x00000291af8b72e0 Exception <a 'java/lang/ClassNotFoundException'{0x000000069a37d188}: org/springframework/context/support/LiveBeansView> (0x000000069a37d188) 
thrown [t:\workspace\open\src\hotspot\share\classfile\systemDictionary.cpp, line 256]
Event: 41.446 Thread 0x00000291af8b72e0 Exception <a 'java/lang/ClassNotFoundException'{0x000000069a37d538}: org/springframework/context/support/LiveBeansView> (0x000000069a37d538) 
thrown [t:\workspace\open\src\hotspot\share\classfile\systemDictionary.cpp, line 256]
Event: 41.454 Thread 0x00000291af8b72e0 Exception <a 'java/lang/reflect/InvocationTargetException'{0x000000069a380d78}> (0x000000069a380d78) 
thrown [t:\workspace\open\src\hotspot\share\runtime\reflection.cpp, line 1121]

VM Operations (20 events):
Event: 32.762 Executing VM operation: Cleanup
Event: 32.762 Executing VM operation: Cleanup done
Event: 33.763 Executing VM operation: Cleanup
Event: 33.779 Executing VM operation: Cleanup done
Event: 34.562 Executing VM operation: ICBufferFull
Event: 34.562 Executing VM operation: ICBufferFull done
Event: 35.563 Executing VM operation: Cleanup
Event: 35.563 Executing VM operation: Cleanup done
Event: 36.564 Executing VM operation: Cleanup
Event: 36.564 Executing VM operation: Cleanup done
Event: 37.565 Executing VM operation: Cleanup
Event: 37.570 Executing VM operation: Cleanup done
Event: 38.571 Executing VM operation: Cleanup
Event: 38.624 Executing VM operation: Cleanup done
Event: 39.625 Executing VM operation: Cleanup
Event: 39.626 Executing VM operation: Cleanup done
Event: 39.947 Executing VM operation: G1CollectForAllocation
Event: 39.968 Executing VM operation: G1CollectForAllocation done
Event: 41.971 Executing VM operation: Cleanup
Event: 41.971 Executing VM operation: Cleanup done

Events (20 events):
Event: 22.681 Thread 0x00000291af8b8620 Thread exited: 0x00000291af8b8620
Event: 23.039 Thread 0x00000291aee36e10 Thread exited: 0x00000291aee36e10
Event: 23.581 Thread 0x00000291afe7fef0 Thread added: 0x00000291afe7fef0
Event: 24.805 Thread 0x00000291afe7fef0 Thread exited: 0x00000291afe7fef0
Event: 26.080 Thread 0x00000291b21b2c20 Thread added: 0x00000291b21b2c20
Event: 28.173 Thread 0x00000291b21b2c20 Thread exited: 0x00000291b21b2c20
Event: 29.249 Thread 0x00000291b21b2c20 Thread added: 0x00000291b21b2c20
Event: 30.255 Thread 0x00000291b21b2c20 Thread exited: 0x00000291b21b2c20
Event: 32.887 Thread 0x00000291b1220530 Thread added: 0x00000291b1220530
Event: 33.638 Thread 0x00000291b1220530 Thread exited: 0x00000291b1220530
Event: 36.842 Thread 0x00000291aeeeb510 Thread added: 0x00000291aeeeb510
Event: 36.993 loading class jdk/internal/access/foreign/MemorySegmentProxy
Event: 36.993 loading class jdk/internal/access/foreign/MemorySegmentProxy done
Event: 37.203 Thread 0x00000291aeeeb510 Thread exited: 0x00000291aeeeb510
Event: 38.047 Thread 0x00000291aeeeb510 Thread added: 0x00000291aeeeb510
Event: 38.544 Thread 0x00000291aeeeb510 Thread exited: 0x00000291aeeeb510
Event: 38.708 loading class java/io/FileFilter
Event: 38.710 loading class java/io/FileFilter done
Event: 40.385 Thread 0x00000291b134dc70 Thread added: 0x00000291b134dc70
Event: 41.393 Thread 0x00000291b134dc70 Thread exited: 0x00000291b134dc70


Dynamic libraries:
0x00007ff617480000 - 0x00007ff617490000 	C:\Program Files\Java\jdk-17.0.2\bin\java.exe
0x00007ff8783b0000 - 0x00007ff8785c7000 	C:\WINDOWS\SYSTEM32\ntdll.dll
0x00007ff877860000 - 0x00007ff877924000 	C:\WINDOWS\System32\KERNEL32.DLL
0x00007ff875d20000 - 0x00007ff8760d7000 	C:\WINDOWS\System32\KERNELBASE.dll
0x00007ff875c00000 - 0x00007ff875d11000 	C:\WINDOWS\System32\ucrtbase.dll
0x00007ff858b10000 - 0x00007ff858b2a000 	C:\Program Files\Java\jdk-17.0.2\bin\VCRUNTIME140.dll
0x00007ff85fbe0000 - 0x00007ff85fbf8000 	C:\Program Files\Java\jdk-17.0.2\bin\jli.dll
0x00007ff876240000 - 0x00007ff8762f2000 	C:\WINDOWS\System32\ADVAPI32.dll
0x00007ff877950000 - 0x00007ff8779f7000 	C:\WINDOWS\System32\msvcrt.dll
0x00007ff877c50000 - 0x00007ff877cf8000 	C:\WINDOWS\System32\sechost.dll
0x00007ff8757d0000 - 0x00007ff8757f8000 	C:\WINDOWS\System32\bcrypt.dll
0x00007ff877220000 - 0x00007ff877334000 	C:\WINDOWS\System32\RPCRT4.dll
0x00007ff876300000 - 0x00007ff8764af000 	C:\WINDOWS\System32\USER32.dll
0x00007ff875ab0000 - 0x00007ff875ad6000 	C:\WINDOWS\System32\win32u.dll
0x00007ff860c30000 - 0x00007ff860ec3000 	C:\WINDOWS\WinSxS\amd64_microsoft.windows.common-controls_6595b64144ccf1df_6.0.22621.3672_none_2713b9d173822955\COMCTL32.dll
0x00007ff877160000 - 0x00007ff877189000 	C:\WINDOWS\System32\GDI32.dll
0x00007ff875ae0000 - 0x00007ff875bf8000 	C:\WINDOWS\System32\gdi32full.dll
0x00007ff875730000 - 0x00007ff8757ca000 	C:\WINDOWS\System32\msvcp_win.dll
0x00007ff86e650000 - 0x00007ff86e65a000 	C:\WINDOWS\SYSTEM32\VERSION.dll
0x00007ff877340000 - 0x00007ff877371000 	C:\WINDOWS\System32\IMM32.DLL
0x00007ff86eb20000 - 0x00007ff86eb2c000 	C:\Program Files\Java\jdk-17.0.2\bin\vcruntime140_1.dll
0x00007ff805060000 - 0x00007ff8050ed000 	C:\Program Files\Java\jdk-17.0.2\bin\msvcp140.dll
0x00007ff804490000 - 0x00007ff805051000 	C:\Program Files\Java\jdk-17.0.2\bin\server\jvm.dll
0x00007ff877150000 - 0x00007ff877158000 	C:\WINDOWS\System32\PSAPI.DLL
0x00007ff86d7e0000 - 0x00007ff86d7e9000 	C:\WINDOWS\SYSTEM32\WSOCK32.dll
0x00007ff877a00000 - 0x00007ff877a71000 	C:\WINDOWS\System32\WS2_32.dll
0x00007ff86dd50000 - 0x00007ff86dd84000 	C:\WINDOWS\SYSTEM32\WINMM.dll
0x00007ff8747c0000 - 0x00007ff8747d8000 	C:\WINDOWS\SYSTEM32\kernel.appcore.dll
0x00007ff86a590000 - 0x00007ff86a59a000 	C:\Program Files\Java\jdk-17.0.2\bin\jimage.dll
0x00007ff872ec0000 - 0x00007ff8730f2000 	C:\WINDOWS\SYSTEM32\DBGHELP.DLL
0x00007ff877fd0000 - 0x00007ff87835e000 	C:\WINDOWS\System32\combase.dll
0x00007ff876510000 - 0x00007ff8765e7000 	C:\WINDOWS\System32\OLEAUT32.dll
0x00007ff860ee0000 - 0x00007ff860f12000 	C:\WINDOWS\SYSTEM32\dbgcore.DLL
0x00007ff875970000 - 0x00007ff8759eb000 	C:\WINDOWS\System32\bcryptPrimitives.dll
0x00007ff834200000 - 0x00007ff834225000 	C:\Program Files\Java\jdk-17.0.2\bin\java.dll
0x00007ff8043b0000 - 0x00007ff804486000 	C:\Program Files\Java\jdk-17.0.2\bin\jsvml.dll
0x00007ff8766e0000 - 0x00007ff876f49000 	C:\WINDOWS\System32\SHELL32.dll
0x00007ff8735e0000 - 0x00007ff873edf000 	C:\WINDOWS\SYSTEM32\windows.storage.dll
0x00007ff8734a0000 - 0x00007ff8735df000 	C:\WINDOWS\SYSTEM32\wintypes.dll
0x00007ff876f50000 - 0x00007ff877049000 	C:\WINDOWS\System32\SHCORE.dll
0x00007ff8765f0000 - 0x00007ff87664e000 	C:\WINDOWS\System32\shlwapi.dll
0x00007ff8755f0000 - 0x00007ff875617000 	C:\WINDOWS\SYSTEM32\profapi.dll
0x00007ff832ae0000 - 0x00007ff832af9000 	C:\Program Files\Java\jdk-17.0.2\bin\net.dll
0x00007ff86e9c0000 - 0x00007ff86eaf6000 	C:\WINDOWS\SYSTEM32\WINHTTP.dll
0x00007ff874c20000 - 0x00007ff874c89000 	C:\WINDOWS\system32\mswsock.dll
0x00007ff832ac0000 - 0x00007ff832ad6000 	C:\Program Files\Java\jdk-17.0.2\bin\nio.dll
0x00007ff837280000 - 0x00007ff837298000 	C:\Program Files\Java\jdk-17.0.2\bin\zip.dll
0x00007ff8341f0000 - 0x00007ff8341f9000 	C:\Program Files\Java\jdk-17.0.2\bin\management.dll
0x00007ff8341e0000 - 0x00007ff8341eb000 	C:\Program Files\Java\jdk-17.0.2\bin\management_ext.dll
0x00007ff843e80000 - 0x00007ff843e97000 	C:\WINDOWS\system32\napinsp.dll
0x00007ff834150000 - 0x00007ff83416b000 	C:\WINDOWS\system32\pnrpnsp.dll
0x00007ff874230000 - 0x00007ff874332000 	C:\WINDOWS\SYSTEM32\DNSAPI.dll
0x00007ff8741c0000 - 0x00007ff8741ed000 	C:\WINDOWS\SYSTEM32\IPHLPAPI.DLL
0x00007ff877190000 - 0x00007ff877199000 	C:\WINDOWS\System32\NSI.dll
0x00007ff834130000 - 0x00007ff834141000 	C:\WINDOWS\System32\winrnr.dll
0x00007ff86d440000 - 0x00007ff86d455000 	C:\WINDOWS\system32\wshbth.dll
0x00007ff834100000 - 0x00007ff834127000 	C:\WINDOWS\system32\nlansp_c.dll
0x00007ff86b6a0000 - 0x00007ff86b6aa000 	C:\Windows\System32\rasadhlp.dll
0x00007ff86d480000 - 0x00007ff86d503000 	C:\WINDOWS\System32\fwpuclnt.dll
0x00007ff874f70000 - 0x00007ff874f8b000 	C:\WINDOWS\SYSTEM32\CRYPTSP.dll
0x00007ff874720000 - 0x00007ff874755000 	C:\WINDOWS\system32\rsaenh.dll
0x00007ff874cc0000 - 0x00007ff874ce8000 	C:\WINDOWS\SYSTEM32\USERENV.dll
0x00007ff874f50000 - 0x00007ff874f5c000 	C:\WINDOWS\SYSTEM32\CRYPTBASE.dll
0x00007ff86f200000 - 0x00007ff86f219000 	C:\WINDOWS\SYSTEM32\dhcpcsvc6.DLL
0x00007ff86e970000 - 0x00007ff86e98f000 	C:\WINDOWS\SYSTEM32\dhcpcsvc.DLL
0x00007ff816050000 - 0x00007ff81605e000 	C:\Program Files\Java\jdk-17.0.2\bin\sunmscapi.dll
0x00007ff875800000 - 0x00007ff875966000 	C:\WINDOWS\System32\CRYPT32.dll
0x00007ff875080000 - 0x00007ff8750ad000 	C:\WINDOWS\SYSTEM32\ncrypt.dll
0x00007ff875040000 - 0x00007ff875077000 	C:\WINDOWS\SYSTEM32\NTASN1.dll

dbghelp: loaded successfully - version: 4.0.5 - missing functions: none
symbol engine: initialized successfully - sym options: 0x614 - pdb path: .;C:\Program Files\Java\jdk-17.0.2\bin;C:\WINDOWS\SYSTEM32;C:\WINDOWS\WinSxS\amd64_microsoft.windows.common-controls_6595b64144ccf1df_6.0.22621.3672_none_2713b9d173822955;C:\Program Files\Java\jdk-17.0.2\bin\server

VM Arguments:
jvm_args: -Dcom.sun.management.jmxremote -Dcom.sun.management.jmxremote.port=27816 -Dcom.sun.management.jmxremote.authenticate=false -Dcom.sun.management.jmxremote.ssl=false -Dspring.jmx.enabled=true -Djava.rmi.server.hostname=localhost -Dspring.application.admin.enabled=true -Dspring.boot.project.name=discovery-register-server -XX:+ShowCodeDetailsInExceptionMessages -Dmanagement.endpoints.jmx.exposure.include=* 
java_command: com.discovery.DiscoveryRegisterServerApplication
java_class_path (initial): D:\_IT\Dev\Programmation JAVA\Projects\online-shopping-microservices-architectures\discovery-register-server\target\classes;C:\Users\ousse\.m2\repository\org\springframework\cloud\spring-cloud-starter-netflix-eureka-server\4.1.3\spring-cloud-starter-netflix-eureka-server-4.1.3.jar;C:\Users\ousse\.m2\repository\org\springframework\cloud\spring-cloud-starter\4.1.4\spring-cloud-starter-4.1.4.jar;C:\Users\ousse\.m2\repository\org\springframework\cloud\spring-cloud-context\4.1.4\spring-cloud-context-4.1.4.jar;C:\Users\ousse\.m2\repository\org\springframework\security\spring-security-crypto\6.3.3\spring-security-crypto-6.3.3.jar;C:\Users\ousse\.m2\repository\org\springframework\cloud\spring-cloud-commons\4.1.4\spring-cloud-commons-4.1.4.jar;C:\Users\ousse\.m2\repository\org\springframework\security\spring-security-rsa\1.1.3\spring-security-rsa-1.1.3.jar;C:\Users\ousse\.m2\repository\org\bouncycastle\bcprov-jdk18on\1.78\bcprov-jdk18on-1.78.jar;C:\Users\ousse\.m2\repository\org\springframework\cloud\spring-cloud-netflix-eureka-server\4.1.3\spring-cloud-netflix-eureka-server-4.1.3.jar;C:\Users\ousse\.m2\repository\org\springframework\boot\spring-boot-starter-freemarker\3.3.3\spring-boot-starter-freemarker-3.3.3.jar;C:\Users\ousse\.m2\repository\org\freemarker\freemarker\2.3.33\freemarker-2.3.33.jar;C:\Users\ousse\.m2\repository\org\springframework\spring-context-support\6.1.12\spring-context-support-6.1.12.jar;C:\Users\ousse\.m2\repository\org\springframework\cloud\spring-cloud-netflix-eureka-client\4.1.3\spring-cloud-netflix-eureka-client-4.1.3.jar;C:\Users\ousse\.m2\repository\com\netflix\eureka\eureka-client\2.0.3\eureka-client-2.0.3.jar;C:\Users\ousse\.m2\repository\com\thoughtworks\xstream\xstream\1.4.20\xstream-1.4.20.jar;C:\Users\ousse\.m2\repository\io\github\x-stream\mxparser\1.2.2\mxparser-1.2.2.jar;C:\Users\ousse\.m2\repository\xmlpull\xmlpull\1.1.3.1\xmlpull-1.1.3.1.jar;C:\Users\ousse\.m2\repository\com\netflix\spectator\spectator-api
Launcher Type: SUN_STANDARD

[Global flags]
     intx CICompilerCount                          = 4                                         {product} {ergonomic}
     uint ConcGCThreads                            = 2                                         {product} {ergonomic}
     uint G1ConcRefinementThreads                  = 8                                         {product} {ergonomic}
   size_t G1HeapRegionSize                         = 4194304                                   {product} {ergonomic}
    uintx GCDrainStackTargetSize                   = 64                                        {product} {ergonomic}
   size_t InitialHeapSize                          = 402653184                                 {product} {ergonomic}
     bool ManagementServer                         = true                                      {product} {command line}
   size_t MarkStackSize                            = 4194304                                   {product} {ergonomic}
   size_t MaxHeapSize                              = 6404702208                                {product} {ergonomic}
   size_t MaxNewSize                               = 3841982464                                {product} {ergonomic}
   size_t MinHeapDeltaBytes                        = 4194304                                   {product} {ergonomic}
   size_t MinHeapSize                              = 8388608                                   {product} {ergonomic}
    uintx NonNMethodCodeHeapSize                   = 5839372                                {pd product} {ergonomic}
    uintx NonProfiledCodeHeapSize                  = 122909434                              {pd product} {ergonomic}
    uintx ProfiledCodeHeapSize                     = 122909434                              {pd product} {ergonomic}
    uintx ReservedCodeCacheSize                    = 251658240                              {pd product} {ergonomic}
     bool SegmentedCodeCache                       = true                                      {product} {ergonomic}
     bool ShowCodeDetailsInExceptionMessages       = true                                   {manageable} {command line}
   size_t SoftMaxHeapSize                          = 6404702208                             {manageable} {ergonomic}
     bool UseCompressedClassPointers               = true                           {product lp64_product} {ergonomic}
     bool UseCompressedOops                        = true                           {product lp64_product} {ergonomic}
     bool UseG1GC                                  = true                                      {product} {ergonomic}
     bool UseLargePagesIndividualAllocation        = false                                  {pd product} {ergonomic}

Logging:
Log output configuration:
 #0: stdout all=warning uptime,level,tags
 #1: stderr all=off uptime,level,tags

Environment Variables:
JAVA_HOME=C:\Program Files\Java\jdk-17.0.2
PATH=C:\Users\ousse\AppData\Local\fnm_multishells\34420_1728827690988;C:\Program Files (x86)\Razer Chroma SDK\bin;C:\Program Files\Razer Chroma SDK\bin;C:\Program Files (x86)\Razer\ChromaBroadcast\bin;C:\Program Files\Razer\ChromaBroadcast\bin;C:\WINDOWS\system32;C:\WINDOWS;C:\WINDOWS\System32\Wbem;C:\WINDOWS\System32\WindowsPowerShell\v1.0\;C:\WINDOWS\System32\OpenSSH\;C:\Program Files (x86)\NVIDIA Corporation\PhysX\Common;C:\Program Files\mingw64\bin;C:\Program Files\Java\jdk-17.0.2\bin;C:\Program Files\Java\jdk-11.0.14\bin;C:\Program Files (x86)\Common Files\Oracle\Java\javapath;C:\Program Files\Java\jdk1.8.0_202\bin;C:\Program Files\Java\jdk-18\bin;C:\Program Files\Java\jdk-15.0.2\bin\;C:\Program Files (x86)\dotnet\;D:\wamp64\bin\php\php8.1.0;C:\Users\ousse\AppData\Roaming\Composer\vendor\bin;D:\wamp64\bin\mysql\mysql8.0.27\bin;C:\ProgramData\ComposerSetup\bin;C:\Users\ousse\AppData\Roaming\npm\node_modules\@angular\cli;C:\Users\ousse\AppData\Roaming\npm;C:\ProgramData\chocolatey\bin;C:\Program Files\leJOS EV3\bin;C:\Program Files\apache-maven-3.8.5-bin\apache-maven-3.8.5\bin;C:\Windows\System32\;C:\Program Files\Amazon\AWSCLIV2\;C:\Program Files\PuTTY\;C:\WINDOWS\system32\config\systemprofile\AppData\Local\Microsoft\WindowsApps;D:\Program Files\Kubernetes\Minikube;C:\Program Files\Git\cmd;C:\Users\ousse\AppData\Local\Coursier\data\bin;C:\Program Files (x86)\Microsoft SQL Server\160\Tools\Binn\;C:\Program Files\Microsoft SQL Server\160\Tools\Binn\;C:\Program Files\Microsoft SQL Server\Client SDK\ODBC\170\Tools\Binn\;C:\Program Files\Microsoft SQL Server\160\DTS\Binn\;C:\Users\ousse\AppData\Local\Programs\Python\Python312\;C:\Users\ousse\AppData\Local\Programs\Python\Python312\Scripts\;C:\Users\ousse\AppData\Local\Packages\PythonSoftwareFoundation.Python.3.12_qbz5n2kfra8p0\LocalCache\local-packages\Python312\Scripts;C:\Program Files\WireGuard\;C:\ProgramData\nvm;C:\Program Files\nodejs;C:\WINDOWS\system32;C:\WINDOWS;C:\WINDOWS\System32\Wbem;C:\WINDOWS\System32\Windo
USERNAME=ousseini
LANG=en_US.UTF-8
OS=Windows_NT
PROCESSOR_IDENTIFIER=Intel64 Family 6 Model 142 Stepping 11, GenuineIntel



---------------  S Y S T E M  ---------------

OS:
 Windows 11 , 64 bit Build 22621 (10.0.22621.3958)
OS uptime: 0 days 10:30 hours
Hyper-V role detected

CPU: total 8 (initial active 8) (4 cores per cpu, 2 threads per core) family 6 model 142 stepping 11 microcode 0xf0, cx8, cmov, fxsr, ht, mmx, 3dnowpref, sse, sse2, sse3, ssse3, sse4.1, sse4.2, popcnt, lzcnt, tsc, tscinvbit, avx, avx2, aes, erms, clmul, bmi1, bmi2, adx, fma, vzeroupper, clflush, clflushopt, hv

Memory: 4k page, system-wide physical 24420M (4204M free)
TotalPageFile size 32612M (AvailPageFile size 2M)
current process WorkingSet (physical memory assigned to process): 190M, peak: 194M
current process commit charge ("private bytes"): 234M, peak: 534M

vm_info: Java HotSpot(TM) 64-Bit Server VM (17.0.2+8-LTS-86) for windows-amd64 JRE (17.0.2+8-LTS-86), built on Dec  7 2021 21:51:03 by "mach5one" with MS VC++ 16.8 / 16.9 (VS2019)

END.
