#
# There is insufficient memory for the Java Runtime Environment to continue.
# Native memory allocation (malloc) failed to allocate 1385296 bytes for Chunk::new
# Possible reasons:
#   The system is out of physical RAM or swap space
#   The process is running with CompressedOops enabled, and the Java Heap may be blocking the growth of the native heap
# Possible solutions:
#   Reduce memory load on the system
#   Increase physical memory or swap space
#   Check if swap backing store is full
#   Decrease Java heap size (-Xmx/-Xms)
#   Decrease number of Java threads
#   Decrease Java thread stack sizes (-Xss)
#   Set larger code cache with -XX:ReservedCodeCacheSize=
#   JVM is running with Zero Based Compressed Oops mode in which the Java heap is
#     placed in the first 32GB address space. The Java Heap base address is the
#     maximum limit for the native heap growth. Please use -XX:HeapBaseMinAddress
#     to set the Java Heap base and to place the Java Heap above 32GB virtual address.
# This output file may be truncated or incomplete.
#
#  Out of Memory Error (arena.cpp:189), pid=25124, tid=25312
#
# JRE version: Java(TM) SE Runtime Environment (17.0.2+8) (build 17.0.2+8-LTS-86)
# Java VM: Java HotSpot(TM) 64-Bit Server VM (17.0.2+8-LTS-86, mixed mode, sharing, tiered, compressed oops, compressed class ptrs, g1 gc, windows-amd64)
# No core dump will be written. Minidumps are not enabled by default on client versions of Windows
#

---------------  S U M M A R Y ------------

Command Line: -Dcom.sun.management.jmxremote -Dcom.sun.management.jmxremote.port=54403 -Dcom.sun.management.jmxremote.authenticate=false -Dcom.sun.management.jmxremote.ssl=false -Dspring.jmx.enabled=true -Djava.rmi.server.hostname=localhost -Dspring.application.admin.enabled=true -Dspring.boot.project.name=order -XX:+ShowCodeDetailsInExceptionMessages -Dmanagement.endpoints.jmx.exposure.include=* com.order.OrderServiceApplication

Host: Intel(R) Core(TM) i5-8265U CPU @ 1.60GHz, 8 cores, 23G,  Windows 11 , 64 bit Build 22621 (10.0.22621.3958)
Time: Sun Oct 13 15:31:44 2024 Paris, Madrid (heure duild 22621 (10.0.22621.3958) elapsed time: 34773.064023 seconds (0d 9h 39m 33s)

---------------  T H R E A D  ---------------

Current thread (0x000002dbfea648e0):  JavaThread "C2 CompilerThread0" daemon [_thread_in_native, id=25312, stack(0x000000f4a8e00000,0x000000f4a8f00000)]


Current CompileTask:
C2:34773064 14507   !   4       java.lang.reflect.Executable::declaredAnnotations (85 bytes)

Stack: [0x000000f4a8e00000,0x000000f4a8f00000]
Native frames: (J=compiled Java code, j=interpreted, Vv=VM code, C=native code)
V  [jvm.dll+0x670baa]
V  [jvm.dll+0x7cfcb4]
V  [jvm.dll+0x7d145e]
V  [jvm.dll+0x7d1ac3]
V  [jvm.dll+0x242bc5]
V  [jvm.dll+0xaa57b]
V  [jvm.dll+0xaab0c]
V  [jvm.dll+0x35fcb2]
V  [jvm.dll+0x1b9982]
V  [jvm.dll+0x215de9]
V  [jvm.dll+0x2150b1]
V  [jvm.dll+0x1a1bbd]
V  [jvm.dll+0x224908]
V  [jvm.dll+0x222a6c]
V  [jvm.dll+0x7859bb]
V  [jvm.dll+0x77ff7a]
V  [jvm.dll+0x66fa35]
C  [ucrtbase.dll+0x29333]
C  [KERNEL32.DLL+0x1257d]
C  [ntdll.dll+0x5af08]


---------------  P R O C E S S  ---------------

Threads class SMR info:
_java_thread_list=0x000002db9e0a6ab0, length=41, elements={
0x000002dbfea46ee0, 0x000002dbfea47d50, 0x000002dbfea60e30, 0x000002dbfea617e0,
0x000002dbfea631a0, 0x000002dbfea63b50, 0x000002dbfea648e0, 0x000002dbfea667a0,
0x000002dbfea6c4d0, 0x000002dbfea30c30, 0x000002dbffa6c260, 0x000002db9782a310,
0x000002db9782a7e0, 0x000002db970da300, 0x000002db9825c9f0, 0x000002db97ca0b20,
0x000002db97ca2330, 0x000002db9deeb9d0, 0x000002db9dee9cf0, 0x000002db9dee8010,
0x000002db97ca14c0, 0x000002db9fc7c190, 0x000002db9fc7d000, 0x000002db9fc79640,
0x000002db9d7b1ac0, 0x000002db9d7b7160, 0x000002db9d7b62f0, 0x000002db9d7b5950,
0x000002db9d7b2e00, 0x000002db9d7b32d0, 0x000002db9d7afde0, 0x000002db9d7b0780,
0x000002db9d7b37a0, 0x000002db9d7b5480, 0x000002db9d7b3c70, 0x000002db9d7b0c50,
0x000002db9d7b4140, 0x000002db9d7b1120, 0x000002db9deebea0, 0x000002db99f01710,
0x000002db99efee90
}

Java Threads: ( => current thread )
  0x000002dbfea46ee0 JavaThread "Reference Handler" daemon [_thread_blocked, id=19672, stack(0x000000f4a8800000,0x000000f4a8900000)]
  0x000002dbfea47d50 JavaThread "Finalizer" daemon [_thread_blocked, id=19124, stack(0x000000f4a8900000,0x000000f4a8a00000)]
  0x000002dbfea60e30 JavaThread "Signal Dispatcher" daemon [_thread_blocked, id=18092, stack(0x000000f4a8a00000,0x000000f4a8b00000)]
  0x000002dbfea617e0 JavaThread "Attach Listener" daemon [_thread_blocked, id=22464, stack(0x000000f4a8b00000,0x000000f4a8c00000)]
  0x000002dbfea631a0 JavaThread "Service Thread" daemon [_thread_blocked, id=22120, stack(0x000000f4a8c00000,0x000000f4a8d00000)]
  0x000002dbfea63b50 JavaThread "Monitor Deflation Thread" daemon [_thread_blocked, id=25064, stack(0x000000f4a8d00000,0x000000f4a8e00000)]
=>0x000002dbfea648e0 JavaThread "C2 CompilerThread0" daemon [_thread_in_native, id=25312, stack(0x000000f4a8e00000,0x000000f4a8f00000)]
  0x000002dbfea667a0 JavaThread "C1 CompilerThread0" daemon [_thread_blocked, id=5060, stack(0x000000f4a8f00000,0x000000f4a9000000)]
  0x000002dbfea6c4d0 JavaThread "Sweeper thread" daemon [_thread_blocked, id=20984, stack(0x000000f4a9000000,0x000000f4a9100000)]
  0x000002dbfea30c30 JavaThread "Common-Cleaner" daemon [_thread_blocked, id=23080, stack(0x000000f4a9100000,0x000000f4a9200000)]
  0x000002dbffa6c260 JavaThread "Notification Thread" daemon [_thread_blocked, id=25396, stack(0x000000f4a9200000,0x000000f4a9300000)]
  0x000002db9782a310 JavaThread "RMI TCP Accept-0" daemon [_thread_in_native, id=23436, stack(0x000000f4a9400000,0x000000f4a9500000)]
  0x000002db9782a7e0 JavaThread "RMI TCP Accept-54403" daemon [_thread_in_native, id=24748, stack(0x000000f4a9500000,0x000000f4a9600000)]
  0x000002db970da300 JavaThread "RMI TCP Accept-0" daemon [_thread_in_native, id=20300, stack(0x000000f4a9e00000,0x000000f4a9f00000)]
  0x000002db9825c9f0 JavaThread "RMI Scheduler(0)" daemon [_thread_blocked, id=20012, stack(0x000000f4aa000000,0x000000f4aa100000)]
  0x000002db97ca0b20 JavaThread "boundedElastic-evictor-1" daemon [_thread_blocked, id=26336, stack(0x000000f4aaa00000,0x000000f4aab00000)]
  0x000002db97ca2330 JavaThread "mysql-cj-abandoned-connection-cleanup" daemon [_thread_blocked, id=19084, stack(0x000000f4aae00000,0x000000f4aaf00000)]
  0x000002db9deeb9d0 JavaThread "Thread-7" daemon [_thread_blocked, id=28204, stack(0x000000f4aaf00000,0x000000f4ab000000)]
  0x000002db9dee9cf0 JavaThread "spectator-gauge-polling-0" daemon [_thread_blocked, id=26356, stack(0x000000f4ab100000,0x000000f4ab200000)]
  0x000002db9dee8010 JavaThread "DestroyJavaVM" [_thread_blocked, id=24728, stack(0x000000f4a8100000,0x000000f4a8200000)]
  0x000002db97ca14c0 JavaThread "parallel-1" daemon [_thread_blocked, id=23600, stack(0x000000f4aa100000,0x000000f4aa200000)]
  0x000002db9fc7c190 JavaThread "Thread-16" daemon [_thread_in_native, id=27772, stack(0x000000f4ac600000,0x000000f4ac700000)]
  0x000002db9fc7d000 JavaThread "parallel-2" daemon [_thread_blocked, id=23372, stack(0x000000f4ac700000,0x000000f4ac800000)]
  0x000002db9fc79640 JavaThread "parallel-3" daemon [_thread_blocked, id=28412, stack(0x000000f4ac800000,0x000000f4ac900000)]
  0x000002db9d7b1ac0 JavaThread "parallel-4" daemon [_thread_blocked, id=29956, stack(0x000000f4aca00000,0x000000f4acb00000)]
  0x000002db9d7b7160 JavaThread "parallel-5" daemon [_thread_blocked, id=23776, stack(0x000000f4acb00000,0x000000f4acc00000)]
  0x000002db9d7b62f0 JavaThread "parallel-6" daemon [_thread_blocked, id=30036, stack(0x000000f4acc00000,0x000000f4acd00000)]
  0x000002db9d7b5950 JavaThread "parallel-7" daemon [_thread_blocked, id=31448, stack(0x000000f4acd00000,0x000000f4ace00000)]
  0x000002db9d7b2e00 JavaThread "parallel-8" daemon [_thread_blocked, id=28292, stack(0x000000f4ace00000,0x000000f4acf00000)]
  0x000002db9d7b32d0 JavaThread "Thread-1" [_thread_blocked, id=22896, stack(0x000000f4acf00000,0x000000f4ad000000)]
  0x000002db9d7afde0 JavaThread "reactor-http-nio-1" daemon [_thread_in_native, id=38988, stack(0x000000f4a7f00000,0x000000f4a8000000)]
  0x000002db9d7b0780 JavaThread "reactor-http-nio-2" daemon [_thread_in_native, id=30388, stack(0x000000f4a8000000,0x000000f4a8100000)]
  0x000002db9d7b37a0 JavaThread "reactor-http-nio-3" daemon [_thread_in_native, id=25052, stack(0x000000f4aa200000,0x000000f4aa300000)]
  0x000002db9d7b5480 JavaThread "reactor-http-nio-4" daemon [_thread_in_native, id=28240, stack(0x000000f4aa300000,0x000000f4aa400000)]
  0x000002db9d7b3c70 JavaThread "reactor-http-nio-5" daemon [_thread_in_native, id=22488, stack(0x000000f4ab000000,0x000000f4ab100000)]
  0x000002db9d7b0c50 JavaThread "reactor-http-nio-6" daemon [_thread_in_native, id=34072, stack(0x000000f4ab400000,0x000000f4ab500000)]
  0x000002db9d7b4140 JavaThread "reactor-http-nio-7" daemon [_thread_in_native, id=35248, stack(0x000000f4ab500000,0x000000f4ab600000)]
  0x000002db9d7b1120 JavaThread "reactor-http-nio-8" daemon [_thread_in_native, id=39884, stack(0x000000f4ab600000,0x000000f4ab700000)]
  0x000002db9deebea0 JavaThread "restartedMain" [_thread_in_vm, id=36896, stack(0x000000f4aa400000,0x000000f4aa500000)]
  0x000002db99f01710 JavaThread "C2 CompilerThread1" daemon [_thread_in_native, id=39800, stack(0x000000f4aa500000,0x000000f4aa600000)]
  0x000002db99efee90 JavaThread "C2 CompilerThread2" daemon [_thread_in_native, id=22820, stack(0x000000f4aa600000,0x000000f4aa700000)]

Other Threads:
  0x000002dbfea40b40 VMThread "VM Thread" [stack: 0x000000f4a8700000,0x000000f4a8800000] [id=8168]
  0x000002db970dc490 WatcherThread [stack: 0x000000f4a9f00000,0x000000f4aa000000] [id=17336]
  0x000002dbee51d430 GCTaskThread "GC Thread#0" [stack: 0x000000f4a8200000,0x000000f4a8300000] [id=23692]
  0x000002db978df520 GCTaskThread "GC Thread#1" [stack: 0x000000f4a9600000,0x000000f4a9700000] [id=1828]
  0x000002db978df7d0 GCTaskThread "GC Thread#2" [stack: 0x000000f4a9700000,0x000000f4a9800000] [id=21224]
  0x000002db9791fb20 GCTaskThread "GC Thread#3" [stack: 0x000000f4a9800000,0x000000f4a9900000] [id=21884]
  0x000002db9791fdd0 GCTaskThread "GC Thread#4" [stack: 0x000000f4a9900000,0x000000f4a9a00000] [id=6548]
  0x000002db97920080 GCTaskThread "GC Thread#5" [stack: 0x000000f4a9a00000,0x000000f4a9b00000] [id=24324]
  0x000002db97920330 GCTaskThread "GC Thread#6" [stack: 0x000000f4a9b00000,0x000000f4a9c00000] [id=21184]
  0x000002db979205e0 GCTaskThread "GC Thread#7" [stack: 0x000000f4a9c00000,0x000000f4a9d00000] [id=24828]
  0x000002dbee52a240 ConcurrentGCThread "G1 Main Marker" [stack: 0x000000f4a8300000,0x000000f4a8400000] [id=18388]
  0x000002dbee52ac50 ConcurrentGCThread "G1 Conc#0" [stack: 0x000000f4a8400000,0x000000f4a8500000] [id=22556]
  0x000002db987f6040 ConcurrentGCThread "G1 Conc#1" [stack: 0x000000f4aa800000,0x000000f4aa900000] [id=27108]
  0x000002dbfe901f00 ConcurrentGCThread "G1 Refine#0" [stack: 0x000000f4a8500000,0x000000f4a8600000] [id=10904]
  0x000002db9792c3d0 ConcurrentGCThread "G1 Refine#1" [stack: 0x000000f4a9d00000,0x000000f4a9e00000] [id=20320]
  0x000002dbfe902920 ConcurrentGCThread "G1 Service" [stack: 0x000000f4a8600000,0x000000f4a8700000] [id=23408]

Threads with active compile tasks:
C2 CompilerThread0  34773171 14507   !   4       java.lang.reflect.Executable::declaredAnnotations (85 bytes)
C2 CompilerThread1  34773171 14522       4       org.springframework.core.annotation.AnnotationsScanner::process (55 bytes)
C2 CompilerThread2  34773171 14536       4       org.springframework.core.annotation.AnnotationsScanner::getDeclaredAnnotations (166 bytes)

VM state: not at safepoint (normal execution)

VM Mutex/Monitor currently owned by a thread: None

Heap address: 0x0000000682400000, size: 6108 MB, Compressed Oops mode: Zero based, Oop shift amount: 3

CDS archive(s) mapped at: [0x0000000800000000-0x0000000800bc0000-0x0000000800bc0000), size 12320768, SharedBaseAddress: 0x0000000800000000, ArchiveRelocationMode: 0.
Compressed class space mapped at: 0x0000000800c00000-0x0000000840c00000, reserved size: 1073741824
Narrow klass base: 0x0000000800000000, Narrow klass shift: 0, Narrow klass range: 0x100000000

GC Precious Log:
 CPUs: 8 total, 8 available
 Memory: 24420M
 Large Page Support: Disabled
 NUMA Support: Disabled
 Compressed Oops: Enabled (Zero based)
 Heap Region Size: 4M
 Heap Min Capacity: 8M
 Heap Initial Capacity: 384M
 Heap Max Capacity: 6108M
 Pre-touch: Disabled
 Parallel Workers: 8
 Concurrent Workers: 2
 Concurrent Refinement Workers: 8
 Periodic GC: Disabled

Heap:
 garbage-first heap   total 139264K, used 72904K [0x0000000682400000, 0x0000000800000000)
  region size 4096K, 7 young (28672K), 2 survivors (8192K)
 Metaspace       used 108648K, committed 109312K, reserved 1146880K
  class space    used 14130K, committed 14464K, reserved 1048576K

Heap Regions: E=young(eden), S=young(survivor), O=old, HS=humongous(starts), HC=humongous(continues), CS=collection set, F=free, OA=open archive, CA=closed archive, TAMS=top-at-mark-start (previous, next)
|   0|0x0000000682400000, 0x0000000682800000, 0x0000000682800000|100%| O|  |TAMS 0x0000000682800000, 0x0000000682400000| Untracked 
|   1|0x0000000682800000, 0x0000000682bffff8, 0x0000000682c00000| 99%| O|  |TAMS 0x0000000682bffff8, 0x0000000682800000| Untracked 
|   2|0x0000000682c00000, 0x0000000682fffff8, 0x0000000683000000| 99%| O|  |TAMS 0x0000000682fffff8, 0x0000000682c00000| Untracked 
|   3|0x0000000683000000, 0x00000006833fffd8, 0x0000000683400000| 99%| O|  |TAMS 0x00000006833fffd8, 0x0000000683000000| Untracked 
|   4|0x0000000683400000, 0x00000006837fffa8, 0x0000000683800000| 99%| O|  |TAMS 0x00000006837fffa8, 0x0000000683400000| Untracked 
|   5|0x0000000683800000, 0x0000000683bfffd0, 0x0000000683c00000| 99%| O|  |TAMS 0x0000000683bfffd0, 0x0000000683800000| Untracked 
|   6|0x0000000683c00000, 0x0000000683ffffe0, 0x0000000684000000| 99%| O|  |TAMS 0x0000000683ffffe0, 0x0000000683c00000| Untracked 
|   7|0x0000000684000000, 0x00000006843ffff8, 0x0000000684400000| 99%| O|  |TAMS 0x00000006843ffff8, 0x0000000684000000| Untracked 
|   8|0x0000000684400000, 0x00000006847ffff8, 0x0000000684800000| 99%| O|  |TAMS 0x00000006847ffff8, 0x0000000684400000| Untracked 
|   9|0x0000000684800000, 0x0000000684bffff8, 0x0000000684c00000| 99%| O|  |TAMS 0x0000000684bffff8, 0x0000000684800000| Untracked 
|  10|0x0000000684c00000, 0x0000000684ffffe0, 0x0000000685000000| 99%| O|  |TAMS 0x0000000684ffffe0, 0x0000000684c00000| Untracked 
|  11|0x0000000685000000, 0x00000006852e70b8, 0x0000000685400000| 72%| O|  |TAMS 0x00000006852e70b8, 0x0000000685000000| Complete 
|  12|0x0000000685400000, 0x0000000685400000, 0x0000000685800000|  0%| F|  |TAMS 0x0000000685400000, 0x0000000685400000| Untracked 
|  13|0x0000000685800000, 0x0000000685800000, 0x0000000685c00000|  0%| F|  |TAMS 0x0000000685800000, 0x0000000685800000| Untracked 
|  14|0x0000000685c00000, 0x0000000685c00000, 0x0000000686000000|  0%| F|  |TAMS 0x0000000685c00000, 0x0000000685c00000| Untracked 
|  15|0x0000000686000000, 0x0000000686381610, 0x0000000686400000| 87%| O|  |TAMS 0x0000000686381610, 0x0000000686000000| Untracked 
|  16|0x0000000686400000, 0x00000006864c9ba0, 0x0000000686800000| 19%| S|CS|TAMS 0x0000000686400000, 0x0000000686400000| Complete 
|  17|0x0000000686800000, 0x0000000686c00000, 0x0000000686c00000|100%| S|CS|TAMS 0x0000000686800000, 0x0000000686800000| Complete 
|  18|0x0000000686c00000, 0x0000000686c00000, 0x0000000687000000|  0%| F|  |TAMS 0x0000000686c00000, 0x0000000686c00000| Untracked 
|  19|0x0000000687000000, 0x0000000687000000, 0x0000000687400000|  0%| F|  |TAMS 0x0000000687000000, 0x0000000687000000| Untracked 
|  20|0x0000000687400000, 0x0000000687400000, 0x0000000687800000|  0%| F|  |TAMS 0x0000000687400000, 0x0000000687400000| Untracked 
|  21|0x0000000687800000, 0x0000000687800000, 0x0000000687c00000|  0%| F|  |TAMS 0x0000000687800000, 0x0000000687800000| Untracked 
|  22|0x0000000687c00000, 0x0000000687c00000, 0x0000000688000000|  0%| F|  |TAMS 0x0000000687c00000, 0x0000000687c00000| Untracked 
|  23|0x0000000688000000, 0x0000000688000000, 0x0000000688400000|  0%| F|  |TAMS 0x0000000688000000, 0x0000000688000000| Untracked 
|  24|0x0000000688400000, 0x0000000688400000, 0x0000000688800000|  0%| F|  |TAMS 0x0000000688400000, 0x0000000688400000| Untracked 
|  25|0x0000000688800000, 0x0000000688800000, 0x0000000688c00000|  0%| F|  |TAMS 0x0000000688800000, 0x0000000688800000| Untracked 
|  26|0x0000000688c00000, 0x0000000688c00000, 0x0000000689000000|  0%| F|  |TAMS 0x0000000688c00000, 0x0000000688c00000| Untracked 
|  27|0x0000000689000000, 0x0000000689000000, 0x0000000689400000|  0%| F|  |TAMS 0x0000000689000000, 0x0000000689000000| Untracked 
|  28|0x0000000689400000, 0x0000000689400000, 0x0000000689800000|  0%| F|  |TAMS 0x0000000689400000, 0x0000000689400000| Untracked 
|  29|0x0000000689800000, 0x0000000689b230c8, 0x0000000689c00000| 78%| E|  |TAMS 0x0000000689800000, 0x0000000689800000| Complete 
|  30|0x0000000689c00000, 0x000000068a000000, 0x000000068a000000|100%| E|CS|TAMS 0x0000000689c00000, 0x0000000689c00000| Complete 
|  31|0x000000068a000000, 0x000000068a400000, 0x000000068a400000|100%| E|CS|TAMS 0x000000068a000000, 0x000000068a000000| Complete 
|  79|0x0000000696000000, 0x0000000696400000, 0x0000000696400000|100%| E|CS|TAMS 0x0000000696000000, 0x0000000696000000| Complete 
|  95|0x000000069a000000, 0x000000069a400000, 0x000000069a400000|100%| E|CS|TAMS 0x000000069a000000, 0x000000069a000000| Complete 

Card table byte_map: [0x000002dbf6be0000,0x000002dbf77d0000] _byte_map_base: 0x000002dbf37ce000

Marking Bits (Prev, Next): (CMBitMap*) 0x000002dbee51da80, (CMBitMap*) 0x000002dbee51da40
 Prev Bits: [0x000002db8f000000, 0x000002db94f70000)
 Next Bits: [0x000002dbf83c0000, 0x000002dbfe330000)

Polling page: 0x000002dbec460000

Metaspace:

Usage:
  Non-class:     92.30 MB used.
      Class:     13.80 MB used.
       Both:    106.10 MB used.

Virtual space:
  Non-class space:       96.00 MB reserved,      92.62 MB ( 96%) committed,  12 nodes.
      Class space:        1.00 GB reserved,      14.12 MB (  1%) committed,  1 nodes.
             Both:        1.09 GB reserved,     106.75 MB ( 10%) committed. 

Chunk freelists:
   Non-Class:  2.85 MB
       Class:  1.93 MB
        Both:  4.78 MB

MaxMetaspaceSize: unlimited
CompressedClassSpaceSize: 1.00 GB
Initial GC threshold: 21.00 MB
Current GC threshold: 177.75 MB
CDS: on
MetaspaceReclaimPolicy: balanced
 - commit_granule_bytes: 65536.
 - commit_granule_words: 8192.
 - virtual_space_node_default_size: 1048576.
 - enlarge_chunks_in_place: 1.
 - new_chunks_are_fully_committed: 0.
 - uncommit_free_chunks: 1.
 - use_allocation_guard: 0.
 - handle_deallocations: 1.


Internal statistics:

num_allocs_failed_limit: 15.
num_arena_births: 1146.
num_arena_deaths: 350.
num_vsnodes_births: 13.
num_vsnodes_deaths: 0.
num_space_committed: 1708.
num_space_uncommitted: 0.
num_chunks_returned_to_freelist: 444.
num_chunks_taken_from_freelist: 5228.
num_chunk_merges: 155.
num_chunk_splits: 3637.
num_chunks_enlarged: 2844.
num_purges: 8.
num_inconsistent_stats: 0.

CodeHeap 'non-profiled nmethods': size=120000Kb used=9145Kb max_used=9883Kb free=110854Kb
 bounds [0x000002db87ad0000, 0x000002db88480000, 0x000002db8f000000]
CodeHeap 'profiled nmethods': size=120000Kb used=22904Kb max_used=24731Kb free=97095Kb
 bounds [0x000002db805a0000, 0x000002db81dd0000, 0x000002db87ad0000]
CodeHeap 'non-nmethods': size=5760Kb used=1462Kb max_used=1606Kb free=4297Kb
 bounds [0x000002db80000000, 0x000002db80270000, 0x000002db805a0000]
 total_blobs=12237 nmethods=11410 adapters=738
 compilation: enabled
              stopped_count=0, restarted_count=0
 full_count=0

Compilation events (20 events):
Event: 34772.638 Thread 0x000002dbfea667a0 14537       3       org.springframework.aop.aspectj.annotation.AbstractAspectJAdvisorFactory::findAspectJAnnotationOnMethod (43 bytes)
Event: 34772.639 Thread 0x000002dbfea667a0 nmethod 14537 0x000002db805dc310 code [0x000002db805dc4e0, 0x000002db805dc878]
Event: 34772.645 Thread 0x000002dbfea667a0 14538       1       org.springframework.aop.aspectj.annotation.BeanFactoryAspectInstanceFactory::getAspectMetadata (5 bytes)
Event: 34772.646 Thread 0x000002dbfea667a0 nmethod 14538 0x000002db8823c890 code [0x000002db8823ca20, 0x000002db8823caf8]
Event: 34772.649 Thread 0x000002dbfea667a0 14539       1       org.springframework.aop.aspectj.annotation.AspectMetadata::getAspectClass (5 bytes)
Event: 34772.649 Thread 0x000002dbfea667a0 nmethod 14539 0x000002db8823c590 code [0x000002db8823c720, 0x000002db8823c7f8]
Event: 34772.658 Thread 0x000002dbfea667a0 14540   !   3       org.springframework.core.annotation.AnnotationUtils::isSynthesizedAnnotation (33 bytes)
Event: 34772.661 Thread 0x000002dbfea667a0 nmethod 14540 0x000002db808dd610 code [0x000002db808dd900, 0x000002db808ded18]
Event: 34772.662 Thread 0x000002dbfea667a0 14542       3       org.springframework.aop.aspectj.annotation.ReflectiveAspectJAdvisorFactory$$Lambda$684/0x00000008010a5c08::convert (8 bytes)
Event: 34772.664 Thread 0x000002dbfea667a0 nmethod 14542 0x000002db805afc90 code [0x000002db805afe60, 0x000002db805b01a8]
Event: 34772.664 Thread 0x000002dbfea667a0 14541       3       org.aspectj.internal.lang.reflect.AjTypeImpl::getSupertype (25 bytes)
Event: 34772.665 Thread 0x000002dbfea667a0 nmethod 14541 0x000002db805dcd90 code [0x000002db805dcf40, 0x000002db805dd198]
Event: 34772.666 Thread 0x000002dbfea667a0 14543   !   3       jdk.proxy2.$Proxy80::value (29 bytes)
Event: 34772.666 Thread 0x000002dbfea667a0 nmethod 14543 0x000002db80a29810 code [0x000002db80a299e0, 0x000002db80a29dd8]
Event: 34772.666 Thread 0x000002dbfea667a0 14544       3       org.aspectj.internal.lang.reflect.PerClauseImpl::<init> (10 bytes)
Event: 34772.667 Thread 0x000002dbfea667a0 nmethod 14544 0x000002db805df090 code [0x000002db805df220, 0x000002db805df3d8]
Event: 34772.667 Thread 0x000002dbfea667a0 14545       3       org.aspectj.internal.lang.reflect.AjTypeImpl::getPerClause (273 bytes)
Event: 34772.675 Thread 0x000002dbfea667a0 nmethod 14545 0x000002db80ef6d10 code [0x000002db80ef7360, 0x000002db80efa038]
Event: 34773.029 Thread 0x000002dbfea667a0 14546       3       org.springframework.core.annotation.AnnotationTypeMappings$Cache::createMappings (18 bytes)
Event: 34773.029 Thread 0x000002dbfea667a0 nmethod 14546 0x000002db8077e310 code [0x000002db8077e4c0, 0x000002db8077e688]

GC Heap History (20 events):
Event: 26966.028 GC heap before
{Heap before GC invocations=40 (full 0):
 garbage-first heap   total 139264K, used 106215K [0x0000000682400000, 0x0000000800000000)
  region size 4096K, 12 young (49152K), 1 survivors (4096K)
 Metaspace       used 106949K, committed 107712K, reserved 1146880K
  class space    used 14032K, committed 14400K, reserved 1048576K
}
Event: 26966.035 GC heap after
{Heap after GC invocations=41 (full 0):
 garbage-first heap   total 139264K, used 65397K [0x0000000682400000, 0x0000000800000000)
  region size 4096K, 1 young (4096K), 1 survivors (4096K)
 Metaspace       used 106949K, committed 107712K, reserved 1146880K
  class space    used 14032K, committed 14400K, reserved 1048576K
}
Event: 27799.506 GC heap before
{Heap before GC invocations=42 (full 0):
 garbage-first heap   total 139264K, used 110453K [0x0000000682400000, 0x0000000800000000)
  region size 4096K, 12 young (49152K), 1 survivors (4096K)
 Metaspace       used 107115K, committed 107840K, reserved 1146880K
  class space    used 14032K, committed 14400K, reserved 1048576K
}
Event: 27799.512 GC heap after
{Heap after GC invocations=43 (full 0):
 garbage-first heap   total 139264K, used 65526K [0x0000000682400000, 0x0000000800000000)
  region size 4096K, 1 young (4096K), 1 survivors (4096K)
 Metaspace       used 107115K, committed 107840K, reserved 1146880K
  class space    used 14032K, committed 14400K, reserved 1048576K
}
Event: 28975.890 GC heap before
{Heap before GC invocations=43 (full 0):
 garbage-first heap   total 139264K, used 114678K [0x0000000682400000, 0x0000000800000000)
  region size 4096K, 13 young (53248K), 1 survivors (4096K)
 Metaspace       used 107283K, committed 107968K, reserved 1146880K
  class space    used 14032K, committed 14400K, reserved 1048576K
}
Event: 28975.896 GC heap after
{Heap after GC invocations=44 (full 0):
 garbage-first heap   total 139264K, used 65499K [0x0000000682400000, 0x0000000800000000)
  region size 4096K, 1 young (4096K), 1 survivors (4096K)
 Metaspace       used 107283K, committed 107968K, reserved 1146880K
  class space    used 14032K, committed 14400K, reserved 1048576K
}
Event: 29873.982 GC heap before
{Heap before GC invocations=45 (full 0):
 garbage-first heap   total 139264K, used 114651K [0x0000000682400000, 0x0000000800000000)
  region size 4096K, 13 young (53248K), 1 survivors (4096K)
 Metaspace       used 107382K, committed 108096K, reserved 1146880K
  class space    used 14035K, committed 14400K, reserved 1048576K
}
Event: 29873.991 GC heap after
{Heap after GC invocations=46 (full 0):
 garbage-first heap   total 139264K, used 65677K [0x0000000682400000, 0x0000000800000000)
  region size 4096K, 1 young (4096K), 1 survivors (4096K)
 Metaspace       used 107382K, committed 108096K, reserved 1146880K
  class space    used 14035K, committed 14400K, reserved 1048576K
}
Event: 31089.786 GC heap before
{Heap before GC invocations=46 (full 0):
 garbage-first heap   total 139264K, used 114829K [0x0000000682400000, 0x0000000800000000)
  region size 4096K, 13 young (53248K), 1 survivors (4096K)
 Metaspace       used 107640K, committed 108288K, reserved 1146880K
  class space    used 14035K, committed 14400K, reserved 1048576K
}
Event: 31089.792 GC heap after
{Heap after GC invocations=47 (full 0):
 garbage-first heap   total 139264K, used 65484K [0x0000000682400000, 0x0000000800000000)
  region size 4096K, 1 young (4096K), 1 survivors (4096K)
 Metaspace       used 107640K, committed 108288K, reserved 1146880K
  class space    used 14035K, committed 14400K, reserved 1048576K
}
Event: 31982.527 GC heap before
{Heap before GC invocations=48 (full 0):
 garbage-first heap   total 139264K, used 114636K [0x0000000682400000, 0x0000000800000000)
  region size 4096K, 13 young (53248K), 1 survivors (4096K)
 Metaspace       used 107760K, committed 108352K, reserved 1146880K
  class space    used 14035K, committed 14400K, reserved 1048576K
}
Event: 31982.531 GC heap after
{Heap after GC invocations=49 (full 0):
 garbage-first heap   total 139264K, used 65691K [0x0000000682400000, 0x0000000800000000)
  region size 4096K, 1 young (4096K), 1 survivors (4096K)
 Metaspace       used 107760K, committed 108352K, reserved 1146880K
  class space    used 14035K, committed 14400K, reserved 1048576K
}
Event: 33082.551 GC heap before
{Heap before GC invocations=49 (full 0):
 garbage-first heap   total 139264K, used 114843K [0x0000000682400000, 0x0000000800000000)
  region size 4096K, 13 young (53248K), 1 survivors (4096K)
 Metaspace       used 107921K, committed 108608K, reserved 1146880K
  class space    used 14037K, committed 14400K, reserved 1048576K
}
Event: 33082.557 GC heap after
{Heap after GC invocations=50 (full 0):
 garbage-first heap   total 139264K, used 65749K [0x0000000682400000, 0x0000000800000000)
  region size 4096K, 1 young (4096K), 1 survivors (4096K)
 Metaspace       used 107921K, committed 108608K, reserved 1146880K
  class space    used 14037K, committed 14400K, reserved 1048576K
}
Event: 34143.457 GC heap before
{Heap before GC invocations=51 (full 0):
 garbage-first heap   total 139264K, used 114901K [0x0000000682400000, 0x0000000800000000)
  region size 4096K, 13 young (53248K), 1 survivors (4096K)
 Metaspace       used 107987K, committed 108672K, reserved 1146880K
  class space    used 14037K, committed 14400K, reserved 1048576K
}
Event: 34143.464 GC heap after
{Heap after GC invocations=52 (full 0):
 garbage-first heap   total 139264K, used 65603K [0x0000000682400000, 0x0000000800000000)
  region size 4096K, 1 young (4096K), 1 survivors (4096K)
 Metaspace       used 107987K, committed 108672K, reserved 1146880K
  class space    used 14037K, committed 14400K, reserved 1048576K
}
Event: 34732.984 GC heap before
{Heap before GC invocations=52 (full 0):
 garbage-first heap   total 139264K, used 94275K [0x0000000682400000, 0x0000000800000000)
  region size 4096K, 9 young (36864K), 1 survivors (4096K)
 Metaspace       used 108499K, committed 109184K, reserved 1146880K
  class space    used 14116K, committed 14464K, reserved 1048576K
}
Event: 34733.838 GC heap after
{Heap after GC invocations=53 (full 1):
 garbage-first heap   total 139264K, used 51617K [0x0000000682400000, 0x0000000800000000)
  region size 4096K, 0 young (0K), 0 survivors (0K)
 Metaspace       used 108493K, committed 109184K, reserved 1146880K
  class space    used 14115K, committed 14464K, reserved 1048576K
}
Event: 34767.046 GC heap before
{Heap before GC invocations=53 (full 1):
 garbage-first heap   total 139264K, used 117153K [0x0000000682400000, 0x0000000800000000)
  region size 4096K, 16 young (65536K), 0 survivors (0K)
 Metaspace       used 108613K, committed 109248K, reserved 1146880K
  class space    used 14127K, committed 14464K, reserved 1048576K
}
Event: 34767.054 GC heap after
{Heap after GC invocations=54 (full 1):
 garbage-first heap   total 139264K, used 56520K [0x0000000682400000, 0x0000000800000000)
  region size 4096K, 2 young (8192K), 2 survivors (8192K)
 Metaspace       used 108613K, committed 109248K, reserved 1146880K
  class space    used 14127K, committed 14464K, reserved 1048576K
}

Deoptimization events (20 events):
Event: 34771.451 Thread 0x000002db9deebea0 Uncommon trap: trap_request=0xffffffd6 fr.pc=0x000002db87b3ad68 relative=0x00000000000003c8
Event: 34771.451 Thread 0x000002db9deebea0 Uncommon trap: reason=array_check action=maybe_recompile pc=0x000002db87b3ad68 method=java.util.LinkedHashMap.keysToArray([Ljava/lang/Object;)[Ljava/lang/Object; @ 25 c2
Event: 34771.451 Thread 0x000002db9deebea0 DEOPT PACKING pc=0x000002db87b3ad68 sp=0x000000f4aa4fd340
Event: 34771.451 Thread 0x000002db9deebea0 DEOPT UNPACKING pc=0x000002db800523a3 sp=0x000000f4aa4fd2e8 mode 2
Event: 34771.452 Thread 0x000002db9deebea0 Uncommon trap: trap_request=0xffffffd6 fr.pc=0x000002db87b3ad68 relative=0x00000000000003c8
Event: 34771.452 Thread 0x000002db9deebea0 Uncommon trap: reason=array_check action=maybe_recompile pc=0x000002db87b3ad68 method=java.util.LinkedHashMap.keysToArray([Ljava/lang/Object;)[Ljava/lang/Object; @ 25 c2
Event: 34771.453 Thread 0x000002db9deebea0 DEOPT PACKING pc=0x000002db87b3ad68 sp=0x000000f4aa4fd340
Event: 34771.453 Thread 0x000002db9deebea0 DEOPT UNPACKING pc=0x000002db800523a3 sp=0x000000f4aa4fd2e8 mode 2
Event: 34771.453 Thread 0x000002db9deebea0 Uncommon trap: trap_request=0xffffffd6 fr.pc=0x000002db87b3ad68 relative=0x00000000000003c8
Event: 34771.453 Thread 0x000002db9deebea0 Uncommon trap: reason=array_check action=maybe_recompile pc=0x000002db87b3ad68 method=java.util.LinkedHashMap.keysToArray([Ljava/lang/Object;)[Ljava/lang/Object; @ 25 c2
Event: 34771.453 Thread 0x000002db9deebea0 DEOPT PACKING pc=0x000002db87b3ad68 sp=0x000000f4aa4fd340
Event: 34771.453 Thread 0x000002db9deebea0 DEOPT UNPACKING pc=0x000002db800523a3 sp=0x000000f4aa4fd2e8 mode 2
Event: 34771.467 Thread 0x000002db9deebea0 Uncommon trap: trap_request=0xffffffd6 fr.pc=0x000002db87b3ad68 relative=0x00000000000003c8
Event: 34771.468 Thread 0x000002db9deebea0 Uncommon trap: reason=array_check action=maybe_recompile pc=0x000002db87b3ad68 method=java.util.LinkedHashMap.keysToArray([Ljava/lang/Object;)[Ljava/lang/Object; @ 25 c2
Event: 34771.468 Thread 0x000002db9deebea0 DEOPT PACKING pc=0x000002db87b3ad68 sp=0x000000f4aa4fd1c0
Event: 34771.468 Thread 0x000002db9deebea0 DEOPT UNPACKING pc=0x000002db800523a3 sp=0x000000f4aa4fd168 mode 2
Event: 34772.604 Thread 0x000002db9deebea0 Uncommon trap: trap_request=0xfffffff4 fr.pc=0x000002db882aae5c relative=0x0000000000000afc
Event: 34772.604 Thread 0x000002db9deebea0 Uncommon trap: reason=null_check action=make_not_entrant pc=0x000002db882aae5c method=java.lang.Class.privateGetDeclaredConstructors(Z)[Ljava/lang/reflect/Constructor; @ 32 c2
Event: 34772.604 Thread 0x000002db9deebea0 DEOPT PACKING pc=0x000002db882aae5c sp=0x000000f4aa4fd3b0
Event: 34772.604 Thread 0x000002db9deebea0 DEOPT UNPACKING pc=0x000002db800523a3 sp=0x000000f4aa4fd378 mode 2

Classes unloaded (20 events):
Event: 25075.180 Thread 0x000002dbfea40b40 Unloading class 0x0000000800c08000 'java/lang/invoke/LambdaForm$DMH+0x0000000800c08000'
Event: 25075.180 Thread 0x000002dbfea40b40 Unloading class 0x0000000800c07400 'jdk/internal/reflect/GeneratedConstructorAccessor1'
Event: 25075.180 Thread 0x000002dbfea40b40 Unloading class 0x0000000800c06800 'java/lang/invoke/LambdaForm$MH+0x0000000800c06800'
Event: 25075.180 Thread 0x000002dbfea40b40 Unloading class 0x0000000800c06400 'java/lang/invoke/LambdaForm$MH+0x0000000800c06400'
Event: 25075.180 Thread 0x000002dbfea40b40 Unloading class 0x0000000800c06000 'java/lang/invoke/LambdaForm$MH+0x0000000800c06000'
Event: 25075.180 Thread 0x000002dbfea40b40 Unloading class 0x0000000800c05c00 'java/lang/invoke/LambdaForm$MH+0x0000000800c05c00'
Event: 25075.180 Thread 0x000002dbfea40b40 Unloading class 0x0000000800c05800 'java/lang/invoke/LambdaForm$MH+0x0000000800c05800'
Event: 25075.180 Thread 0x000002dbfea40b40 Unloading class 0x0000000800c05400 'java/lang/invoke/LambdaForm$MH+0x0000000800c05400'
Event: 25075.180 Thread 0x000002dbfea40b40 Unloading class 0x0000000800c04400 'java/lang/invoke/LambdaForm$MH+0x0000000800c04400'
Event: 25075.180 Thread 0x000002dbfea40b40 Unloading class 0x0000000800c04000 'java/lang/invoke/LambdaForm$MH+0x0000000800c04000'
Event: 25075.180 Thread 0x000002dbfea40b40 Unloading class 0x0000000800c03800 'java/lang/invoke/LambdaForm$MH+0x0000000800c03800'
Event: 25075.180 Thread 0x000002dbfea40b40 Unloading class 0x0000000800c02c00 'java/lang/invoke/LambdaForm$MH+0x0000000800c02c00'
Event: 25075.180 Thread 0x000002dbfea40b40 Unloading class 0x0000000800c02400 'java/lang/invoke/LambdaForm$MH+0x0000000800c02400'
Event: 25075.180 Thread 0x000002dbfea40b40 Unloading class 0x0000000800c01c00 'java/lang/invoke/LambdaForm$MH+0x0000000800c01c00'
Event: 25075.180 Thread 0x000002dbfea40b40 Unloading class 0x0000000800c01400 'java/lang/invoke/LambdaForm$MH+0x0000000800c01400'
Event: 26966.247 Thread 0x000002dbfea40b40 Unloading class 0x0000000801a1ec00 'jdk/internal/reflect/GeneratedConstructorAccessor80'
Event: 26966.247 Thread 0x000002dbfea40b40 Unloading class 0x0000000801a1e800 'jdk/internal/reflect/GeneratedConstructorAccessor79'
Event: 26966.247 Thread 0x000002dbfea40b40 Unloading class 0x00000008019f8800 'java/lang/invoke/LambdaForm$DMH+0x00000008019f8800'
Event: 34733.157 Thread 0x000002dbfea40b40 Unloading class 0x000000080189c400 'jdk/internal/reflect/GeneratedMethodAccessor31'
Event: 34733.157 Thread 0x000002dbfea40b40 Unloading class 0x000000080189c000 'jdk/internal/reflect/GeneratedMethodAccessor30'

Classes redefined (0 events):
No events

Internal exceptions (20 events):
Event: 14232.527 Thread 0x000002db97ca31a0 Implicit null exception at 0x000002db87f4862e to 0x000002db87f488a8
Event: 14233.526 Thread 0x000002db97ca31a0 Implicit null exception at 0x000002db87f4862e to 0x000002db87f488a8
Event: 14234.527 Thread 0x000002db97ca31a0 Implicit null exception at 0x000002db87f47e14 to 0x000002db87f48094
Event: 25960.692 Thread 0x000002db9d7b7630 Implicit null exception at 0x000002db880b1740 to 0x000002db880b2238
Event: 25960.692 Thread 0x000002db9d7b7630 Implicit null exception at 0x000002db87cd5640 to 0x000002db87cd5dc4
Event: 26655.340 Thread 0x000002db9fc7a4b0 Implicit null exception at 0x000002db87e17646 to 0x000002db87e1cd68
Event: 29675.034 Thread 0x000002db9dee9350 Implicit null exception at 0x000002db87ba4140 to 0x000002db87ba4b98
Event: 34728.154 Thread 0x000002db9d7b0780 Implicit null exception at 0x000002db87f31160 to 0x000002db87f31d60
Event: 34731.719 Thread 0x000002db9d7b32d0 Exception <a 'java/net/ConnectException'{0x00000006893b9d58}: Connection refused: no further information> (0x00000006893b9d58) 
thrown [t:\workspace\open\src\hotspot\share\prims\jni.cpp, line 535]
Event: 34731.720 Thread 0x000002db9d7b32d0 Exception <a 'java/net/SocketException'{0x00000006893ba5e0}: Socket is not connected: shutdown> (0x00000006893ba5e0) 
thrown [t:\workspace\open\src\hotspot\share\prims\jni.cpp, line 535]
Event: 34731.722 Thread 0x000002db9d7b32d0 Exception <a 'java/net/ConnectException'{0x00000006893c2348}: Connection refused: no further information> (0x00000006893c2348) 
thrown [t:\workspace\open\src\hotspot\share\prims\jni.cpp, line 535]
Event: 34731.723 Thread 0x000002db9d7b32d0 Exception <a 'java/net/SocketException'{0x00000006893c2bd0}: Socket is not connected: shutdown> (0x00000006893c2bd0) 
thrown [t:\workspace\open\src\hotspot\share\prims\jni.cpp, line 535]
Event: 34731.975 Thread 0x000002db9d7b32d0 Implicit null exception at 0x000002db87f15006 to 0x000002db87f15ce8
Event: 34732.981 Thread 0x000002db97ca0ff0 Exception <a 'java/lang/InterruptedException'{0x0000000688cf50e8}: sleep interrupted> (0x0000000688cf50e8) 
thrown [t:\workspace\open\src\hotspot\share\prims\jvm.cpp, line 3067]
Event: 34735.507 Thread 0x000002db9deebea0 Exception <a 'sun/nio/fs/WindowsException'{0x000000069a115878}> (0x000000069a115878) 
thrown [t:\workspace\open\src\hotspot\share\prims\jni.cpp, line 516]
Event: 34772.509 Thread 0x000002db9deebea0 Exception <a 'java/lang/NoClassDefFoundError'{0x0000000689f34c80}: org/flywaydb/core/Flyway> (0x0000000689f34c80) 
thrown [t:\workspace\open\src\hotspot\share\oops\constantPool.cpp, line 835]
Event: 34772.568 Thread 0x000002db9deebea0 Exception <a 'java/lang/NoClassDefFoundError'{0x000000068985dab0}: org/jooq/DSLContext> (0x000000068985dab0) 
thrown [t:\workspace\open\src\hotspot\share\oops\constantPool.cpp, line 835]
Event: 34772.571 Thread 0x000002db9deebea0 Exception <a 'java/lang/NoClassDefFoundError'{0x0000000689878118}: org/springframework/batch/core/repository/JobRepository> (0x0000000689878118) 
thrown [t:\workspace\open\src\hotspot\share\oops\constantPool.cpp, line 835]
Event: 34772.571 Thread 0x000002db9deebea0 Exception <a 'java/lang/NoClassDefFoundError'{0x0000000689878760}: org/quartz/Scheduler> (0x0000000689878760) 
thrown [t:\workspace\open\src\hotspot\share\oops\constantPool.cpp, line 835]
Event: 34772.571 Thread 0x000002db9deebea0 Exception <a 'java/lang/NoClassDefFoundError'{0x0000000689878dd0}: org/springframework/session/jdbc/JdbcIndexedSessionRepository> (0x0000000689878dd0) 
thrown [t:\workspace\open\src\hotspot\share\oops\constantPool.cpp, line 835]

VM Operations (20 events):
Event: 34765.295 Executing VM operation: Cleanup
Event: 34765.350 Executing VM operation: Cleanup done
Event: 34766.267 Executing VM operation: HandshakeAllThreads
Event: 34766.268 Executing VM operation: HandshakeAllThreads done
Event: 34767.045 Executing VM operation: G1CollectForAllocation
Event: 34767.054 Executing VM operation: G1CollectForAllocation done
Event: 34767.259 Executing VM operation: G1Concurrent
Event: 34767.275 Executing VM operation: G1Concurrent done
Event: 34767.351 Executing VM operation: G1Concurrent
Event: 34767.351 Executing VM operation: G1Concurrent done
Event: 34768.353 Executing VM operation: Cleanup
Event: 34768.421 Executing VM operation: Cleanup done
Event: 34769.157 Executing VM operation: HandshakeAllThreads
Event: 34769.157 Executing VM operation: HandshakeAllThreads done
Event: 34770.158 Executing VM operation: Cleanup
Event: 34770.166 Executing VM operation: Cleanup done
Event: 34771.167 Executing VM operation: Cleanup
Event: 34771.168 Executing VM operation: Cleanup done
Event: 34772.168 Executing VM operation: Cleanup
Event: 34772.255 Executing VM operation: Cleanup done

Events (20 events):
Event: 34769.209 Thread 0x000002dbfea6c4d0 flushing nmethod 0x000002db814b5790
Event: 34769.210 Thread 0x000002dbfea6c4d0 flushing nmethod 0x000002db814c9c90
Event: 34769.210 Thread 0x000002dbfea6c4d0 flushing nmethod 0x000002db814dd390
Event: 34769.210 Thread 0x000002dbfea6c4d0 flushing nmethod 0x000002db814e4d90
Event: 34769.210 Thread 0x000002dbfea6c4d0 flushing nmethod 0x000002db814f2f90
Event: 34769.210 Thread 0x000002dbfea6c4d0 flushing nmethod 0x000002db81507790
Event: 34769.210 Thread 0x000002dbfea6c4d0 flushing nmethod 0x000002db8150f390
Event: 34769.210 Thread 0x000002dbfea6c4d0 flushing nmethod 0x000002db81516610
Event: 34769.210 Thread 0x000002dbfea6c4d0 flushing nmethod 0x000002db81517390
Event: 34769.210 Thread 0x000002dbfea6c4d0 flushing nmethod 0x000002db81518090
Event: 34769.211 Thread 0x000002dbfea6c4d0 flushing nmethod 0x000002db8152c710
Event: 34769.211 Thread 0x000002dbfea6c4d0 flushing nmethod 0x000002db81546e90
Event: 34769.211 Thread 0x000002dbfea6c4d0 flushing nmethod 0x000002db81553810
Event: 34769.212 Thread 0x000002dbfea6c4d0 flushing nmethod 0x000002db8155fa10
Event: 34769.212 Thread 0x000002dbfea6c4d0 flushing nmethod 0x000002db81563590
Event: 34769.212 Thread 0x000002dbfea6c4d0 flushing nmethod 0x000002db81567e10
Event: 34769.216 Thread 0x000002dbfea6c4d0 flushing nmethod 0x000002db816b4190
Event: 34769.216 Thread 0x000002dbfea6c4d0 flushing nmethod 0x000002db816b5790
Event: 34769.217 Thread 0x000002dbfea6c4d0 flushing nmethod 0x000002db81759c10
Event: 34772.492 Thread 0x000002db99f01710 Thread added: 0x000002db99f01710


Dynamic libraries:
0x00007ff617480000 - 0x00007ff617490000 	C:\Program Files\Java\jdk-17.0.2\bin\java.exe
0x00007ff8783b0000 - 0x00007ff8785c7000 	C:\WINDOWS\SYSTEM32\ntdll.dll
0x00007ff877860000 - 0x00007ff877924000 	C:\WINDOWS\System32\KERNEL32.DLL
0x00007ff875d20000 - 0x00007ff8760d7000 	C:\WINDOWS\System32\KERNELBASE.dll
0x00007ff875c00000 - 0x00007ff875d11000 	C:\WINDOWS\System32\ucrtbase.dll
0x00007ff85fbe0000 - 0x00007ff85fbf8000 	C:\Program Files\Java\jdk-17.0.2\bin\jli.dll
0x00007ff876240000 - 0x00007ff8762f2000 	C:\WINDOWS\System32\ADVAPI32.dll
0x00007ff877950000 - 0x00007ff8779f7000 	C:\WINDOWS\System32\msvcrt.dll
0x00007ff877c50000 - 0x00007ff877cf8000 	C:\WINDOWS\System32\sechost.dll
0x00007ff8757d0000 - 0x00007ff8757f8000 	C:\WINDOWS\System32\bcrypt.dll
0x00007ff877220000 - 0x00007ff877334000 	C:\WINDOWS\System32\RPCRT4.dll
0x00007ff876300000 - 0x00007ff8764af000 	C:\WINDOWS\System32\USER32.dll
0x00007ff875ab0000 - 0x00007ff875ad6000 	C:\WINDOWS\System32\win32u.dll
0x00007ff877160000 - 0x00007ff877189000 	C:\WINDOWS\System32\GDI32.dll
0x00007ff875ae0000 - 0x00007ff875bf8000 	C:\WINDOWS\System32\gdi32full.dll
0x00007ff875730000 - 0x00007ff8757ca000 	C:\WINDOWS\System32\msvcp_win.dll
0x00007ff858b10000 - 0x00007ff858b2a000 	C:\Program Files\Java\jdk-17.0.2\bin\VCRUNTIME140.dll
0x00007ff860c30000 - 0x00007ff860ec3000 	C:\WINDOWS\WinSxS\amd64_microsoft.windows.common-controls_6595b64144ccf1df_6.0.22621.3672_none_2713b9d173822955\COMCTL32.dll
0x00007ff86e650000 - 0x00007ff86e65a000 	C:\WINDOWS\SYSTEM32\VERSION.dll
0x00007ff877340000 - 0x00007ff877371000 	C:\WINDOWS\System32\IMM32.DLL
0x00007ff86eb20000 - 0x00007ff86eb2c000 	C:\Program Files\Java\jdk-17.0.2\bin\vcruntime140_1.dll
0x00007ff805060000 - 0x00007ff8050ed000 	C:\Program Files\Java\jdk-17.0.2\bin\msvcp140.dll
0x00007ff804490000 - 0x00007ff805051000 	C:\Program Files\Java\jdk-17.0.2\bin\server\jvm.dll
0x00007ff877150000 - 0x00007ff877158000 	C:\WINDOWS\System32\PSAPI.DLL
0x00007ff86d7e0000 - 0x00007ff86d7e9000 	C:\WINDOWS\SYSTEM32\WSOCK32.dll
0x00007ff877a00000 - 0x00007ff877a71000 	C:\WINDOWS\System32\WS2_32.dll
0x00007ff86dd50000 - 0x00007ff86dd84000 	C:\WINDOWS\SYSTEM32\WINMM.dll
0x00007ff8747c0000 - 0x00007ff8747d8000 	C:\WINDOWS\SYSTEM32\kernel.appcore.dll
0x00007ff86a590000 - 0x00007ff86a59a000 	C:\Program Files\Java\jdk-17.0.2\bin\jimage.dll
0x00007ff872ec0000 - 0x00007ff8730f2000 	C:\WINDOWS\SYSTEM32\DBGHELP.DLL
0x00007ff877fd0000 - 0x00007ff87835e000 	C:\WINDOWS\System32\combase.dll
0x00007ff876510000 - 0x00007ff8765e7000 	C:\WINDOWS\System32\OLEAUT32.dll
0x00007ff860ee0000 - 0x00007ff860f12000 	C:\WINDOWS\SYSTEM32\dbgcore.DLL
0x00007ff875970000 - 0x00007ff8759eb000 	C:\WINDOWS\System32\bcryptPrimitives.dll
0x00007ff834200000 - 0x00007ff834225000 	C:\Program Files\Java\jdk-17.0.2\bin\java.dll
0x00007ff8043b0000 - 0x00007ff804486000 	C:\Program Files\Java\jdk-17.0.2\bin\jsvml.dll
0x00007ff8766e0000 - 0x00007ff876f49000 	C:\WINDOWS\System32\SHELL32.dll
0x00007ff8735e0000 - 0x00007ff873edf000 	C:\WINDOWS\SYSTEM32\windows.storage.dll
0x00007ff8734a0000 - 0x00007ff8735df000 	C:\WINDOWS\SYSTEM32\wintypes.dll
0x00007ff876f50000 - 0x00007ff877049000 	C:\WINDOWS\System32\SHCORE.dll
0x00007ff8765f0000 - 0x00007ff87664e000 	C:\WINDOWS\System32\shlwapi.dll
0x00007ff8755f0000 - 0x00007ff875617000 	C:\WINDOWS\SYSTEM32\profapi.dll
0x00007ff832ae0000 - 0x00007ff832af9000 	C:\Program Files\Java\jdk-17.0.2\bin\net.dll
0x00007ff86e9c0000 - 0x00007ff86eaf6000 	C:\WINDOWS\SYSTEM32\WINHTTP.dll
0x00007ff874c20000 - 0x00007ff874c89000 	C:\WINDOWS\system32\mswsock.dll
0x00007ff832ac0000 - 0x00007ff832ad6000 	C:\Program Files\Java\jdk-17.0.2\bin\nio.dll
0x00007ff837280000 - 0x00007ff837298000 	C:\Program Files\Java\jdk-17.0.2\bin\zip.dll
0x00007ff8341f0000 - 0x00007ff8341f9000 	C:\Program Files\Java\jdk-17.0.2\bin\management.dll
0x00007ff8341e0000 - 0x00007ff8341eb000 	C:\Program Files\Java\jdk-17.0.2\bin\management_ext.dll
0x00007ff843e80000 - 0x00007ff843e97000 	C:\WINDOWS\system32\napinsp.dll
0x00007ff834150000 - 0x00007ff83416b000 	C:\WINDOWS\system32\pnrpnsp.dll
0x00007ff874230000 - 0x00007ff874332000 	C:\WINDOWS\SYSTEM32\DNSAPI.dll
0x00007ff8741c0000 - 0x00007ff8741ed000 	C:\WINDOWS\SYSTEM32\IPHLPAPI.DLL
0x00007ff877190000 - 0x00007ff877199000 	C:\WINDOWS\System32\NSI.dll
0x00007ff834130000 - 0x00007ff834141000 	C:\WINDOWS\System32\winrnr.dll
0x00007ff86d440000 - 0x00007ff86d455000 	C:\WINDOWS\system32\wshbth.dll
0x00007ff834100000 - 0x00007ff834127000 	C:\WINDOWS\system32\nlansp_c.dll
0x00007ff86b6a0000 - 0x00007ff86b6aa000 	C:\Windows\System32\rasadhlp.dll
0x00007ff86d480000 - 0x00007ff86d503000 	C:\WINDOWS\System32\fwpuclnt.dll
0x00007ff874f70000 - 0x00007ff874f8b000 	C:\WINDOWS\SYSTEM32\CRYPTSP.dll
0x00007ff874720000 - 0x00007ff874755000 	C:\WINDOWS\system32\rsaenh.dll
0x00007ff874cc0000 - 0x00007ff874ce8000 	C:\WINDOWS\SYSTEM32\USERENV.dll
0x00007ff874f50000 - 0x00007ff874f5c000 	C:\WINDOWS\SYSTEM32\CRYPTBASE.dll
0x00007ff86f200000 - 0x00007ff86f219000 	C:\WINDOWS\SYSTEM32\dhcpcsvc6.DLL
0x00007ff86e970000 - 0x00007ff86e98f000 	C:\WINDOWS\SYSTEM32\dhcpcsvc.DLL
0x00007ff816050000 - 0x00007ff81605e000 	C:\Program Files\Java\jdk-17.0.2\bin\sunmscapi.dll
0x00007ff875800000 - 0x00007ff875966000 	C:\WINDOWS\System32\CRYPT32.dll
0x00007ff875080000 - 0x00007ff8750ad000 	C:\WINDOWS\SYSTEM32\ncrypt.dll
0x00007ff875040000 - 0x00007ff875077000 	C:\WINDOWS\SYSTEM32\NTASN1.dll
0x00007ff855140000 - 0x00007ff855150000 	C:\Program Files\Java\jdk-17.0.2\bin\verify.dll
0x00007ff85f870000 - 0x00007ff85f878000 	C:\WINDOWS\system32\wshunix.dll
0x00007ff848e10000 - 0x00007ff848f2c000 	C:\Users\ousse\AppData\Local\Temp\libzstd-jni-1.5.6-38845098983962023599.dll

dbghelp: loaded successfully - version: 4.0.5 - missing functions: none
symbol engine: initialized successfully - sym options: 0x614 - pdb path: .;C:\Program Files\Java\jdk-17.0.2\bin;C:\WINDOWS\SYSTEM32;C:\WINDOWS\WinSxS\amd64_microsoft.windows.common-controls_6595b64144ccf1df_6.0.22621.3672_none_2713b9d173822955;C:\Program Files\Java\jdk-17.0.2\bin\server;C:\Users\ousse\AppData\Local\Temp

VM Arguments:
jvm_args: -Dcom.sun.management.jmxremote -Dcom.sun.management.jmxremote.port=54403 -Dcom.sun.management.jmxremote.authenticate=false -Dcom.sun.management.jmxremote.ssl=false -Dspring.jmx.enabled=true -Djava.rmi.server.hostname=localhost -Dspring.application.admin.enabled=true -Dspring.boot.project.name=order -XX:+ShowCodeDetailsInExceptionMessages -Dmanagement.endpoints.jmx.exposure.include=* 
java_command: com.order.OrderServiceApplication
java_class_path (initial): D:\_IT\Dev\Programmation JAVA\Projects\online-shopping-microservices-architectures\order\target\classes;C:\Users\ousse\.m2\repository\org\springframework\boot\spring-boot-starter-data-jpa\3.3.3\spring-boot-starter-data-jpa-3.3.3.jar;C:\Users\ousse\.m2\repository\org\springframework\boot\spring-boot-starter-aop\3.3.3\spring-boot-starter-aop-3.3.3.jar;C:\Users\ousse\.m2\repository\org\springframework\spring-aop\6.1.12\spring-aop-6.1.12.jar;C:\Users\ousse\.m2\repository\org\aspectj\aspectjweaver\1.9.22.1\aspectjweaver-1.9.22.1.jar;C:\Users\ousse\.m2\repository\org\springframework\boot\spring-boot-starter-jdbc\3.3.3\spring-boot-starter-jdbc-3.3.3.jar;C:\Users\ousse\.m2\repository\com\zaxxer\HikariCP\5.1.0\HikariCP-5.1.0.jar;C:\Users\ousse\.m2\repository\org\springframework\spring-jdbc\6.1.12\spring-jdbc-6.1.12.jar;C:\Users\ousse\.m2\repository\org\hibernate\orm\hibernate-core\6.5.2.Final\hibernate-core-6.5.2.Final.jar;C:\Users\ousse\.m2\repository\jakarta\persistence\jakarta.persistence-api\3.1.0\jakarta.persistence-api-3.1.0.jar;C:\Users\ousse\.m2\repository\jakarta\transaction\jakarta.transaction-api\2.0.1\jakarta.transaction-api-2.0.1.jar;C:\Users\ousse\.m2\repository\org\jboss\logging\jboss-logging\3.5.3.Final\jboss-logging-3.5.3.Final.jar;C:\Users\ousse\.m2\repository\org\hibernate\common\hibernate-commons-annotations\6.0.6.Final\hibernate-commons-annotations-6.0.6.Final.jar;C:\Users\ousse\.m2\repository\io\smallrye\jandex\3.1.2\jandex-3.1.2.jar;C:\Users\ousse\.m2\repository\com\fasterxml\classmate\1.7.0\classmate-1.7.0.jar;C:\Users\ousse\.m2\repository\org\glassfish\jaxb\jaxb-runtime\4.0.5\jaxb-runtime-4.0.5.jar;C:\Users\ousse\.m2\repository\org\glassfish\jaxb\jaxb-core\4.0.5\jaxb-core-4.0.5.jar;C:\Users\ousse\.m2\repository\org\eclipse\angus\angus-activation\2.0.2\angus-activation-2.0.2.jar;C:\Users\ousse\.m2\repository\org\glassfish\jaxb\txw2\4.0.5\txw2-4.0.5.jar;C:\Users\ousse\.m2\repository\com\sun\istack\istack-commons-runtime\4.1
Launcher Type: SUN_STANDARD

[Global flags]
     intx CICompilerCount                          = 4                                         {product} {ergonomic}
     uint ConcGCThreads                            = 2                                         {product} {ergonomic}
     uint G1ConcRefinementThreads                  = 8                                         {product} {ergonomic}
   size_t G1HeapRegionSize                         = 4194304                                   {product} {ergonomic}
    uintx GCDrainStackTargetSize                   = 64                                        {product} {ergonomic}
   size_t InitialHeapSize                          = 402653184                                 {product} {ergonomic}
     bool ManagementServer                         = true                                      {product} {command line}
   size_t MarkStackSize                            = 4194304                                   {product} {ergonomic}
   size_t MaxHeapSize                              = 6404702208                                {product} {ergonomic}
   size_t MaxNewSize                               = 3841982464                                {product} {ergonomic}
   size_t MinHeapDeltaBytes                        = 4194304                                   {product} {ergonomic}
   size_t MinHeapSize                              = 8388608                                   {product} {ergonomic}
    uintx NonNMethodCodeHeapSize                   = 5839372                                {pd product} {ergonomic}
    uintx NonProfiledCodeHeapSize                  = 122909434                              {pd product} {ergonomic}
    uintx ProfiledCodeHeapSize                     = 122909434                              {pd product} {ergonomic}
    uintx ReservedCodeCacheSize                    = 251658240                              {pd product} {ergonomic}
     bool SegmentedCodeCache                       = true                                      {product} {ergonomic}
     bool ShowCodeDetailsInExceptionMessages       = true                                   {manageable} {command line}
   size_t SoftMaxHeapSize                          = 6404702208                             {manageable} {ergonomic}
     bool UseCompressedClassPointers               = true                           {product lp64_product} {ergonomic}
     bool UseCompressedOops                        = true                           {product lp64_product} {ergonomic}
     bool UseG1GC                                  = true                                      {product} {ergonomic}
     bool UseLargePagesIndividualAllocation        = false                                  {pd product} {ergonomic}

Logging:
Log output configuration:
 #0: stdout all=warning uptime,level,tags
 #1: stderr all=off uptime,level,tags

Environment Variables:
JAVA_HOME=C:\Program Files\Java\jdk-17.0.2
PATH=C:\Users\ousse\AppData\Local\fnm_multishells\20448_1728791553673;C:\Program Files (x86)\Razer Chroma SDK\bin;C:\Program Files\Razer Chroma SDK\bin;C:\Program Files (x86)\Razer\ChromaBroadcast\bin;C:\Program Files\Razer\ChromaBroadcast\bin;C:\WINDOWS\system32;C:\WINDOWS;C:\WINDOWS\System32\Wbem;C:\WINDOWS\System32\WindowsPowerShell\v1.0\;C:\WINDOWS\System32\OpenSSH\;C:\Program Files (x86)\NVIDIA Corporation\PhysX\Common;C:\Program Files\mingw64\bin;C:\Program Files\Java\jdk-17.0.2\bin;C:\Program Files\Java\jdk-11.0.14\bin;C:\Program Files (x86)\Common Files\Oracle\Java\javapath;C:\Program Files\Java\jdk1.8.0_202\bin;C:\Program Files\Java\jdk-18\bin;C:\Program Files\Java\jdk-15.0.2\bin\;C:\Program Files (x86)\dotnet\;D:\wamp64\bin\php\php8.1.0;C:\Users\ousse\AppData\Roaming\Composer\vendor\bin;D:\wamp64\bin\mysql\mysql8.0.27\bin;C:\ProgramData\ComposerSetup\bin;C:\Users\ousse\AppData\Roaming\npm\node_modules\@angular\cli;C:\Users\ousse\AppData\Roaming\npm;C:\ProgramData\chocolatey\bin;C:\Program Files\leJOS EV3\bin;C:\Program Files\apache-maven-3.8.5-bin\apache-maven-3.8.5\bin;C:\Windows\System32\;C:\Program Files\Amazon\AWSCLIV2\;C:\Program Files\PuTTY\;C:\WINDOWS\system32\config\systemprofile\AppData\Local\Microsoft\WindowsApps;D:\Program Files\Kubernetes\Minikube;C:\Program Files\Git\cmd;C:\Users\ousse\AppData\Local\Coursier\data\bin;C:\Program Files (x86)\Microsoft SQL Server\160\Tools\Binn\;C:\Program Files\Microsoft SQL Server\160\Tools\Binn\;C:\Program Files\Microsoft SQL Server\Client SDK\ODBC\170\Tools\Binn\;C:\Program Files\Microsoft SQL Server\160\DTS\Binn\;C:\Users\ousse\AppData\Local\Programs\Python\Python312\;C:\Users\ousse\AppData\Local\Programs\Python\Python312\Scripts\;C:\Users\ousse\AppData\Local\Packages\PythonSoftwareFoundation.Python.3.12_qbz5n2kfra8p0\LocalCache\local-packages\Python312\Scripts;C:\Program Files\WireGuard\;C:\ProgramData\nvm;C:\Program Files\nodejs;C:\WINDOWS\system32;C:\WINDOWS;C:\WINDOWS\System32\Wbem;C:\WINDOWS\System32\Windo
USERNAME=ousseini
LANG=en_US.UTF-8
OS=Windows_NT
PROCESSOR_IDENTIFIER=Intel64 Family 6 Model 142 Stepping 11, GenuineIntel



---------------  S Y S T E M  ---------------

OS:
 Windows 11 , 64 bit Build 22621 (10.0.22621.3958)
OS uptime: 0 days 10:06 hours
Hyper-V role detected

CPU: total 8 (initial active 8) (4 cores per cpu, 2 threads per core) family 6 model 142 stepping 11 microcode 0xf0, cx8, cmov, fxsr, ht, mmx, 3dnowpref, sse, sse2, sse3, ssse3, sse4.1, sse4.2, popcnt, lzcnt, tsc, tscinvbit, avx, avx2, aes, erms, clmul, bmi1, bmi2, adx, fma, vzeroupper, clflush, clflushopt, hv

Memory: 4k page, system-wide physical 24420M (3274M free)
TotalPageFile size 32612M (AvailPageFile size 5M)
current process WorkingSet (physical memory assigned to process): 399M, peak: 431M
current process commit charge ("private bytes"): 504M, peak: 545M

vm_info: Java HotSpot(TM) 64-Bit Server VM (17.0.2+8-LTS-86) for windows-amd64 JRE (17.0.2+8-LTS-86), built on Dec  7 2021 21:51:03 by "mach5one" with MS VC++ 16.8 / 16.9 (VS2019)

END.
