#
# There is insufficient memory for the Java Runtime Environment to continue.
# Native memory allocation (malloc) failed to allocate 1226208 bytes for Chunk::new
# Possible reasons:
#   The system is out of physical RAM or swap space
#   The process is running with CompressedOops enabled, and the Java Heap may be blocking the growth of the native heap
# Possible solutions:
#   Reduce memory load on the system
#   Increase physical memory or swap space
#   Check if swap backing store is full
#   Decrease Java heap size (-Xmx/-Xms)
#   Decrease number of Java threads
#   Decrease Java thread stack sizes (-Xss)
#   Set larger code cache with -XX:ReservedCodeCacheSize=
#   JVM is running with Zero Based Compressed Oops mode in which the Java heap is
#     placed in the first 32GB address space. The Java Heap base address is the
#     maximum limit for the native heap growth. Please use -XX:HeapBaseMinAddress
#     to set the Java Heap base and to place the Java Heap above 32GB virtual address.
# This output file may be truncated or incomplete.
#
#  Out of Memory Error (arena.cpp:189), pid=25812, tid=32308
#
# JRE version: Java(TM) SE Runtime Environment (17.0.2+8) (build 17.0.2+8-LTS-86)
# Java VM: Java HotSpot(TM) 64-Bit Server VM (17.0.2+8-LTS-86, mixed mode, sharing, tiered, compressed oops, compressed class ptrs, g1 gc, windows-amd64)
# No core dump will be written. Minidumps are not enabled by default on client versions of Windows
#

---------------  S U M M A R Y ------------

Command Line: -Dcom.sun.management.jmxremote -Dcom.sun.management.jmxremote.port=29921 -Dcom.sun.management.jmxremote.authenticate=false -Dcom.sun.management.jmxremote.ssl=false -Dspring.jmx.enabled=true -Djava.rmi.server.hostname=localhost -Dspring.application.admin.enabled=true -Dspring.boot.project.name=inventory -XX:+ShowCodeDetailsInExceptionMessages -Dmanagement.endpoints.jmx.exposure.include=* com.inventory.InventoryServiceApplication

Host: Intel(R) Core(TM) i5-8265U CPU @ 1.60GHz, 8 cores, 23G,  Windows 11 , 64 bit Build 22621 (10.0.22621.3958)
Time: Sun Oct 13 16:15:18 2024 Paris, Madrid (heure duild 22621 (10.0.22621.3958) elapsed time: 76.048455 seconds (0d 0h 1m 16s)

---------------  T H R E A D  ---------------

Current thread (0x0000022b3ece8910):  JavaThread "C2 CompilerThread2" daemon [_thread_in_native, id=32308, stack(0x0000005786c00000,0x0000005786d00000)]


Current CompileTask:
C2:  76048 5006       4       java.util.function.BiPredicate::lambda$or$2 (28 bytes)

Stack: [0x0000005786c00000,0x0000005786d00000]
Native frames: (J=compiled Java code, j=interpreted, Vv=VM code, C=native code)
V  [jvm.dll+0x670baa]
V  [jvm.dll+0x7cfcb4]
V  [jvm.dll+0x7d145e]
V  [jvm.dll+0x7d1ac3]
V  [jvm.dll+0x242bc5]
V  [jvm.dll+0xaa57b]
V  [jvm.dll+0xaab0c]
V  [jvm.dll+0x35fd07]
V  [jvm.dll+0x1b9b68]
V  [jvm.dll+0x215de9]
V  [jvm.dll+0x2150b1]
V  [jvm.dll+0x1a1bbd]
V  [jvm.dll+0x224908]
V  [jvm.dll+0x222a6c]
V  [jvm.dll+0x7859bb]
V  [jvm.dll+0x77ff7a]
V  [jvm.dll+0x66fa35]
C  [ucrtbase.dll+0x29333]
C  [KERNEL32.DLL+0x1257d]
C  [ntdll.dll+0x5af08]


---------------  P R O C E S S  ---------------

Threads class SMR info:
_java_thread_list=0x0000022b3eae7fa0, length=22, elements={
0x0000022b15215c10, 0x0000022b3ca59a70, 0x0000022b3ca5a8e0, 0x0000022b3ca72fb0,
0x0000022b3ca75f80, 0x0000022b3ca78270, 0x0000022b3ca78740, 0x0000022b3ca82420,
0x0000022b3caade60, 0x0000022b3caae370, 0x0000022b3ca79a80, 0x0000022b3ca78c10,
0x0000022b3ca7b290, 0x0000022b3ca7a8f0, 0x0000022b3ca795b0, 0x0000022b3ca77da0,
0x0000022b3ca7b760, 0x0000022b3ca790e0, 0x0000022b3ca7a420, 0x0000022b3ca7adc0,
0x0000022b3ece79e0, 0x0000022b3ece8910
}

Java Threads: ( => current thread )
  0x0000022b15215c10 JavaThread "main" [_thread_blocked, id=30604, stack(0x0000005784900000,0x0000005784a00000)]
  0x0000022b3ca59a70 JavaThread "Reference Handler" daemon [_thread_blocked, id=18960, stack(0x0000005785000000,0x0000005785100000)]
  0x0000022b3ca5a8e0 JavaThread "Finalizer" daemon [_thread_blocked, id=20216, stack(0x0000005785100000,0x0000005785200000)]
  0x0000022b3ca72fb0 JavaThread "Signal Dispatcher" daemon [_thread_blocked, id=23108, stack(0x0000005785200000,0x0000005785300000)]
  0x0000022b3ca75f80 JavaThread "Attach Listener" daemon [_thread_blocked, id=36072, stack(0x0000005785300000,0x0000005785400000)]
  0x0000022b3ca78270 JavaThread "Service Thread" daemon [_thread_blocked, id=23988, stack(0x0000005785400000,0x0000005785500000)]
  0x0000022b3ca78740 JavaThread "Monitor Deflation Thread" daemon [_thread_blocked, id=8856, stack(0x0000005785500000,0x0000005785600000)]
  0x0000022b3ca82420 JavaThread "C2 CompilerThread0" daemon [_thread_in_native, id=3196, stack(0x0000005785600000,0x0000005785700000)]
  0x0000022b3caade60 JavaThread "C1 CompilerThread0" daemon [_thread_blocked, id=33392, stack(0x0000005785700000,0x0000005785800000)]
  0x0000022b3caae370 JavaThread "Sweeper thread" daemon [_thread_blocked, id=31108, stack(0x0000005785800000,0x0000005785900000)]
  0x0000022b3ca79a80 JavaThread "Common-Cleaner" daemon [_thread_blocked, id=35588, stack(0x0000005785900000,0x0000005785a00000)]
  0x0000022b3ca78c10 JavaThread "Notification Thread" daemon [_thread_blocked, id=35560, stack(0x0000005785a00000,0x0000005785b00000)]
  0x0000022b3ca7b290 JavaThread "RMI TCP Accept-0" daemon [_thread_in_native, id=23700, stack(0x0000005785c00000,0x0000005785d00000)]
  0x0000022b3ca7a8f0 JavaThread "RMI TCP Accept-29921" daemon [_thread_in_native, id=35064, stack(0x0000005785d00000,0x0000005785e00000)]
  0x0000022b3ca795b0 JavaThread "RMI TCP Accept-0" daemon [_thread_in_native, id=29516, stack(0x0000005785e00000,0x0000005785f00000)]
  0x0000022b3ca77da0 JavaThread "RMI TCP Connection(idle)" daemon [_thread_blocked, id=39728, stack(0x0000005786600000,0x0000005786700000)]
  0x0000022b3ca7b760 JavaThread "RMI TCP Connection(idle)" daemon [_thread_blocked, id=23736, stack(0x0000005786a00000,0x0000005786b00000)]
  0x0000022b3ca790e0 JavaThread "RMI Scheduler(0)" daemon [_thread_blocked, id=39336, stack(0x0000005786b00000,0x0000005786c00000)]
  0x0000022b3ca7a420 JavaThread "Thread-0" [_thread_blocked, id=3572, stack(0x0000005786900000,0x0000005786a00000)]
  0x0000022b3ca7adc0 JavaThread "restartedMain" [_thread_in_Java, id=35836, stack(0x0000005786d00000,0x0000005786e00000)]
  0x0000022b3ece79e0 JavaThread "C2 CompilerThread1" daemon [_thread_in_native, id=4336, stack(0x0000005784700000,0x0000005784800000)]
=>0x0000022b3ece8910 JavaThread "C2 CompilerThread2" daemon [_thread_in_native, id=32308, stack(0x0000005786c00000,0x0000005786d00000)]

Other Threads:
  0x0000022b3ca53b20 VMThread "VM Thread" [stack: 0x0000005784f00000,0x0000005785000000] [id=31008]
  0x0000022b3df25540 WatcherThread [stack: 0x0000005785f00000,0x0000005786000000] [id=10188]
  0x0000022b1527ce20 GCTaskThread "GC Thread#0" [stack: 0x0000005784a00000,0x0000005784b00000] [id=39824]
  0x0000022b3deb62d0 GCTaskThread "GC Thread#1" [stack: 0x0000005785b00000,0x0000005785c00000] [id=25656]
  0x0000022b3e361860 GCTaskThread "GC Thread#2" [stack: 0x0000005786000000,0x0000005786100000] [id=36448]
  0x0000022b3df2b8a0 GCTaskThread "GC Thread#3" [stack: 0x0000005786100000,0x0000005786200000] [id=11024]
  0x0000022b3df2bb50 GCTaskThread "GC Thread#4" [stack: 0x0000005786200000,0x0000005786300000] [id=19868]
  0x0000022b3e3795a0 GCTaskThread "GC Thread#5" [stack: 0x0000005786300000,0x0000005786400000] [id=39412]
  0x0000022b3e379850 GCTaskThread "GC Thread#6" [stack: 0x0000005786400000,0x0000005786500000] [id=24208]
  0x0000022b3e3478c0 GCTaskThread "GC Thread#7" [stack: 0x0000005786500000,0x0000005786600000] [id=24872]
  0x0000022b15289c30 ConcurrentGCThread "G1 Main Marker" [stack: 0x0000005784b00000,0x0000005784c00000] [id=26592]
  0x0000022b1528a640 ConcurrentGCThread "G1 Conc#0" [stack: 0x0000005784c00000,0x0000005784d00000] [id=32568]
  0x0000022b3e7abcf0 ConcurrentGCThread "G1 Conc#1" [stack: 0x0000005787000000,0x0000005787100000] [id=19572]
  0x0000022b3c9120c0 ConcurrentGCThread "G1 Refine#0" [stack: 0x0000005784d00000,0x0000005784e00000] [id=10920]
  0x0000022b3e382d20 ConcurrentGCThread "G1 Refine#1" [stack: 0x0000005786700000,0x0000005786800000] [id=32156]
  0x0000022b3c913af0 ConcurrentGCThread "G1 Service" [stack: 0x0000005784e00000,0x0000005784f00000] [id=20856]

Threads with active compile tasks:
C2 CompilerThread0    76129 4964       4       java.lang.Class::annotationData (44 bytes)
C2 CompilerThread1    76129 5072       4       org.springframework.util.ConcurrentReferenceHashMap::getReference (18 bytes)
C2 CompilerThread2    76129 5006       4       java.util.function.BiPredicate::lambda$or$2 (28 bytes)

VM state: not at safepoint (normal execution)

VM Mutex/Monitor currently owned by a thread: None

Heap address: 0x0000000682400000, size: 6108 MB, Compressed Oops mode: Zero based, Oop shift amount: 3

CDS archive(s) mapped at: [0x0000000800000000-0x0000000800bc0000-0x0000000800bc0000), size 12320768, SharedBaseAddress: 0x0000000800000000, ArchiveRelocationMode: 0.
Compressed class space mapped at: 0x0000000800c00000-0x0000000840c00000, reserved size: 1073741824
Narrow klass base: 0x0000000800000000, Narrow klass shift: 0, Narrow klass range: 0x100000000

GC Precious Log:
 CPUs: 8 total, 8 available
 Memory: 24420M
 Large Page Support: Disabled
 NUMA Support: Disabled
 Compressed Oops: Enabled (Zero based)
 Heap Region Size: 4M
 Heap Min Capacity: 8M
 Heap Initial Capacity: 384M
 Heap Max Capacity: 6108M
 Pre-touch: Disabled
 Parallel Workers: 8
 Concurrent Workers: 2
 Concurrent Refinement Workers: 8
 Periodic GC: Disabled

Heap:
 garbage-first heap   total 81920K, used 37959K [0x0000000682400000, 0x0000000800000000)
  region size 4096K, 6 young (24576K), 2 survivors (8192K)
 Metaspace       used 37017K, committed 37504K, reserved 1089536K
  class space    used 4744K, committed 4992K, reserved 1048576K

Heap Regions: E=young(eden), S=young(survivor), O=old, HS=humongous(starts), HC=humongous(continues), CS=collection set, F=free, OA=open archive, CA=closed archive, TAMS=top-at-mark-start (previous, next)
|   0|0x0000000682400000, 0x0000000682800000, 0x0000000682800000|100%| O|  |TAMS 0x0000000682800000, 0x0000000682400000| Untracked 
|   1|0x0000000682800000, 0x0000000682c00000, 0x0000000682c00000|100%| O|  |TAMS 0x0000000682c00000, 0x0000000682800000| Untracked 
|   2|0x0000000682c00000, 0x0000000682c00000, 0x0000000683000000|  0%| F|  |TAMS 0x0000000682c00000, 0x0000000682c00000| Untracked 
|   3|0x0000000683000000, 0x0000000683400000, 0x0000000683400000|100%| O|  |TAMS 0x0000000683400000, 0x0000000683000000| Untracked 
|   4|0x0000000683400000, 0x0000000683800000, 0x0000000683800000|100%| O|  |TAMS 0x0000000683800000, 0x0000000683400000| Untracked 
|   5|0x0000000683800000, 0x0000000683acde00, 0x0000000683c00000| 70%| O|  |TAMS 0x0000000683a7ce00, 0x0000000683800000| Untracked 
|   6|0x0000000683c00000, 0x0000000683c00000, 0x0000000684000000|  0%| F|  |TAMS 0x0000000683c00000, 0x0000000683c00000| Untracked 
|   7|0x0000000684000000, 0x0000000684000000, 0x0000000684400000|  0%| F|  |TAMS 0x0000000684000000, 0x0000000684000000| Untracked 
|   8|0x0000000684400000, 0x0000000684400000, 0x0000000684800000|  0%| F|  |TAMS 0x0000000684400000, 0x0000000684400000| Untracked 
|   9|0x0000000684800000, 0x0000000684800000, 0x0000000684c00000|  0%| F|  |TAMS 0x0000000684800000, 0x0000000684800000| Untracked 
|  10|0x0000000684c00000, 0x0000000684e43fb8, 0x0000000685000000| 56%| S|CS|TAMS 0x0000000684c00000, 0x0000000684c00000| Complete 
|  11|0x0000000685000000, 0x0000000685000000, 0x0000000685400000|  0%| F|  |TAMS 0x0000000685000000, 0x0000000685000000| Untracked 
|  12|0x0000000685400000, 0x0000000685800000, 0x0000000685800000|100%| S|CS|TAMS 0x0000000685400000, 0x0000000685400000| Complete 
|  13|0x0000000685800000, 0x0000000685800000, 0x0000000685c00000|  0%| F|  |TAMS 0x0000000685800000, 0x0000000685800000| Untracked 
|  14|0x0000000685c00000, 0x0000000685c00000, 0x0000000686000000|  0%| F|  |TAMS 0x0000000685c00000, 0x0000000685c00000| Untracked 
|  15|0x0000000686000000, 0x0000000686000000, 0x0000000686400000|  0%| F|  |TAMS 0x0000000686000000, 0x0000000686000000| Untracked 
|  16|0x0000000686400000, 0x00000006864925b0, 0x0000000686800000| 14%| E|  |TAMS 0x0000000686400000, 0x0000000686400000| Complete 
|  80|0x0000000696400000, 0x0000000696800000, 0x0000000696800000|100%| E|CS|TAMS 0x0000000696400000, 0x0000000696400000| Complete 
|  81|0x0000000696800000, 0x0000000696c00000, 0x0000000696c00000|100%| E|CS|TAMS 0x0000000696800000, 0x0000000696800000| Complete 
|  95|0x000000069a000000, 0x000000069a400000, 0x000000069a400000|100%| E|CS|TAMS 0x000000069a000000, 0x000000069a000000| Complete 

Card table byte_map: [0x0000022b2c970000,0x0000022b2d560000] _byte_map_base: 0x0000022b2955e000

Marking Bits (Prev, Next): (CMBitMap*) 0x0000022b1527d430, (CMBitMap*) 0x0000022b1527d470
 Prev Bits: [0x0000022b2e150000, 0x0000022b340c0000)
 Next Bits: [0x0000022b340c0000, 0x0000022b3a030000)

Polling page: 0x0000022b13180000

Metaspace:

Usage:
  Non-class:     31.52 MB used.
      Class:      4.63 MB used.
       Both:     36.15 MB used.

Virtual space:
  Non-class space:       40.00 MB reserved,      31.75 MB ( 79%) committed,  5 nodes.
      Class space:        1.00 GB reserved,       4.88 MB ( <1%) committed,  1 nodes.
             Both:        1.04 GB reserved,      36.62 MB (  3%) committed. 

Chunk freelists:
   Non-Class:  3.81 MB
       Class:  3.04 MB
        Both:  6.85 MB

MaxMetaspaceSize: unlimited
CompressedClassSpaceSize: 1.00 GB
Initial GC threshold: 21.00 MB
Current GC threshold: 58.88 MB
CDS: on
MetaspaceReclaimPolicy: balanced
 - commit_granule_bytes: 65536.
 - commit_granule_words: 8192.
 - virtual_space_node_default_size: 1048576.
 - enlarge_chunks_in_place: 1.
 - new_chunks_are_fully_committed: 0.
 - uncommit_free_chunks: 1.
 - use_allocation_guard: 0.
 - handle_deallocations: 1.


Internal statistics:

num_allocs_failed_limit: 6.
num_arena_births: 568.
num_arena_deaths: 0.
num_vsnodes_births: 6.
num_vsnodes_deaths: 0.
num_space_committed: 586.
num_space_uncommitted: 0.
num_chunks_returned_to_freelist: 6.
num_chunks_taken_from_freelist: 1849.
num_chunk_merges: 6.
num_chunk_splits: 1288.
num_chunks_enlarged: 943.
num_purges: 0.
num_inconsistent_stats: 0.

CodeHeap 'non-profiled nmethods': size=120000Kb used=2840Kb max_used=2931Kb free=117160Kb
 bounds [0x0000022b24510000, 0x0000022b24830000, 0x0000022b2ba40000]
CodeHeap 'profiled nmethods': size=120000Kb used=9217Kb max_used=10604Kb free=110782Kb
 bounds [0x0000022b1cfe0000, 0x0000022b1da40000, 0x0000022b24510000]
CodeHeap 'non-nmethods': size=5760Kb used=1240Kb max_used=1339Kb free=4519Kb
 bounds [0x0000022b1ca40000, 0x0000022b1ccb0000, 0x0000022b1cfe0000]
 total_blobs=4852 nmethods=4310 adapters=453
 compilation: enabled
              stopped_count=0, restarted_count=0
 full_count=0

Compilation events (20 events):
Event: 75.848 Thread 0x0000022b3caade60 5070       3       org.springframework.kafka.annotation.KafkaListenerAnnotationBeanPostProcessor::findListenerAnnotationsByAnnotatedElement (91 bytes)
Event: 75.851 Thread 0x0000022b3caade60 nmethod 5070 0x0000022b1cfe0310 code [0x0000022b1cfe0640, 0x0000022b1cfe1998]
Event: 75.851 Thread 0x0000022b3caade60 5071       3       org.springframework.core.annotation.AnnotatedElementUtils::findMergedAnnotation (59 bytes)
Event: 75.855 Thread 0x0000022b3caade60 nmethod 5071 0x0000022b1d1e0790 code [0x0000022b1d1e0aa0, 0x0000022b1d1e1da8]
Event: 75.855 Thread 0x0000022b3caade60 5074   !   3       org.aspectj.weaver.reflect.ReflectionBasedReferenceTypeDelegateFactory::create15Delegate (192 bytes)
Event: 75.861 Thread 0x0000022b3caade60 nmethod 5074 0x0000022b1d05ce10 code [0x0000022b1d05d380, 0x0000022b1d05fa78]
Event: 75.861 Thread 0x0000022b3caade60 5076       3       org.springframework.beans.factory.InjectionPoint::obtainMethodParameter (22 bytes)
Event: 75.862 Thread 0x0000022b3caade60 nmethod 5076 0x0000022b1d450c90 code [0x0000022b1d450e40, 0x0000022b1d4510e8]
Event: 75.862 Thread 0x0000022b3caade60 5075       3       org.aspectj.weaver.reflect.JavaLangTypeToResolvedTypeConverter::<init> (21 bytes)
Event: 75.863 Thread 0x0000022b3caade60 nmethod 5075 0x0000022b1d0fd510 code [0x0000022b1d0fd6c0, 0x0000022b1d0fda78]
Event: 75.866 Thread 0x0000022b3caade60 5077   !   3       org.springframework.util.ReflectionUtils::doWithLocalMethods (68 bytes)
Event: 75.867 Thread 0x0000022b3caade60 nmethod 5077 0x0000022b1d538310 code [0x0000022b1d538500, 0x0000022b1d538958]
Event: 75.867 Thread 0x0000022b3caade60 5078       3       org.springframework.transaction.annotation.SpringTransactionAnnotationParser::parseTransactionAnnotation (21 bytes)
Event: 75.868 Thread 0x0000022b3caade60 nmethod 5078 0x0000022b1d335f10 code [0x0000022b1d3360c0, 0x0000022b1d3362d8]
Event: 75.868 Thread 0x0000022b3caade60 5079       3       org.springframework.transaction.annotation.JtaTransactionAnnotationParser::parseTransactionAnnotation (19 bytes)
Event: 75.868 Thread 0x0000022b3caade60 nmethod 5079 0x0000022b1d398490 code [0x0000022b1d398640, 0x0000022b1d398838]
Event: 75.871 Thread 0x0000022b3caade60 5081       3       org.aspectj.apache.bcel.classfile.Method::<init> (12 bytes)
Event: 75.872 Thread 0x0000022b3caade60 nmethod 5081 0x0000022b1d35a810 code [0x0000022b1d35a9a0, 0x0000022b1d35aae8]
Event: 75.872 Thread 0x0000022b3caade60 5082       1       org.springframework.aop.support.AbstractExpressionPointcut::getExpression (5 bytes)
Event: 75.872 Thread 0x0000022b3caade60 nmethod 5082 0x0000022b2471c010 code [0x0000022b2471c1a0, 0x0000022b2471c278]

GC Heap History (18 events):
Event: 6.774 GC heap before
{Heap before GC invocations=0 (full 0):
 garbage-first heap   total 393216K, used 16384K [0x0000000682400000, 0x0000000800000000)
  region size 4096K, 5 young (20480K), 0 survivors (0K)
 Metaspace       used 5327K, committed 5504K, reserved 1056768K
  class space    used 567K, committed 640K, reserved 1048576K
}
Event: 8.818 GC heap after
{Heap after GC invocations=1 (full 0):
 garbage-first heap   total 393216K, used 9990K [0x0000000682400000, 0x0000000800000000)
  region size 4096K, 1 young (4096K), 1 survivors (4096K)
 Metaspace       used 5327K, committed 5504K, reserved 1056768K
  class space    used 567K, committed 640K, reserved 1048576K
}
Event: 12.705 GC heap before
{Heap before GC invocations=1 (full 0):
 garbage-first heap   total 393216K, used 22278K [0x0000000682400000, 0x0000000800000000)
  region size 4096K, 4 young (16384K), 1 survivors (4096K)
 Metaspace       used 8686K, committed 8960K, reserved 1064960K
  class space    used 1010K, committed 1152K, reserved 1048576K
}
Event: 12.715 GC heap after
{Heap after GC invocations=2 (full 0):
 garbage-first heap   total 393216K, used 11382K [0x0000000682400000, 0x0000000800000000)
  region size 4096K, 1 young (4096K), 1 survivors (4096K)
 Metaspace       used 8686K, committed 8960K, reserved 1064960K
  class space    used 1010K, committed 1152K, reserved 1048576K
}
Event: 20.544 GC heap before
{Heap before GC invocations=2 (full 0):
 garbage-first heap   total 393216K, used 35958K [0x0000000682400000, 0x0000000800000000)
  region size 4096K, 8 young (32768K), 1 survivors (4096K)
 Metaspace       used 12017K, committed 12288K, reserved 1064960K
  class space    used 1440K, committed 1600K, reserved 1048576K
}
Event: 20.550 GC heap after
{Heap after GC invocations=3 (full 0):
 garbage-first heap   total 393216K, used 12694K [0x0000000682400000, 0x0000000800000000)
  region size 4096K, 1 young (4096K), 1 survivors (4096K)
 Metaspace       used 12017K, committed 12288K, reserved 1064960K
  class space    used 1440K, committed 1600K, reserved 1048576K
}
Event: 46.068 GC heap before
{Heap before GC invocations=3 (full 0):
 garbage-first heap   total 393216K, used 61846K [0x0000000682400000, 0x0000000800000000)
  region size 4096K, 14 young (57344K), 1 survivors (4096K)
 Metaspace       used 21208K, committed 21504K, reserved 1073152K
  class space    used 2608K, committed 2752K, reserved 1048576K
}
Event: 46.078 GC heap after
{Heap after GC invocations=4 (full 0):
 garbage-first heap   total 393216K, used 16180K [0x0000000682400000, 0x0000000800000000)
  region size 4096K, 2 young (8192K), 2 survivors (8192K)
 Metaspace       used 21208K, committed 21504K, reserved 1073152K
  class space    used 2608K, committed 2752K, reserved 1048576K
}
Event: 53.425 GC heap before
{Heap before GC invocations=5 (full 0):
 garbage-first heap   total 81920K, used 57140K [0x0000000682400000, 0x0000000800000000)
  region size 4096K, 12 young (49152K), 2 survivors (8192K)
 Metaspace       used 24135K, committed 24512K, reserved 1073152K
  class space    used 2903K, committed 3072K, reserved 1048576K
}
Event: 53.439 GC heap after
{Heap after GC invocations=6 (full 0):
 garbage-first heap   total 81920K, used 19453K [0x0000000682400000, 0x0000000800000000)
  region size 4096K, 2 young (8192K), 2 survivors (8192K)
 Metaspace       used 24135K, committed 24512K, reserved 1073152K
  class space    used 2903K, committed 3072K, reserved 1048576K
}
Event: 54.159 GC heap before
{Heap before GC invocations=6 (full 0):
 garbage-first heap   total 81920K, used 23549K [0x0000000682400000, 0x0000000800000000)
  region size 4096K, 3 young (12288K), 2 survivors (8192K)
 Metaspace       used 24243K, committed 24576K, reserved 1073152K
  class space    used 2917K, committed 3072K, reserved 1048576K
}
Event: 54.170 GC heap after
{Heap after GC invocations=7 (full 0):
 garbage-first heap   total 81920K, used 20135K [0x0000000682400000, 0x0000000800000000)
  region size 4096K, 1 young (4096K), 1 survivors (4096K)
 Metaspace       used 24243K, committed 24576K, reserved 1073152K
  class space    used 2917K, committed 3072K, reserved 1048576K
}
Event: 60.991 GC heap before
{Heap before GC invocations=7 (full 0):
 garbage-first heap   total 81920K, used 52903K [0x0000000682400000, 0x0000000800000000)
  region size 4096K, 9 young (36864K), 1 survivors (4096K)
 Metaspace       used 27418K, committed 27776K, reserved 1081344K
  class space    used 3327K, committed 3520K, reserved 1048576K
}
Event: 60.998 GC heap after
{Heap after GC invocations=8 (full 0):
 garbage-first heap   total 81920K, used 21514K [0x0000000682400000, 0x0000000800000000)
  region size 4096K, 1 young (4096K), 1 survivors (4096K)
 Metaspace       used 27418K, committed 27776K, reserved 1081344K
  class space    used 3327K, committed 3520K, reserved 1048576K
}
Event: 65.919 GC heap before
{Heap before GC invocations=8 (full 0):
 garbage-first heap   total 81920K, used 54282K [0x0000000682400000, 0x0000000800000000)
  region size 4096K, 9 young (36864K), 1 survivors (4096K)
 Metaspace       used 31118K, committed 31488K, reserved 1081344K
  class space    used 3968K, committed 4160K, reserved 1048576K
}
Event: 65.926 GC heap after
{Heap after GC invocations=9 (full 0):
 garbage-first heap   total 81920K, used 23327K [0x0000000682400000, 0x0000000800000000)
  region size 4096K, 2 young (8192K), 2 survivors (8192K)
 Metaspace       used 31118K, committed 31488K, reserved 1081344K
  class space    used 3968K, committed 4160K, reserved 1048576K
}
Event: 72.386 GC heap before
{Heap before GC invocations=9 (full 0):
 garbage-first heap   total 81920K, used 47903K [0x0000000682400000, 0x0000000800000000)
  region size 4096K, 9 young (36864K), 2 survivors (8192K)
 Metaspace       used 35702K, committed 36096K, reserved 1081344K
  class space    used 4566K, committed 4800K, reserved 1048576K
}
Event: 72.397 GC heap after
{Heap after GC invocations=10 (full 0):
 garbage-first heap   total 81920K, used 25671K [0x0000000682400000, 0x0000000800000000)
  region size 4096K, 2 young (8192K), 2 survivors (8192K)
 Metaspace       used 35702K, committed 36096K, reserved 1081344K
  class space    used 4566K, committed 4800K, reserved 1048576K
}

Deoptimization events (20 events):
Event: 72.549 Thread 0x0000022b3ca7adc0 DEOPT PACKING pc=0x0000022b245f2da8 sp=0x0000005786dfcd80
Event: 72.549 Thread 0x0000022b3ca7adc0 DEOPT UNPACKING pc=0x0000022b1ca923a3 sp=0x0000005786dfcdb8 mode 2
Event: 72.807 Thread 0x0000022b3ca7adc0 DEOPT PACKING pc=0x0000022b1d075510 sp=0x0000005786dfd380
Event: 72.807 Thread 0x0000022b3ca7adc0 DEOPT UNPACKING pc=0x0000022b1ca92b43 sp=0x0000005786dfc928 mode 0
Event: 73.442 Thread 0x0000022b3ca7adc0 Uncommon trap: trap_request=0xffffffde fr.pc=0x0000022b2459e3dc relative=0x0000000000000e9c
Event: 73.442 Thread 0x0000022b3ca7adc0 Uncommon trap: reason=class_check action=maybe_recompile pc=0x0000022b2459e3dc method=org.springframework.beans.factory.support.AbstractBeanFactory.getBeanPostProcessorCache()Lorg/springframework/beans/factory/support/AbstractBeanFactory$BeanPostProcessor
Event: 73.442 Thread 0x0000022b3ca7adc0 DEOPT PACKING pc=0x0000022b2459e3dc sp=0x0000005786dfe1d0
Event: 73.442 Thread 0x0000022b3ca7adc0 DEOPT UNPACKING pc=0x0000022b1ca923a3 sp=0x0000005786dfe130 mode 2
Event: 74.410 Thread 0x0000022b3ca7adc0 Uncommon trap: trap_request=0xffffff45 fr.pc=0x0000022b24732034 relative=0x0000000000000394
Event: 74.410 Thread 0x0000022b3ca7adc0 Uncommon trap: reason=unstable_if action=reinterpret pc=0x0000022b24732034 method=org.springframework.core.annotation.TypeMappedAnnotations$MergedAnnotationFinder.doWithAnnotations(Ljava/lang/Object;ILjava/lang/Object;[Ljava/lang/annotation/Annotation;)Lo
Event: 74.410 Thread 0x0000022b3ca7adc0 DEOPT PACKING pc=0x0000022b24732034 sp=0x0000005786dfb850
Event: 74.410 Thread 0x0000022b3ca7adc0 DEOPT UNPACKING pc=0x0000022b1ca923a3 sp=0x0000005786dfb7c0 mode 2
Event: 74.757 Thread 0x0000022b3ca7adc0 Uncommon trap: trap_request=0xffffff45 fr.pc=0x0000022b246e2e24 relative=0x0000000000000e44
Event: 74.757 Thread 0x0000022b3ca7adc0 Uncommon trap: reason=unstable_if action=reinterpret pc=0x0000022b246e2e24 method=org.springframework.boot.context.properties.source.SpringConfigurationPropertySources$SourcesIterator.fetchNext()Lorg/springframework/boot/context/properties/source/Configur
Event: 74.757 Thread 0x0000022b3ca7adc0 DEOPT PACKING pc=0x0000022b246e2e24 sp=0x0000005786dfc630
Event: 74.757 Thread 0x0000022b3ca7adc0 DEOPT UNPACKING pc=0x0000022b1ca923a3 sp=0x0000005786dfc5f0 mode 2
Event: 74.777 Thread 0x0000022b3ca7adc0 Uncommon trap: trap_request=0xffffffc6 fr.pc=0x0000022b247e8960 relative=0x0000000000000320
Event: 74.777 Thread 0x0000022b3ca7adc0 Uncommon trap: reason=bimorphic_or_optimized_type_check action=maybe_recompile pc=0x0000022b247e8960 method=java.util.Collections$SetFromMap.contains(Ljava/lang/Object;)Z @ 5 c2
Event: 74.777 Thread 0x0000022b3ca7adc0 DEOPT PACKING pc=0x0000022b247e8960 sp=0x0000005786dfa680
Event: 74.777 Thread 0x0000022b3ca7adc0 DEOPT UNPACKING pc=0x0000022b1ca923a3 sp=0x0000005786dfa628 mode 2

Classes unloaded (0 events):
No events

Classes redefined (0 events):
No events

Internal exceptions (20 events):
Event: 66.867 Thread 0x0000022b3ca7adc0 Exception <a 'java/lang/NoSuchMethodError'{0x000000069695a370}: 'int java.lang.invoke.DirectMethodHandle$Holder.invokeStatic(java.lang.Object, long)'> (0x000000069695a370) 
thrown [t:\workspace\open\src\hotspot\share\interpreter\linkResolver.cpp, line 766]
Event: 66.910 Thread 0x0000022b3ca7adc0 Exception <a 'java/lang/NoSuchMethodError'{0x000000069697ec80}: 'int java.lang.invoke.DirectMethodHandle$Holder.invokeSpecial(java.lang.Object, java.lang.Object, int)'> (0x000000069697ec80) 
thrown [t:\workspace\open\src\hotspot\share\interpreter\linkResolver.cpp, line 766]
Event: 66.917 Thread 0x0000022b3ca7adc0 Exception <a 'java/lang/NoSuchMethodError'{0x00000006969865e0}: 'int java.lang.invoke.Invokers$Holder.linkToTargetMethod(java.lang.Object, java.lang.Object)'> (0x00000006969865e0) 
thrown [t:\workspace\open\src\hotspot\share\interpreter\linkResolver.cpp, line 766]
Event: 66.961 Thread 0x0000022b3ca7adc0 Exception <a 'java/lang/NoSuchMethodError'{0x0000000696a1dee8}: 'java.lang.Object java.lang.invoke.DirectMethodHandle$Holder.invokeSpecial(java.lang.Object, java.lang.Object, java.lang.Object, java.lang.Object, java.lang.Object, java.lang.Object, java.lang.Object, java.lang.Object, java.lang.Object, java.lang.Object)'> (0x0000000696a1dee8) 
thrown [t:\workspace\open\src\hotspot\share\interpreter\linkResolver.cpp, line 766]
Event: 66.961 Thread 0x0000022b3ca7adc0 Exception <a 'java/lang/NoSuchMethodError'{0x0000000696a22778}: 'java.lang.Object java.lang.invoke.Invokers$Holder.invoke_MT(java.lang.Object, java.lang.Object, java.lang.Object, java.lang.Object, java.lang.Object, java.lang.Object, java.lang.Object, java.lang.Object, java.lang.Object, java.lang.Object)'> (0x0000000696a22778) 
thrown [t:\workspace\open\src\hotspot\share\interpreter\linkResolver.cpp, line 766]
Event: 66.980 Thread 0x0000022b3ca7adc0 Exception <a 'java/lang/NoSuchMethodError'{0x0000000696a631c8}: 'java.lang.Object java.lang.invoke.DirectMethodHandle$Holder.invokeSpecial(java.lang.Object, java.lang.Object, int, java.lang.Object, java.lang.Object)'> (0x0000000696a631c8) 
thrown [t:\workspace\open\src\hotspot\share\interpreter\linkResolver.cpp, line 766]
Event: 66.980 Thread 0x0000022b3ca7adc0 Exception <a 'java/lang/NoSuchMethodError'{0x0000000696a66e70}: 'java.lang.Object java.lang.invoke.DelegatingMethodHandle$Holder.delegate(java.lang.Object, int, java.lang.Object, java.lang.Object)'> (0x0000000696a66e70) 
thrown [t:\workspace\open\src\hotspot\share\interpreter\linkResolver.cpp, line 766]
Event: 66.986 Thread 0x0000022b3ca7adc0 Exception <a 'java/lang/NoSuchMethodError'{0x0000000696a77cf8}: 'int java.lang.invoke.Invokers$Holder.linkToTargetMethod(java.lang.Object, java.lang.Object, java.lang.Object)'> (0x0000000696a77cf8) 
thrown [t:\workspace\open\src\hotspot\share\interpreter\linkResolver.cpp, line 766]
Event: 67.986 Thread 0x0000022b3ca7adc0 Exception <a 'java/lang/NoClassDefFoundError'{0x0000000696580080}: liquibase/integration/spring/SpringLiquibase> (0x0000000696580080) 
thrown [t:\workspace\open\src\hotspot\share\classfile\systemDictionary.cpp, line 245]
Event: 69.066 Thread 0x0000022b3ca7adc0 Exception <a 'java/lang/NoClassDefFoundError'{0x00000006866bf020}: org/jooq/DSLContext> (0x00000006866bf020) 
thrown [t:\workspace\open\src\hotspot\share\classfile\systemDictionary.cpp, line 245]
Event: 69.082 Thread 0x0000022b3ca7adc0 Exception <a 'java/lang/NoClassDefFoundError'{0x00000006866d8f70}: org/springframework/batch/core/repository/JobRepository> (0x00000006866d8f70) 
thrown [t:\workspace\open\src\hotspot\share\classfile\systemDictionary.cpp, line 245]
Event: 69.083 Thread 0x0000022b3ca7adc0 Exception <a 'java/lang/NoClassDefFoundError'{0x00000006866da8a8}: org/quartz/Scheduler> (0x00000006866da8a8) 
thrown [t:\workspace\open\src\hotspot\share\classfile\systemDictionary.cpp, line 245]
Event: 69.084 Thread 0x0000022b3ca7adc0 Exception <a 'java/lang/NoClassDefFoundError'{0x00000006866dc798}: org/springframework/session/jdbc/JdbcIndexedSessionRepository> (0x00000006866dc798) 
thrown [t:\workspace\open\src\hotspot\share\classfile\systemDictionary.cpp, line 245]
Event: 69.757 Thread 0x0000022b3ca7adc0 Exception <a 'java/lang/NoSuchMethodError'{0x00000006860a5218}: 'void java.lang.invoke.DirectMethodHandle$Holder.invokeSpecial(java.lang.Object, java.lang.Object, java.lang.Object, java.lang.Object, java.lang.Object, java.lang.Object)'> (0x00000006860a5218) 
thrown [t:\workspace\open\src\hotspot\share\interpreter\linkResolver.cpp, line 766]
Event: 71.321 Thread 0x0000022b3ca7adc0 Exception <a 'java/lang/ArrayIndexOutOfBoundsException'{0x0000000685f6fb80}: Index 28 out of bounds for length 28> (0x0000000685f6fb80) 
thrown [t:\workspace\open\src\hotspot\share\interpreter\interpreterRuntime.cpp, line 428]
Event: 71.325 Thread 0x0000022b3ca7adc0 Exception <a 'java/lang/ArrayIndexOutOfBoundsException'{0x0000000685f844f0}: Index 28 out of bounds for length 28> (0x0000000685f844f0) 
thrown [t:\workspace\open\src\hotspot\share\interpreter\interpreterRuntime.cpp, line 428]
Event: 72.376 Thread 0x0000022b3ca7adc0 Exception <a 'java/lang/ArrayIndexOutOfBoundsException'{0x0000000685a796e0}: Index 21 out of bounds for length 21> (0x0000000685a796e0) 
thrown [t:\workspace\open\src\hotspot\share\interpreter\interpreterRuntime.cpp, line 428]
Event: 72.377 Thread 0x0000022b3ca7adc0 Exception <a 'java/lang/ArrayIndexOutOfBoundsException'{0x0000000685a79ca8}: Index 21 out of bounds for length 21> (0x0000000685a79ca8) 
thrown [t:\workspace\open\src\hotspot\share\interpreter\interpreterRuntime.cpp, line 428]
Event: 74.993 Thread 0x0000022b3ca7adc0 Exception <a 'java/lang/NoSuchMethodError'{0x000000069647ddb8}: 'void java.lang.invoke.DirectMethodHandle$Holder.invokeStatic(java.lang.Object, java.lang.Object, int)'> (0x000000069647ddb8) 
thrown [t:\workspace\open\src\hotspot\share\interpreter\linkResolver.cpp, line 766]
Event: 75.555 Thread 0x0000022b3ca7adc0 Exception <a 'java/lang/NoSuchMethodError'{0x00000006966eb3c0}: 'void java.lang.invoke.DirectMethodHandle$Holder.invokeSpecial(java.lang.Object, java.lang.Object, java.lang.Object, java.lang.Object, java.lang.Object, java.lang.Object, java.lang.Object)'> (0x00000006966eb3c0) 
thrown [t:\workspace\open\src\hotspot\share\interpreter\linkResolver.cpp, line 766]

VM Operations (20 events):
Event: 71.307 Executing VM operation: HandshakeAllThreads
Event: 71.307 Executing VM operation: HandshakeAllThreads done
Event: 71.309 Executing VM operation: HandshakeAllThreads
Event: 71.309 Executing VM operation: HandshakeAllThreads done
Event: 72.308 Executing VM operation: Cleanup
Event: 72.341 Executing VM operation: Cleanup done
Event: 72.385 Executing VM operation: CollectForMetadataAllocation
Event: 72.397 Executing VM operation: CollectForMetadataAllocation done
Event: 72.453 Executing VM operation: G1Concurrent
Event: 72.459 Executing VM operation: G1Concurrent done
Event: 72.477 Executing VM operation: G1Concurrent
Event: 72.531 Executing VM operation: G1Concurrent done
Event: 72.806 Executing VM operation: HandshakeAllThreads
Event: 72.806 Executing VM operation: HandshakeAllThreads done
Event: 73.806 Executing VM operation: Cleanup
Event: 73.808 Executing VM operation: Cleanup done
Event: 74.808 Executing VM operation: Cleanup
Event: 74.814 Executing VM operation: Cleanup done
Event: 75.815 Executing VM operation: Cleanup
Event: 75.830 Executing VM operation: Cleanup done

Events (20 events):
Event: 72.534 loading class jdk/internal/vm/annotation/IntrinsicCandidate done
Event: 72.780 Thread 0x0000022b3ece8910 Thread exited: 0x0000022b3ece8910
Event: 73.258 Thread 0x0000022b3ece79e0 Thread added: 0x0000022b3ece79e0
Event: 73.433 Thread 0x0000022b3ece79e0 Thread exited: 0x0000022b3ece79e0
Event: 73.520 loading class java/nio/file/InvalidPathException
Event: 73.520 loading class java/nio/file/InvalidPathException done
Event: 74.520 Thread 0x0000022b3ece79e0 Thread added: 0x0000022b3ece79e0
Event: 74.551 loading class java/util/stream/SortedOps$SizedRefSortingSink
Event: 74.602 loading class java/util/stream/SortedOps$SizedRefSortingSink done
Event: 74.770 Thread 0x0000022b3ece8910 Thread added: 0x0000022b3ece8910
Event: 74.991 loading class java/util/function/IntUnaryOperator
Event: 74.991 loading class java/util/function/IntUnaryOperator done
Event: 74.992 loading class java/util/stream/IntPipeline$4
Event: 74.992 loading class java/util/stream/IntPipeline$4 done
Event: 74.997 loading class java/util/stream/ForEachOps$ForEachOp$OfInt
Event: 74.997 loading class java/util/stream/ForEachOps$ForEachOp$OfInt done
Event: 74.997 loading class java/util/stream/IntPipeline$4$1
Event: 74.997 loading class java/util/stream/IntPipeline$4$1 done
Event: 75.864 loading class java/util/function/ObjIntConsumer
Event: 75.864 loading class java/util/function/ObjIntConsumer done


Dynamic libraries:
0x00007ff617480000 - 0x00007ff617490000 	C:\Program Files\Java\jdk-17.0.2\bin\java.exe
0x00007ff8783b0000 - 0x00007ff8785c7000 	C:\WINDOWS\SYSTEM32\ntdll.dll
0x00007ff877860000 - 0x00007ff877924000 	C:\WINDOWS\System32\KERNEL32.DLL
0x00007ff875d20000 - 0x00007ff8760d7000 	C:\WINDOWS\System32\KERNELBASE.dll
0x00007ff875c00000 - 0x00007ff875d11000 	C:\WINDOWS\System32\ucrtbase.dll
0x00007ff858b10000 - 0x00007ff858b2a000 	C:\Program Files\Java\jdk-17.0.2\bin\VCRUNTIME140.dll
0x00007ff85fbe0000 - 0x00007ff85fbf8000 	C:\Program Files\Java\jdk-17.0.2\bin\jli.dll
0x00007ff876240000 - 0x00007ff8762f2000 	C:\WINDOWS\System32\ADVAPI32.dll
0x00007ff877950000 - 0x00007ff8779f7000 	C:\WINDOWS\System32\msvcrt.dll
0x00007ff877c50000 - 0x00007ff877cf8000 	C:\WINDOWS\System32\sechost.dll
0x00007ff8757d0000 - 0x00007ff8757f8000 	C:\WINDOWS\System32\bcrypt.dll
0x00007ff877220000 - 0x00007ff877334000 	C:\WINDOWS\System32\RPCRT4.dll
0x00007ff876300000 - 0x00007ff8764af000 	C:\WINDOWS\System32\USER32.dll
0x00007ff875ab0000 - 0x00007ff875ad6000 	C:\WINDOWS\System32\win32u.dll
0x00007ff860c30000 - 0x00007ff860ec3000 	C:\WINDOWS\WinSxS\amd64_microsoft.windows.common-controls_6595b64144ccf1df_6.0.22621.3672_none_2713b9d173822955\COMCTL32.dll
0x00007ff877160000 - 0x00007ff877189000 	C:\WINDOWS\System32\GDI32.dll
0x00007ff875ae0000 - 0x00007ff875bf8000 	C:\WINDOWS\System32\gdi32full.dll
0x00007ff875730000 - 0x00007ff8757ca000 	C:\WINDOWS\System32\msvcp_win.dll
0x00007ff86e650000 - 0x00007ff86e65a000 	C:\WINDOWS\SYSTEM32\VERSION.dll
0x00007ff877340000 - 0x00007ff877371000 	C:\WINDOWS\System32\IMM32.DLL
0x00007ff86eb20000 - 0x00007ff86eb2c000 	C:\Program Files\Java\jdk-17.0.2\bin\vcruntime140_1.dll
0x00007ff805060000 - 0x00007ff8050ed000 	C:\Program Files\Java\jdk-17.0.2\bin\msvcp140.dll
0x00007ff804490000 - 0x00007ff805051000 	C:\Program Files\Java\jdk-17.0.2\bin\server\jvm.dll
0x00007ff877150000 - 0x00007ff877158000 	C:\WINDOWS\System32\PSAPI.DLL
0x00007ff86dd50000 - 0x00007ff86dd84000 	C:\WINDOWS\SYSTEM32\WINMM.dll
0x00007ff86d7e0000 - 0x00007ff86d7e9000 	C:\WINDOWS\SYSTEM32\WSOCK32.dll
0x00007ff877a00000 - 0x00007ff877a71000 	C:\WINDOWS\System32\WS2_32.dll
0x00007ff8747c0000 - 0x00007ff8747d8000 	C:\WINDOWS\SYSTEM32\kernel.appcore.dll
0x00007ff86a590000 - 0x00007ff86a59a000 	C:\Program Files\Java\jdk-17.0.2\bin\jimage.dll
0x00007ff872ec0000 - 0x00007ff8730f2000 	C:\WINDOWS\SYSTEM32\DBGHELP.DLL
0x00007ff877fd0000 - 0x00007ff87835e000 	C:\WINDOWS\System32\combase.dll
0x00007ff876510000 - 0x00007ff8765e7000 	C:\WINDOWS\System32\OLEAUT32.dll
0x00007ff860ee0000 - 0x00007ff860f12000 	C:\WINDOWS\SYSTEM32\dbgcore.DLL
0x00007ff875970000 - 0x00007ff8759eb000 	C:\WINDOWS\System32\bcryptPrimitives.dll
0x00007ff834200000 - 0x00007ff834225000 	C:\Program Files\Java\jdk-17.0.2\bin\java.dll
0x00007ff8043b0000 - 0x00007ff804486000 	C:\Program Files\Java\jdk-17.0.2\bin\jsvml.dll
0x00007ff8766e0000 - 0x00007ff876f49000 	C:\WINDOWS\System32\SHELL32.dll
0x00007ff8735e0000 - 0x00007ff873edf000 	C:\WINDOWS\SYSTEM32\windows.storage.dll
0x00007ff8734a0000 - 0x00007ff8735df000 	C:\WINDOWS\SYSTEM32\wintypes.dll
0x00007ff876f50000 - 0x00007ff877049000 	C:\WINDOWS\System32\SHCORE.dll
0x00007ff8765f0000 - 0x00007ff87664e000 	C:\WINDOWS\System32\shlwapi.dll
0x00007ff8755f0000 - 0x00007ff875617000 	C:\WINDOWS\SYSTEM32\profapi.dll
0x00007ff832ae0000 - 0x00007ff832af9000 	C:\Program Files\Java\jdk-17.0.2\bin\net.dll
0x00007ff86e9c0000 - 0x00007ff86eaf6000 	C:\WINDOWS\SYSTEM32\WINHTTP.dll
0x00007ff874c20000 - 0x00007ff874c89000 	C:\WINDOWS\system32\mswsock.dll
0x00007ff832ac0000 - 0x00007ff832ad6000 	C:\Program Files\Java\jdk-17.0.2\bin\nio.dll
0x00007ff837280000 - 0x00007ff837298000 	C:\Program Files\Java\jdk-17.0.2\bin\zip.dll
0x00007ff8341f0000 - 0x00007ff8341f9000 	C:\Program Files\Java\jdk-17.0.2\bin\management.dll
0x00007ff8341e0000 - 0x00007ff8341eb000 	C:\Program Files\Java\jdk-17.0.2\bin\management_ext.dll
0x00007ff843e80000 - 0x00007ff843e97000 	C:\WINDOWS\system32\napinsp.dll
0x00007ff834150000 - 0x00007ff83416b000 	C:\WINDOWS\system32\pnrpnsp.dll
0x00007ff874230000 - 0x00007ff874332000 	C:\WINDOWS\SYSTEM32\DNSAPI.dll
0x00007ff8741c0000 - 0x00007ff8741ed000 	C:\WINDOWS\SYSTEM32\IPHLPAPI.DLL
0x00007ff877190000 - 0x00007ff877199000 	C:\WINDOWS\System32\NSI.dll
0x00007ff834130000 - 0x00007ff834141000 	C:\WINDOWS\System32\winrnr.dll
0x00007ff86d440000 - 0x00007ff86d455000 	C:\WINDOWS\system32\wshbth.dll
0x00007ff834100000 - 0x00007ff834127000 	C:\WINDOWS\system32\nlansp_c.dll
0x00007ff86b6a0000 - 0x00007ff86b6aa000 	C:\Windows\System32\rasadhlp.dll
0x00007ff86d480000 - 0x00007ff86d503000 	C:\WINDOWS\System32\fwpuclnt.dll
0x00007ff874f70000 - 0x00007ff874f8b000 	C:\WINDOWS\SYSTEM32\CRYPTSP.dll
0x00007ff874720000 - 0x00007ff874755000 	C:\WINDOWS\system32\rsaenh.dll
0x00007ff874cc0000 - 0x00007ff874ce8000 	C:\WINDOWS\SYSTEM32\USERENV.dll
0x00007ff874f50000 - 0x00007ff874f5c000 	C:\WINDOWS\SYSTEM32\CRYPTBASE.dll
0x00007ff86f200000 - 0x00007ff86f219000 	C:\WINDOWS\SYSTEM32\dhcpcsvc6.DLL
0x00007ff86e970000 - 0x00007ff86e98f000 	C:\WINDOWS\SYSTEM32\dhcpcsvc.DLL
0x00007ff816050000 - 0x00007ff81605e000 	C:\Program Files\Java\jdk-17.0.2\bin\sunmscapi.dll
0x00007ff875800000 - 0x00007ff875966000 	C:\WINDOWS\System32\CRYPT32.dll
0x00007ff875080000 - 0x00007ff8750ad000 	C:\WINDOWS\SYSTEM32\ncrypt.dll
0x00007ff875040000 - 0x00007ff875077000 	C:\WINDOWS\SYSTEM32\NTASN1.dll
0x00007ff855140000 - 0x00007ff855150000 	C:\Program Files\Java\jdk-17.0.2\bin\verify.dll

dbghelp: loaded successfully - version: 4.0.5 - missing functions: none
symbol engine: initialized successfully - sym options: 0x614 - pdb path: .;C:\Program Files\Java\jdk-17.0.2\bin;C:\WINDOWS\SYSTEM32;C:\WINDOWS\WinSxS\amd64_microsoft.windows.common-controls_6595b64144ccf1df_6.0.22621.3672_none_2713b9d173822955;C:\Program Files\Java\jdk-17.0.2\bin\server

VM Arguments:
jvm_args: -Dcom.sun.management.jmxremote -Dcom.sun.management.jmxremote.port=29921 -Dcom.sun.management.jmxremote.authenticate=false -Dcom.sun.management.jmxremote.ssl=false -Dspring.jmx.enabled=true -Djava.rmi.server.hostname=localhost -Dspring.application.admin.enabled=true -Dspring.boot.project.name=inventory -XX:+ShowCodeDetailsInExceptionMessages -Dmanagement.endpoints.jmx.exposure.include=* 
java_command: com.inventory.InventoryServiceApplication
java_class_path (initial): D:\_IT\Dev\Programmation JAVA\Projects\online-shopping-microservices-architectures\inventory\target\classes;C:\Users\ousse\.m2\repository\org\springframework\boot\spring-boot-starter-data-jpa\3.3.3\spring-boot-starter-data-jpa-3.3.3.jar;C:\Users\ousse\.m2\repository\org\springframework\boot\spring-boot-starter-aop\3.3.3\spring-boot-starter-aop-3.3.3.jar;C:\Users\ousse\.m2\repository\org\springframework\spring-aop\6.1.12\spring-aop-6.1.12.jar;C:\Users\ousse\.m2\repository\org\aspectj\aspectjweaver\1.9.22.1\aspectjweaver-1.9.22.1.jar;C:\Users\ousse\.m2\repository\org\springframework\boot\spring-boot-starter-jdbc\3.3.3\spring-boot-starter-jdbc-3.3.3.jar;C:\Users\ousse\.m2\repository\com\zaxxer\HikariCP\5.1.0\HikariCP-5.1.0.jar;C:\Users\ousse\.m2\repository\org\springframework\spring-jdbc\6.1.12\spring-jdbc-6.1.12.jar;C:\Users\ousse\.m2\repository\org\hibernate\orm\hibernate-core\6.5.2.Final\hibernate-core-6.5.2.Final.jar;C:\Users\ousse\.m2\repository\jakarta\persistence\jakarta.persistence-api\3.1.0\jakarta.persistence-api-3.1.0.jar;C:\Users\ousse\.m2\repository\jakarta\transaction\jakarta.transaction-api\2.0.1\jakarta.transaction-api-2.0.1.jar;C:\Users\ousse\.m2\repository\org\jboss\logging\jboss-logging\3.5.3.Final\jboss-logging-3.5.3.Final.jar;C:\Users\ousse\.m2\repository\org\hibernate\common\hibernate-commons-annotations\6.0.6.Final\hibernate-commons-annotations-6.0.6.Final.jar;C:\Users\ousse\.m2\repository\io\smallrye\jandex\3.1.2\jandex-3.1.2.jar;C:\Users\ousse\.m2\repository\com\fasterxml\classmate\1.7.0\classmate-1.7.0.jar;C:\Users\ousse\.m2\repository\net\bytebuddy\byte-buddy\1.14.19\byte-buddy-1.14.19.jar;C:\Users\ousse\.m2\repository\org\glassfish\jaxb\jaxb-runtime\4.0.5\jaxb-runtime-4.0.5.jar;C:\Users\ousse\.m2\repository\org\glassfish\jaxb\jaxb-core\4.0.5\jaxb-core-4.0.5.jar;C:\Users\ousse\.m2\repository\org\eclipse\angus\angus-activation\2.0.2\angus-activation-2.0.2.jar;C:\Users\ousse\.m2\repository\org\glassfish\jaxb\txw2\4.
Launcher Type: SUN_STANDARD

[Global flags]
     intx CICompilerCount                          = 4                                         {product} {ergonomic}
     uint ConcGCThreads                            = 2                                         {product} {ergonomic}
     uint G1ConcRefinementThreads                  = 8                                         {product} {ergonomic}
   size_t G1HeapRegionSize                         = 4194304                                   {product} {ergonomic}
    uintx GCDrainStackTargetSize                   = 64                                        {product} {ergonomic}
   size_t InitialHeapSize                          = 402653184                                 {product} {ergonomic}
     bool ManagementServer                         = true                                      {product} {command line}
   size_t MarkStackSize                            = 4194304                                   {product} {ergonomic}
   size_t MaxHeapSize                              = 6404702208                                {product} {ergonomic}
   size_t MaxNewSize                               = 3841982464                                {product} {ergonomic}
   size_t MinHeapDeltaBytes                        = 4194304                                   {product} {ergonomic}
   size_t MinHeapSize                              = 8388608                                   {product} {ergonomic}
    uintx NonNMethodCodeHeapSize                   = 5839372                                {pd product} {ergonomic}
    uintx NonProfiledCodeHeapSize                  = 122909434                              {pd product} {ergonomic}
    uintx ProfiledCodeHeapSize                     = 122909434                              {pd product} {ergonomic}
    uintx ReservedCodeCacheSize                    = 251658240                              {pd product} {ergonomic}
     bool SegmentedCodeCache                       = true                                      {product} {ergonomic}
     bool ShowCodeDetailsInExceptionMessages       = true                                   {manageable} {command line}
   size_t SoftMaxHeapSize                          = 6404702208                             {manageable} {ergonomic}
     bool UseCompressedClassPointers               = true                           {product lp64_product} {ergonomic}
     bool UseCompressedOops                        = true                           {product lp64_product} {ergonomic}
     bool UseG1GC                                  = true                                      {product} {ergonomic}
     bool UseLargePagesIndividualAllocation        = false                                  {pd product} {ergonomic}

Logging:
Log output configuration:
 #0: stdout all=warning uptime,level,tags
 #1: stderr all=off uptime,level,tags

Environment Variables:
JAVA_HOME=C:\Program Files\Java\jdk-17.0.2
PATH=C:\Users\ousse\AppData\Local\fnm_multishells\39324_1728828822689;C:\Program Files (x86)\Razer Chroma SDK\bin;C:\Program Files\Razer Chroma SDK\bin;C:\Program Files (x86)\Razer\ChromaBroadcast\bin;C:\Program Files\Razer\ChromaBroadcast\bin;C:\WINDOWS\system32;C:\WINDOWS;C:\WINDOWS\System32\Wbem;C:\WINDOWS\System32\WindowsPowerShell\v1.0\;C:\WINDOWS\System32\OpenSSH\;C:\Program Files (x86)\NVIDIA Corporation\PhysX\Common;C:\Program Files\mingw64\bin;C:\Program Files\Java\jdk-17.0.2\bin;C:\Program Files\Java\jdk-11.0.14\bin;C:\Program Files (x86)\Common Files\Oracle\Java\javapath;C:\Program Files\Java\jdk1.8.0_202\bin;C:\Program Files\Java\jdk-18\bin;C:\Program Files\Java\jdk-15.0.2\bin\;C:\Program Files (x86)\dotnet\;D:\wamp64\bin\php\php8.1.0;C:\Users\ousse\AppData\Roaming\Composer\vendor\bin;D:\wamp64\bin\mysql\mysql8.0.27\bin;C:\ProgramData\ComposerSetup\bin;C:\Users\ousse\AppData\Roaming\npm\node_modules\@angular\cli;C:\Users\ousse\AppData\Roaming\npm;C:\ProgramData\chocolatey\bin;C:\Program Files\leJOS EV3\bin;C:\Program Files\apache-maven-3.8.5-bin\apache-maven-3.8.5\bin;C:\Windows\System32\;C:\Program Files\Amazon\AWSCLIV2\;C:\Program Files\PuTTY\;C:\WINDOWS\system32\config\systemprofile\AppData\Local\Microsoft\WindowsApps;D:\Program Files\Kubernetes\Minikube;C:\Program Files\Git\cmd;C:\Users\ousse\AppData\Local\Coursier\data\bin;C:\Program Files (x86)\Microsoft SQL Server\160\Tools\Binn\;C:\Program Files\Microsoft SQL Server\160\Tools\Binn\;C:\Program Files\Microsoft SQL Server\Client SDK\ODBC\170\Tools\Binn\;C:\Program Files\Microsoft SQL Server\160\DTS\Binn\;C:\Users\ousse\AppData\Local\Programs\Python\Python312\;C:\Users\ousse\AppData\Local\Programs\Python\Python312\Scripts\;C:\Users\ousse\AppData\Local\Packages\PythonSoftwareFoundation.Python.3.12_qbz5n2kfra8p0\LocalCache\local-packages\Python312\Scripts;C:\Program Files\WireGuard\;C:\ProgramData\nvm;C:\Program Files\nodejs;C:\WINDOWS\system32;C:\WINDOWS;C:\WINDOWS\System32\Wbem;C:\WINDOWS\System32\Windo
USERNAME=ousseini
LANG=en_US.UTF-8
OS=Windows_NT
PROCESSOR_IDENTIFIER=Intel64 Family 6 Model 142 Stepping 11, GenuineIntel



---------------  S Y S T E M  ---------------

OS:
 Windows 11 , 64 bit Build 22621 (10.0.22621.3958)
OS uptime: 0 days 10:50 hours
Hyper-V role detected

CPU: total 8 (initial active 8) (4 cores per cpu, 2 threads per core) family 6 model 142 stepping 11 microcode 0xf0, cx8, cmov, fxsr, ht, mmx, 3dnowpref, sse, sse2, sse3, ssse3, sse4.1, sse4.2, popcnt, lzcnt, tsc, tscinvbit, avx, avx2, aes, erms, clmul, bmi1, bmi2, adx, fma, vzeroupper, clflush, clflushopt, hv

Memory: 4k page, system-wide physical 24420M (3020M free)
TotalPageFile size 32612M (AvailPageFile size 6M)
current process WorkingSet (physical memory assigned to process): 242M, peak: 246M
current process commit charge ("private bytes"): 286M, peak: 536M

vm_info: Java HotSpot(TM) 64-Bit Server VM (17.0.2+8-LTS-86) for windows-amd64 JRE (17.0.2+8-LTS-86), built on Dec  7 2021 21:51:03 by "mach5one" with MS VC++ 16.8 / 16.9 (VS2019)

END.
