#
# There is insufficient memory for the Java Runtime Environment to continue.
# Native memory allocation (mmap) failed to map 402653184 bytes for G1 virtual space
# Possible reasons:
#   The system is out of physical RAM or swap space
#   The process is running with CompressedOops enabled, and the Java Heap may be blocking the growth of the native heap
# Possible solutions:
#   Reduce memory load on the system
#   Increase physical memory or swap space
#   Check if swap backing store is full
#   Decrease Java heap size (-Xmx/-Xms)
#   Decrease number of Java threads
#   Decrease Java thread stack sizes (-Xss)
#   Set larger code cache with -XX:ReservedCodeCacheSize=
#   JVM is running with Zero Based Compressed Oops mode in which the Java heap is
#     placed in the first 32GB address space. The Java Heap base address is the
#     maximum limit for the native heap growth. Please use -XX:HeapBaseMinAddress
#     to set the Java Heap base and to place the Java Heap above 32GB virtual address.
# This output file may be truncated or incomplete.
#
#  Out of Memory Error (os_windows.cpp:3532), pid=26092, tid=5516
#
# JRE version:  (17.0.2+8) (build )
# Java VM: Java HotSpot(TM) 64-Bit Server VM (17.0.2+8-LTS-86, mixed mode, sharing, tiered, compressed oops, compressed class ptrs, g1 gc, windows-amd64)
# No core dump will be written. Minidumps are not enabled by default on client versions of Windows
#

---------------  S U M M A R Y ------------

Command Line: -Dnet.bytebuddy.agent.attacher.dump= net.bytebuddy.agent.Attacher com.sun.tools.attach.VirtualMachine 25096 C:\Users\ousse\.m2\repository\net\bytebuddy\byte-buddy-agent\1.14.19\byte-buddy-agent-1.14.19.jar false 

Host: Intel(R) Core(TM) i5-8265U CPU @ 1.60GHz, 8 cores, 23G,  Windows 11 , 64 bit Build 22621 (10.0.22621.3958)
Time: Sun Oct 13 15:16:32 2024 Paris, Madrid (heure duild 22621 (10.0.22621.3958) elapsed time: 0.662554 seconds (0d 0h 0m 0s)

---------------  T H R E A D  ---------------

Current thread (0x000001e53105afb0):  JavaThread "Unknown thread" [_thread_in_vm, id=5516, stack(0x000000a9a5a00000,0x000000a9a5b00000)]

Stack: [0x000000a9a5a00000,0x000000a9a5b00000]
Native frames: (J=compiled Java code, j=interpreted, Vv=VM code, C=native code)
V  [jvm.dll+0x670baa]
V  [jvm.dll+0x7cfcb4]
V  [jvm.dll+0x7d145e]
V  [jvm.dll+0x7d1ac3]
V  [jvm.dll+0x242bc5]
V  [jvm.dll+0x66dac9]
V  [jvm.dll+0x662412]
V  [jvm.dll+0x300c0b]
V  [jvm.dll+0x3081a6]
V  [jvm.dll+0x357d0e]
V  [jvm.dll+0x357f3f]
V  [jvm.dll+0x2d7ec8]
V  [jvm.dll+0x2d8e34]
V  [jvm.dll+0x7a18c1]
V  [jvm.dll+0x365a91]
V  [jvm.dll+0x780d2c]
V  [jvm.dll+0x3e845f]
V  [jvm.dll+0x3e9f01]
C  [jli.dll+0x527b]
C  [ucrtbase.dll+0x29333]
C  [KERNEL32.DLL+0x1257d]
C  [ntdll.dll+0x5af08]


---------------  P R O C E S S  ---------------

Threads class SMR info:
_java_thread_list=0x00007ff804f29858, length=0, elements={
}

Java Threads: ( => current thread )

Other Threads:
  0x000001e5310b8ac0 GCTaskThread "GC Thread#0" [stack: 0x000000a9a5b00000,0x000000a9a5c00000] [id=39780]
  0x000001e5310c58d0 ConcurrentGCThread "G1 Main Marker" [stack: 0x000000a9a5c00000,0x000000a9a5d00000] [id=37148]
  0x000001e5310c62e0 ConcurrentGCThread "G1 Conc#0" [stack: 0x000000a9a5d00000,0x000000a9a5e00000] [id=23160]

[error occurred during error reporting (printing all threads), id 0xc0000005, EXCEPTION_ACCESS_VIOLATION (0xc0000005) at pc=0x00007ff8047788a7]

VM state: not at safepoint (not fully initialized)

VM Mutex/Monitor currently owned by a thread:  ([mutex/lock_event])
[0x000001e531057920] Heap_lock - owner thread: 0x000001e53105afb0

Heap address: 0x0000000682400000, size: 6108 MB, Compressed Oops mode: Zero based, Oop shift amount: 3

CDS archive(s) mapped at: [0x0000000000000000-0x0000000000000000-0x0000000000000000), size 0, SharedBaseAddress: 0x0000000800000000, ArchiveRelocationMode: 0.
Narrow klass base: 0x0000000000000000, Narrow klass shift: 0, Narrow klass range: 0x0

GC Precious Log:
<Empty>

Heap:
 garbage-first heap   total 0K, used 0K [0x0000000682400000, 0x0000000800000000)
  region size 4096K, 0 young (0K), 0 survivors (0K)

[error occurred during error reporting (printing heap information), id 0xc0000005, EXCEPTION_ACCESS_VIOLATION (0xc0000005) at pc=0x00007ff804b59f19]

GC Heap History (0 events):
No events

Deoptimization events (0 events):
No events

Classes unloaded (0 events):
No events

Classes redefined (0 events):
No events

Internal exceptions (0 events):
No events

VM Operations (0 events):
No events

Events (1 events):
Event: 0.430 Loaded shared library C:\Program Files\Java\jdk-17.0.2\bin\java.dll


Dynamic libraries:
0x00007ff617480000 - 0x00007ff617490000 	C:\Program Files\Java\jdk-17.0.2\bin\java.exe
0x00007ff8783b0000 - 0x00007ff8785c7000 	C:\WINDOWS\SYSTEM32\ntdll.dll
0x00007ff877860000 - 0x00007ff877924000 	C:\WINDOWS\System32\KERNEL32.DLL
0x00007ff875d20000 - 0x00007ff8760d7000 	C:\WINDOWS\System32\KERNELBASE.dll
0x00007ff870710000 - 0x00007ff8707a7000 	C:\WINDOWS\SYSTEM32\apphelp.dll
0x00007ff875c00000 - 0x00007ff875d11000 	C:\WINDOWS\System32\ucrtbase.dll
0x00007ff85fbe0000 - 0x00007ff85fbf8000 	C:\Program Files\Java\jdk-17.0.2\bin\jli.dll
0x00007ff876240000 - 0x00007ff8762f2000 	C:\WINDOWS\System32\ADVAPI32.dll
0x00007ff877950000 - 0x00007ff8779f7000 	C:\WINDOWS\System32\msvcrt.dll
0x00007ff877c50000 - 0x00007ff877cf8000 	C:\WINDOWS\System32\sechost.dll
0x00007ff8757d0000 - 0x00007ff8757f8000 	C:\WINDOWS\System32\bcrypt.dll
0x00007ff877220000 - 0x00007ff877334000 	C:\WINDOWS\System32\RPCRT4.dll
0x00007ff876300000 - 0x00007ff8764af000 	C:\WINDOWS\System32\USER32.dll
0x00007ff875ab0000 - 0x00007ff875ad6000 	C:\WINDOWS\System32\win32u.dll
0x00007ff877160000 - 0x00007ff877189000 	C:\WINDOWS\System32\GDI32.dll
0x00007ff875ae0000 - 0x00007ff875bf8000 	C:\WINDOWS\System32\gdi32full.dll
0x00007ff875730000 - 0x00007ff8757ca000 	C:\WINDOWS\System32\msvcp_win.dll
0x00007ff858b10000 - 0x00007ff858b2a000 	C:\Program Files\Java\jdk-17.0.2\bin\VCRUNTIME140.dll
0x00007ff860c30000 - 0x00007ff860ec3000 	C:\WINDOWS\WinSxS\amd64_microsoft.windows.common-controls_6595b64144ccf1df_6.0.22621.3672_none_2713b9d173822955\COMCTL32.dll
0x00007ff86e650000 - 0x00007ff86e65a000 	C:\WINDOWS\SYSTEM32\VERSION.dll
0x00007ff877340000 - 0x00007ff877371000 	C:\WINDOWS\System32\IMM32.DLL
0x00007ff86eb20000 - 0x00007ff86eb2c000 	C:\Program Files\Java\jdk-17.0.2\bin\vcruntime140_1.dll
0x00007ff805060000 - 0x00007ff8050ed000 	C:\Program Files\Java\jdk-17.0.2\bin\msvcp140.dll
0x00007ff804490000 - 0x00007ff805051000 	C:\Program Files\Java\jdk-17.0.2\bin\server\jvm.dll
0x00007ff877150000 - 0x00007ff877158000 	C:\WINDOWS\System32\PSAPI.DLL
0x00007ff86d7e0000 - 0x00007ff86d7e9000 	C:\WINDOWS\SYSTEM32\WSOCK32.dll
0x00007ff877a00000 - 0x00007ff877a71000 	C:\WINDOWS\System32\WS2_32.dll
0x00007ff86dd50000 - 0x00007ff86dd84000 	C:\WINDOWS\SYSTEM32\WINMM.dll
0x00007ff8747c0000 - 0x00007ff8747d8000 	C:\WINDOWS\SYSTEM32\kernel.appcore.dll
0x00007ff86a590000 - 0x00007ff86a59a000 	C:\Program Files\Java\jdk-17.0.2\bin\jimage.dll
0x00007ff872ec0000 - 0x00007ff8730f2000 	C:\WINDOWS\SYSTEM32\DBGHELP.DLL
0x00007ff877fd0000 - 0x00007ff87835e000 	C:\WINDOWS\System32\combase.dll
0x00007ff876510000 - 0x00007ff8765e7000 	C:\WINDOWS\System32\OLEAUT32.dll
0x00007ff860ee0000 - 0x00007ff860f12000 	C:\WINDOWS\SYSTEM32\dbgcore.DLL
0x00007ff875970000 - 0x00007ff8759eb000 	C:\WINDOWS\System32\bcryptPrimitives.dll
0x00007ff834200000 - 0x00007ff834225000 	C:\Program Files\Java\jdk-17.0.2\bin\java.dll

dbghelp: loaded successfully - version: 4.0.5 - missing functions: none
symbol engine: initialized successfully - sym options: 0x614 - pdb path: .;C:\Program Files\Java\jdk-17.0.2\bin;C:\WINDOWS\SYSTEM32;C:\WINDOWS\WinSxS\amd64_microsoft.windows.common-controls_6595b64144ccf1df_6.0.22621.3672_none_2713b9d173822955;C:\Program Files\Java\jdk-17.0.2\bin\server

VM Arguments:
jvm_args: -Dnet.bytebuddy.agent.attacher.dump= 
java_command: net.bytebuddy.agent.Attacher com.sun.tools.attach.VirtualMachine 25096 C:\Users\ousse\.m2\repository\net\bytebuddy\byte-buddy-agent\1.14.19\byte-buddy-agent-1.14.19.jar false 
java_class_path (initial): C:\Users\ousse\.m2\repository\net\bytebuddy\byte-buddy-agent\1.14.19\byte-buddy-agent-1.14.19.jar
Launcher Type: SUN_STANDARD

[Global flags]
     intx CICompilerCount                          = 4                                         {product} {ergonomic}
     uint ConcGCThreads                            = 2                                         {product} {ergonomic}
     uint G1ConcRefinementThreads                  = 8                                         {product} {ergonomic}
   size_t G1HeapRegionSize                         = 4194304                                   {product} {ergonomic}
    uintx GCDrainStackTargetSize                   = 64                                        {product} {ergonomic}
   size_t InitialHeapSize                          = 402653184                                 {product} {ergonomic}
   size_t MarkStackSize                            = 4194304                                   {product} {ergonomic}
   size_t MaxHeapSize                              = 6404702208                                {product} {ergonomic}
   size_t MinHeapDeltaBytes                        = 4194304                                   {product} {ergonomic}
   size_t MinHeapSize                              = 8388608                                   {product} {ergonomic}
    uintx NonNMethodCodeHeapSize                   = 5839372                                {pd product} {ergonomic}
    uintx NonProfiledCodeHeapSize                  = 122909434                              {pd product} {ergonomic}
    uintx ProfiledCodeHeapSize                     = 122909434                              {pd product} {ergonomic}
    uintx ReservedCodeCacheSize                    = 251658240                              {pd product} {ergonomic}
     bool SegmentedCodeCache                       = true                                      {product} {ergonomic}
   size_t SoftMaxHeapSize                          = 6404702208                             {manageable} {ergonomic}
     bool UseCompressedClassPointers               = true                           {product lp64_product} {ergonomic}
     bool UseCompressedOops                        = true                           {product lp64_product} {ergonomic}
     bool UseG1GC                                  = true                                      {product} {ergonomic}
     bool UseLargePagesIndividualAllocation        = false                                  {pd product} {ergonomic}

Logging:
Log output configuration:
 #0: stdout all=warning uptime,level,tags
 #1: stderr all=off uptime,level,tags

Environment Variables:
JAVA_HOME=C:\Program Files\Java\jdk-17.0.2
PATH=C:\Program Files (x86)\Razer Chroma SDK\bin;C:\Program Files\Razer Chroma SDK\bin;C:\Program Files (x86)\Razer\ChromaBroadcast\bin;C:\Program Files\Razer\ChromaBroadcast\bin;C:\WINDOWS\system32;C:\WINDOWS;C:\WINDOWS\System32\Wbem;C:\WINDOWS\System32\WindowsPowerShell\v1.0\;C:\WINDOWS\System32\OpenSSH\;C:\Program Files (x86)\NVIDIA Corporation\PhysX\Common;C:\Program Files\mingw64\bin;C:\Program Files\Java\jdk-17.0.2\bin;C:\Program Files\Java\jdk-11.0.14\bin;C:\Program Files (x86)\Common Files\Oracle\Java\javapath;C:\Program Files\Java\jdk1.8.0_202\bin;C:\Program Files\Java\jdk-18\bin;C:\Program Files\Java\jdk-15.0.2\bin\;C:\Program Files (x86)\dotnet\;D:\wamp64\bin\php\php8.1.0;C:\Users\ousse\AppData\Roaming\Composer\vendor\bin;D:\wamp64\bin\mysql\mysql8.0.27\bin;C:\ProgramData\ComposerSetup\bin;C:\Users\ousse\AppData\Roaming\npm\node_modules\@angular\cli;C:\Users\ousse\AppData\Roaming\npm;C:\ProgramData\chocolatey\bin;C:\Program Files\leJOS EV3\bin;C:\Program Files\apache-maven-3.8.5-bin\apache-maven-3.8.5\bin;C:\Windows\System32\;C:\Program Files\Amazon\AWSCLIV2\;C:\Program Files\PuTTY\;C:\WINDOWS\system32\config\systemprofile\AppData\Local\Microsoft\WindowsApps;D:\Program Files\Kubernetes\Minikube;C:\Program Files\Git\cmd;C:\Users\ousse\AppData\Local\Coursier\data\bin;C:\Program Files (x86)\Microsoft SQL Server\160\Tools\Binn\;C:\Program Files\Microsoft SQL Server\160\Tools\Binn\;C:\Program Files\Microsoft SQL Server\Client SDK\ODBC\170\Tools\Binn\;C:\Program Files\Microsoft SQL Server\160\DTS\Binn\;C:\Users\ousse\AppData\Local\Programs\Python\Python312\;C:\Users\ousse\AppData\Local\Programs\Python\Python312\Scripts\;C:\Users\ousse\AppData\Local\Packages\PythonSoftwareFoundation.Python.3.12_qbz5n2kfra8p0\LocalCache\local-packages\Python312\Scripts;C:\Program Files\WireGuard\;C:\ProgramData\nvm;C:\Program Files\nodejs;C:\WINDOWS\system32;C:\WINDOWS;C:\WINDOWS\System32\Wbem;C:\WINDOWS\System32\WindowsPowerShell\v1.0\;C:\WINDOWS\System32\OpenSSH\;C:\Program Files\
USERNAME=ousseini
OS=Windows_NT
PROCESSOR_IDENTIFIER=Intel64 Family 6 Model 142 Stepping 11, GenuineIntel



---------------  S Y S T E M  ---------------

OS:
 Windows 11 , 64 bit Build 22621 (10.0.22621.3958)
OS uptime: 0 days 9:51 hours
Hyper-V role detected

CPU: total 8 (initial active 8) (4 cores per cpu, 2 threads per core) family 6 model 142 stepping 11 microcode 0xf0, cx8, cmov, fxsr, ht, mmx, 3dnowpref, sse, sse2, sse3, ssse3, sse4.1, sse4.2, popcnt, lzcnt, tsc, tscinvbit, avx, avx2, aes, erms, clmul, bmi1, bmi2, adx, fma, vzeroupper, clflush, clflushopt, hv

Memory: 4k page, system-wide physical 24420M (3484M free)
TotalPageFile size 32612M (AvailPageFile size 347M)
current process WorkingSet (physical memory assigned to process): 12M, peak: 12M
current process commit charge ("private bytes"): 60M, peak: 444M

vm_info: Java HotSpot(TM) 64-Bit Server VM (17.0.2+8-LTS-86) for windows-amd64 JRE (17.0.2+8-LTS-86), built on Dec  7 2021 21:51:03 by "mach5one" with MS VC++ 16.8 / 16.9 (VS2019)

END.
